#
# There is insufficient memory for the Java Runtime Environment to continue.
# Native memory allocation (malloc) failed to allocate 1555376 bytes. Error detail: Chunk::new
# Possible reasons:
#   The system is out of physical RAM or swap space
#   This process is running with CompressedOops enabled, and the Java Heap may be blocking the growth of the native heap
# Possible solutions:
#   Reduce memory load on the system
#   Increase physical memory or swap space
#   Check if swap backing store is full
#   Decrease Java heap size (-Xmx/-Xms)
#   Decrease number of Java threads
#   Decrease Java thread stack sizes (-Xss)
#   Set larger code cache with -XX:ReservedCodeCacheSize=
#   JVM is running with Unscaled Compressed Oops mode in which the Java heap is
#     placed in the first 4GB address space. The Java Heap base address is the
#     maximum limit for the native heap growth. Please use -XX:HeapBaseMinAddress
#     to set the Java Heap base and to place the Java Heap above 4GB virtual address.
# This output file may be truncated or incomplete.
#
#  Out of Memory Error (arena.cpp:168), pid=24088, tid=8156
#
# JRE version: OpenJDK Runtime Environment Temurin-21.0.9+10 (21.0.9+10) (build 21.0.9+10-LTS)
# Java VM: OpenJDK 64-Bit Server VM Temurin-21.0.9+10 (21.0.9+10-LTS, mixed mode, sharing, tiered, compressed oops, compressed class ptrs, parallel gc, windows-amd64)
# No core dump will be written. Minidumps are not enabled by default on client versions of Windows
#

---------------  S U M M A R Y ------------

Command Line: --add-modules=ALL-SYSTEM --add-opens=java.base/java.util=ALL-UNNAMED --add-opens=java.base/java.lang=ALL-UNNAMED --add-opens=java.base/sun.nio.fs=ALL-UNNAMED -Declipse.application=org.eclipse.jdt.ls.core.id1 -Dosgi.bundles.defaultStartLevel=4 -Declipse.product=org.eclipse.jdt.ls.core.product -Djava.import.generatesMetadataFilesAtProjectRoot=false -DDetectVMInstallationsJob.disabled=true -Dfile.encoding=utf8 -XX:+UseParallelGC -XX:GCTimeRatio=4 -XX:AdaptiveSizePolicyWeight=90 -Dsun.zip.disableMemoryMapping=true -Xmx2G -Xms100m -Xlog:disable -javaagent:c:\Users\Badboy\.cursor\extensions\redhat.java-1.50.0-win32-x64\lombok\lombok-1.18.39-4050.jar c:\Users\Badboy\.cursor\extensions\redhat.java-1.50.0-win32-x64\server\plugins\org.eclipse.equinox.launcher_1.7.100.v20251111-0406.jar -configuration c:\Users\Badboy\AppData\Roaming\Cursor\User\globalStorage\redhat.java\1.50.0\config_ss_win -data c:\Users\Badboy\AppData\Roaming\Cursor\User\workspaceStorage\7867d043fd845f3da9fa8aaaa6adf8fa\redhat.java\ss_ws --pipe=\\.\pipe\lsp-819c8d1061a8365ccc2b9d3c30053c5a-sock

Host: AMD Ryzen 5 3600 6-Core Processor              , 12 cores, 15G,  Windows 10 , 64 bit Build 19041 (10.0.19041.5915)
Time: Sun Dec  7 13:20:50 2025 FLE Standard Time elapsed time: 2.828717 seconds (0d 0h 0m 2s)

---------------  T H R E A D  ---------------

Current thread (0x0000019a3133bf40):  JavaThread "C2 CompilerThread0" daemon [_thread_in_native, id=8156, stack(0x0000007130d00000,0x0000007130e00000) (1024K)]


Current CompileTask:
C2:2828 2734       4       org.lombokweb.asm.ClassReader::readMethod (1070 bytes)

Stack: [0x0000007130d00000,0x0000007130e00000]
Native frames: (J=compiled Java code, j=interpreted, Vv=VM code, C=native code)
V  [jvm.dll+0x6d6e29]
V  [jvm.dll+0x8b4b76]
V  [jvm.dll+0x8b712e]
V  [jvm.dll+0x8b7813]
V  [jvm.dll+0x283d86]
V  [jvm.dll+0xc66ed]
V  [jvm.dll+0xc6c31]
V  [jvm.dll+0x3be501]
V  [jvm.dll+0x38ab92]
V  [jvm.dll+0x389fda]
V  [jvm.dll+0x24bfa0]
V  [jvm.dll+0x24b580]
V  [jvm.dll+0x1cb13e]
V  [jvm.dll+0x25b29d]
V  [jvm.dll+0x25982a]
V  [jvm.dll+0x3f7ea6]
V  [jvm.dll+0x85e9ad]
V  [jvm.dll+0x6d565d]
C  [ucrtbase.dll+0x21bb2]
C  [KERNEL32.DLL+0x17374]
C  [ntdll.dll+0x4cc91]


---------------  P R O C E S S  ---------------

Threads class SMR info:
_java_thread_list=0x0000019a7942f9d0, length=20, elements={
0x0000019a1a884950, 0x0000019a31330470, 0x0000019a313320c0, 0x0000019a31336980,
0x0000019a313375d0, 0x0000019a3133a030, 0x0000019a3133ad00, 0x0000019a3133bf40,
0x0000019a742564c0, 0x0000019a743ef150, 0x0000019a7443d2e0, 0x0000019a7457dc70,
0x0000019a7901ff90, 0x0000019a7907f4c0, 0x0000019a74e01cd0, 0x0000019a74e1d0e0,
0x0000019a791941c0, 0x0000019a7945a290, 0x0000019a7967c0c0, 0x0000019a79463cc0
}

Java Threads: ( => current thread )
  0x0000019a1a884950 JavaThread "main"                              [_thread_blocked, id=29248, stack(0x0000007130200000,0x0000007130300000) (1024K)]
  0x0000019a31330470 JavaThread "Reference Handler"          daemon [_thread_blocked, id=12824, stack(0x0000007130700000,0x0000007130800000) (1024K)]
  0x0000019a313320c0 JavaThread "Finalizer"                  daemon [_thread_blocked, id=6216, stack(0x0000007130800000,0x0000007130900000) (1024K)]
  0x0000019a31336980 JavaThread "Signal Dispatcher"          daemon [_thread_blocked, id=176, stack(0x0000007130900000,0x0000007130a00000) (1024K)]
  0x0000019a313375d0 JavaThread "Attach Listener"            daemon [_thread_blocked, id=25760, stack(0x0000007130a00000,0x0000007130b00000) (1024K)]
  0x0000019a3133a030 JavaThread "Service Thread"             daemon [_thread_blocked, id=13748, stack(0x0000007130b00000,0x0000007130c00000) (1024K)]
  0x0000019a3133ad00 JavaThread "Monitor Deflation Thread"   daemon [_thread_blocked, id=26296, stack(0x0000007130c00000,0x0000007130d00000) (1024K)]
=>0x0000019a3133bf40 JavaThread "C2 CompilerThread0"         daemon [_thread_in_native, id=8156, stack(0x0000007130d00000,0x0000007130e00000) (1024K)]
  0x0000019a742564c0 JavaThread "C1 CompilerThread0"         daemon [_thread_in_native, id=24872, stack(0x0000007130e00000,0x0000007130f00000) (1024K)]
  0x0000019a743ef150 JavaThread "C2 CompilerThread1"         daemon [_thread_in_native, id=1760, stack(0x0000007130f00000,0x0000007131000000) (1024K)]
  0x0000019a7443d2e0 JavaThread "Common-Cleaner"             daemon [_thread_blocked, id=12556, stack(0x0000007131000000,0x0000007131100000) (1024K)]
  0x0000019a7457dc70 JavaThread "Notification Thread"        daemon [_thread_blocked, id=26844, stack(0x0000007131100000,0x0000007131200000) (1024K)]
  0x0000019a7901ff90 JavaThread "Active Thread: Equinox Container: 28b233c8-e496-4f00-9ef6-c969e4b3a64e"        [_thread_blocked, id=5600, stack(0x0000007131900000,0x0000007131a00000) (1024K)]
  0x0000019a7907f4c0 JavaThread "Framework Event Dispatcher: Equinox Container: 28b233c8-e496-4f00-9ef6-c969e4b3a64e" daemon [_thread_blocked, id=19592, stack(0x0000007131a00000,0x0000007131b00000) (1024K)]
  0x0000019a74e01cd0 JavaThread "Start Level: Equinox Container: 28b233c8-e496-4f00-9ef6-c969e4b3a64e" daemon [_thread_in_vm, id=21268, stack(0x0000007131b00000,0x0000007131c00000) (1024K)]
  0x0000019a74e1d0e0 JavaThread "SCR Component Actor"        daemon [_thread_blocked, id=2292, stack(0x0000007131200000,0x0000007131300000) (1024K)]
  0x0000019a791941c0 JavaThread "Worker-JM"                         [_thread_blocked, id=19084, stack(0x0000007131d00000,0x0000007131e00000) (1024K)]
  0x0000019a7945a290 JavaThread "JNA Cleaner"                daemon [_thread_blocked, id=17820, stack(0x0000007132000000,0x0000007132100000) (1024K)]
  0x0000019a7967c0c0 JavaThread "Worker-0"                          [_thread_blocked, id=29148, stack(0x0000007132100000,0x0000007132200000) (1024K)]
  0x0000019a79463cc0 JavaThread "Worker-1"                          [_thread_blocked, id=516, stack(0x0000007132200000,0x0000007132300000) (1024K)]
Total: 20

Other Threads:
  0x0000019a1a9429a0 VMThread "VM Thread"                           [id=22316, stack(0x0000007130500000,0x0000007130600000) (1024K)]
  0x0000019a1a8edea0 WatcherThread "VM Periodic Task Thread"        [id=22360, stack(0x0000007130400000,0x0000007130500000) (1024K)]
  0x0000019a1a8a24a0 WorkerThread "GC Thread#0"                     [id=1856, stack(0x0000007130300000,0x0000007130400000) (1024K)]
  0x0000019a74d265a0 WorkerThread "GC Thread#1"                     [id=10056, stack(0x0000007131300000,0x0000007131400000) (1024K)]
  0x0000019a74985290 WorkerThread "GC Thread#2"                     [id=25076, stack(0x0000007131400000,0x0000007131500000) (1024K)]
  0x0000019a74cc0b70 WorkerThread "GC Thread#3"                     [id=2448, stack(0x0000007131500000,0x0000007131600000) (1024K)]
  0x0000019a74cc0f10 WorkerThread "GC Thread#4"                     [id=13468, stack(0x0000007131600000,0x0000007131700000) (1024K)]
  0x0000019a7495a840 WorkerThread "GC Thread#5"                     [id=6644, stack(0x0000007131700000,0x0000007131800000) (1024K)]
  0x0000019a7495abe0 WorkerThread "GC Thread#6"                     [id=3972, stack(0x0000007131800000,0x0000007131900000) (1024K)]
  0x0000019a74aa18d0 WorkerThread "GC Thread#7"                     [id=11796, stack(0x0000007131c00000,0x0000007131d00000) (1024K)]
  0x0000019a7935cf60 WorkerThread "GC Thread#8"                     [id=14516, stack(0x0000007131e00000,0x0000007131f00000) (1024K)]
  0x0000019a793ea710 WorkerThread "GC Thread#9"                     [id=14512, stack(0x0000007131f00000,0x0000007132000000) (1024K)]
Total: 12

Threads with active compile tasks:
C2 CompilerThread0  2851 2734       4       org.lombokweb.asm.ClassReader::readMethod (1070 bytes)
C2 CompilerThread1  2851 2822       4       jdk.internal.module.SystemModuleFinders$SystemModuleReader::containsImageLocation (42 bytes)
Total: 2

VM state: not at safepoint (normal execution)

VM Mutex/Monitor currently owned by a thread: None

Heap address: 0x0000000080000000, size: 2048 MB, Compressed Oops mode: 32-bit

CDS archive(s) mapped at: [0x0000019a32000000-0x0000019a32ba0000-0x0000019a32ba0000), size 12189696, SharedBaseAddress: 0x0000019a32000000, ArchiveRelocationMode: 1.
Compressed class space mapped at: 0x0000019a33000000-0x0000019a73000000, reserved size: 1073741824
Narrow klass base: 0x0000019a32000000, Narrow klass shift: 0, Narrow klass range: 0x100000000

GC Precious Log:
 CardTable entry size: 512
 CPUs: 12 total, 12 available
 Memory: 16333M
 Large Page Support: Disabled
 NUMA Support: Disabled
 Compressed Oops: Enabled (32-bit)
 Alignments: Space 512K, Generation 512K, Heap 2M
 Heap Min Capacity: 100M
 Heap Initial Capacity: 100M
 Heap Max Capacity: 2G
 Pre-touch: Disabled
 Parallel Workers: 10

Heap:
 PSYoungGen      total 29696K, used 23289K [0x00000000d5580000, 0x00000000d7780000, 0x0000000100000000)
  eden space 25088K, 92% used [0x00000000d5580000,0x00000000d6c3e708,0x00000000d6e00000)
  from space 4608K, 0% used [0x00000000d7300000,0x00000000d7300000,0x00000000d7780000)
  to   space 4608K, 0% used [0x00000000d6e80000,0x00000000d6e80000,0x00000000d7300000)
 ParOldGen       total 68608K, used 8658K [0x0000000080000000, 0x0000000084300000, 0x00000000d5580000)
  object space 68608K, 12% used [0x0000000080000000,0x0000000080874a18,0x0000000084300000)
 Metaspace       used 22800K, committed 23488K, reserved 1114112K
  class space    used 2209K, committed 2560K, reserved 1048576K

Card table byte_map: [0x0000019a1a230000,0x0000019a1a640000] _byte_map_base: 0x0000019a19e30000

Marking Bits: (ParMarkBitMap*) 0x00007fff22092460
 Begin Bits: [0x0000019a2cd40000, 0x0000019a2ed40000)
 End Bits:   [0x0000019a2ed40000, 0x0000019a30d40000)

Polling page: 0x0000019a18760000

Metaspace:

Usage:
  Non-class:     20.11 MB used.
      Class:      2.16 MB used.
       Both:     22.27 MB used.

Virtual space:
  Non-class space:       64.00 MB reserved,      20.44 MB ( 32%) committed,  1 nodes.
      Class space:        1.00 GB reserved,       2.50 MB ( <1%) committed,  1 nodes.
             Both:        1.06 GB reserved,      22.94 MB (  2%) committed. 

Chunk freelists:
   Non-Class:  11.50 MB
       Class:  13.53 MB
        Both:  25.03 MB

MaxMetaspaceSize: unlimited
CompressedClassSpaceSize: 1.00 GB
Initial GC threshold: 21.00 MB
Current GC threshold: 35.00 MB
CDS: on
 - commit_granule_bytes: 65536.
 - commit_granule_words: 8192.
 - virtual_space_node_default_size: 8388608.
 - enlarge_chunks_in_place: 1.
 - use_allocation_guard: 0.


Internal statistics:

num_allocs_failed_limit: 3.
num_arena_births: 512.
num_arena_deaths: 14.
num_vsnodes_births: 2.
num_vsnodes_deaths: 0.
num_space_committed: 368.
num_space_uncommitted: 0.
num_chunks_returned_to_freelist: 17.
num_chunks_taken_from_freelist: 1375.
num_chunk_merges: 9.
num_chunk_splits: 893.
num_chunks_enlarged: 582.
num_inconsistent_stats: 0.

CodeHeap 'non-profiled nmethods': size=120000Kb used=1291Kb max_used=1291Kb free=118708Kb
 bounds [0x0000019a25560000, 0x0000019a257d0000, 0x0000019a2ca90000]
CodeHeap 'profiled nmethods': size=120000Kb used=5704Kb max_used=5704Kb free=114295Kb
 bounds [0x0000019a1da90000, 0x0000019a1e030000, 0x0000019a24fc0000]
CodeHeap 'non-nmethods': size=5760Kb used=1320Kb max_used=1339Kb free=4439Kb
 bounds [0x0000019a24fc0000, 0x0000019a25230000, 0x0000019a25560000]
CodeCache: size=245760Kb, used=8315Kb, max_used=8334Kb, free=237442Kb
 total_blobs=3455, nmethods=2849, adapters=512, full_count=0
Compilation: enabled, stopped_count=0, restarted_count=0

Compilation events (20 events):
Event: 2.826 Thread 0x0000019a742564c0 2827       3       java.lang.invoke.DirectMethodHandle::staticBase (8 bytes)
Event: 2.826 Thread 0x0000019a742564c0 nmethod 2827 0x0000019a1e014510 code [0x0000019a1e0146c0, 0x0000019a1e0148a8]
Event: 2.826 Thread 0x0000019a742564c0 2828       3       java.lang.invoke.DirectMethodHandle::staticOffset (8 bytes)
Event: 2.826 Thread 0x0000019a742564c0 nmethod 2828 0x0000019a1e014990 code [0x0000019a1e014b40, 0x0000019a1e014d30]
Event: 2.826 Thread 0x0000019a742564c0 2829       3       java.lang.invoke.DirectMethodHandle$StaticAccessor::checkCast (9 bytes)
Event: 2.826 Thread 0x0000019a742564c0 nmethod 2829 0x0000019a1e014e10 code [0x0000019a1e014fe0, 0x0000019a1e0152e8]
Event: 2.826 Thread 0x0000019a742564c0 2833       3       java.util.ResourceBundle::getString (9 bytes)
Event: 2.826 Thread 0x0000019a742564c0 nmethod 2833 0x0000019a1e015410 code [0x0000019a1e0155c0, 0x0000019a1e0157e8]
Event: 2.826 Thread 0x0000019a742564c0 2834       3       java.lang.invoke.DirectMethodHandle$StaticAccessor::viewAsType (49 bytes)
Event: 2.826 Thread 0x0000019a742564c0 nmethod 2834 0x0000019a1e015890 code [0x0000019a1e015a40, 0x0000019a1e015c18]
Event: 2.826 Thread 0x0000019a742564c0 2835       3       java.lang.invoke.LambdaForm$MH/0x0000019a33118000::invoke (35 bytes)
Event: 2.826 Thread 0x0000019a742564c0 nmethod 2835 0x0000019a1e015d10 code [0x0000019a1e015f00, 0x0000019a1e0164d8]
Event: 2.826 Thread 0x0000019a742564c0 2836       3       java.lang.invoke.DirectMethodHandle::ensureInitialized (8 bytes)
Event: 2.827 Thread 0x0000019a742564c0 nmethod 2836 0x0000019a1e016690 code [0x0000019a1e0168e0, 0x0000019a1e017178]
Event: 2.827 Thread 0x0000019a742564c0 2838       3       java.lang.invoke.MethodHandle::isSafeToCache (14 bytes)
Event: 2.827 Thread 0x0000019a742564c0 nmethod 2838 0x0000019a1e017490 code [0x0000019a1e017640, 0x0000019a1e0177b8]
Event: 2.827 Thread 0x0000019a742564c0 2839       3       java.lang.invoke.MethodHandle::setAsTypeCache (33 bytes)
Event: 2.827 Thread 0x0000019a742564c0 nmethod 2839 0x0000019a1e017890 code [0x0000019a1e017a80, 0x0000019a1e017f70]
Event: 2.827 Thread 0x0000019a742564c0 2837       3       java.lang.invoke.DirectMethodHandle::ensureInitialized (23 bytes)
Event: 2.827 Thread 0x0000019a742564c0 nmethod 2837 0x0000019a1e018190 code [0x0000019a1e0183c0, 0x0000019a1e018b20]

GC Heap History (14 events):
Event: 0.751 GC heap before
{Heap before GC invocations=1 (full 0):
 PSYoungGen      total 29696K, used 25600K [0x00000000d5580000, 0x00000000d7680000, 0x0000000100000000)
  eden space 25600K, 100% used [0x00000000d5580000,0x00000000d6e80000,0x00000000d6e80000)
  from space 4096K, 0% used [0x00000000d7280000,0x00000000d7280000,0x00000000d7680000)
  to   space 4096K, 0% used [0x00000000d6e80000,0x00000000d6e80000,0x00000000d7280000)
 ParOldGen       total 68608K, used 0K [0x0000000080000000, 0x0000000084300000, 0x00000000d5580000)
  object space 68608K, 0% used [0x0000000080000000,0x0000000080000000,0x0000000084300000)
 Metaspace       used 4352K, committed 4608K, reserved 1114112K
  class space    used 473K, committed 576K, reserved 1048576K
}
Event: 0.791 GC heap after
{Heap after GC invocations=1 (full 0):
 PSYoungGen      total 29696K, used 3280K [0x00000000d5580000, 0x00000000d7680000, 0x0000000100000000)
  eden space 25600K, 0% used [0x00000000d5580000,0x00000000d5580000,0x00000000d6e80000)
  from space 4096K, 80% used [0x00000000d6e80000,0x00000000d71b4148,0x00000000d7280000)
  to   space 4096K, 0% used [0x00000000d7280000,0x00000000d7280000,0x00000000d7680000)
 ParOldGen       total 68608K, used 0K [0x0000000080000000, 0x0000000084300000, 0x00000000d5580000)
  object space 68608K, 0% used [0x0000000080000000,0x0000000080000000,0x0000000084300000)
 Metaspace       used 4352K, committed 4608K, reserved 1114112K
  class space    used 473K, committed 576K, reserved 1048576K
}
Event: 1.456 GC heap before
{Heap before GC invocations=2 (full 0):
 PSYoungGen      total 29696K, used 28880K [0x00000000d5580000, 0x00000000d7680000, 0x0000000100000000)
  eden space 25600K, 100% used [0x00000000d5580000,0x00000000d6e80000,0x00000000d6e80000)
  from space 4096K, 80% used [0x00000000d6e80000,0x00000000d71b4148,0x00000000d7280000)
  to   space 4096K, 0% used [0x00000000d7280000,0x00000000d7280000,0x00000000d7680000)
 ParOldGen       total 68608K, used 0K [0x0000000080000000, 0x0000000084300000, 0x00000000d5580000)
  object space 68608K, 0% used [0x0000000080000000,0x0000000080000000,0x0000000084300000)
 Metaspace       used 8303K, committed 8576K, reserved 1114112K
  class space    used 882K, committed 1024K, reserved 1048576K
}
Event: 1.462 GC heap after
{Heap after GC invocations=2 (full 0):
 PSYoungGen      total 29696K, used 4075K [0x00000000d5580000, 0x00000000d7680000, 0x0000000100000000)
  eden space 25600K, 0% used [0x00000000d5580000,0x00000000d5580000,0x00000000d6e80000)
  from space 4096K, 99% used [0x00000000d7280000,0x00000000d767aff8,0x00000000d7680000)
  to   space 4096K, 0% used [0x00000000d6e80000,0x00000000d6e80000,0x00000000d7280000)
 ParOldGen       total 68608K, used 933K [0x0000000080000000, 0x0000000084300000, 0x00000000d5580000)
  object space 68608K, 1% used [0x0000000080000000,0x00000000800e96a8,0x0000000084300000)
 Metaspace       used 8303K, committed 8576K, reserved 1114112K
  class space    used 882K, committed 1024K, reserved 1048576K
}
Event: 1.930 GC heap before
{Heap before GC invocations=3 (full 0):
 PSYoungGen      total 29696K, used 29618K [0x00000000d5580000, 0x00000000d7680000, 0x0000000100000000)
  eden space 25600K, 99% used [0x00000000d5580000,0x00000000d6e71bc8,0x00000000d6e80000)
  from space 4096K, 99% used [0x00000000d7280000,0x00000000d767aff8,0x00000000d7680000)
  to   space 4096K, 0% used [0x00000000d6e80000,0x00000000d6e80000,0x00000000d7280000)
 ParOldGen       total 68608K, used 933K [0x0000000080000000, 0x0000000084300000, 0x00000000d5580000)
  object space 68608K, 1% used [0x0000000080000000,0x00000000800e96a8,0x0000000084300000)
 Metaspace       used 13063K, committed 13632K, reserved 1114112K
  class space    used 1386K, committed 1664K, reserved 1048576K
}
Event: 1.936 GC heap after
{Heap after GC invocations=3 (full 0):
 PSYoungGen      total 29696K, used 4079K [0x00000000d5580000, 0x00000000d7680000, 0x0000000100000000)
  eden space 25600K, 0% used [0x00000000d5580000,0x00000000d5580000,0x00000000d6e80000)
  from space 4096K, 99% used [0x00000000d6e80000,0x00000000d727bf08,0x00000000d7280000)
  to   space 4096K, 0% used [0x00000000d7280000,0x00000000d7280000,0x00000000d7680000)
 ParOldGen       total 68608K, used 2792K [0x0000000080000000, 0x0000000084300000, 0x00000000d5580000)
  object space 68608K, 4% used [0x0000000080000000,0x00000000802ba208,0x0000000084300000)
 Metaspace       used 13063K, committed 13632K, reserved 1114112K
  class space    used 1386K, committed 1664K, reserved 1048576K
}
Event: 2.388 GC heap before
{Heap before GC invocations=4 (full 0):
 PSYoungGen      total 29696K, used 29663K [0x00000000d5580000, 0x00000000d7680000, 0x0000000100000000)
  eden space 25600K, 99% used [0x00000000d5580000,0x00000000d6e7bf30,0x00000000d6e80000)
  from space 4096K, 99% used [0x00000000d6e80000,0x00000000d727bf08,0x00000000d7280000)
  to   space 4096K, 0% used [0x00000000d7280000,0x00000000d7280000,0x00000000d7680000)
 ParOldGen       total 68608K, used 2792K [0x0000000080000000, 0x0000000084300000, 0x00000000d5580000)
  object space 68608K, 4% used [0x0000000080000000,0x00000000802ba208,0x0000000084300000)
 Metaspace       used 17216K, committed 17920K, reserved 1114112K
  class space    used 1809K, committed 2112K, reserved 1048576K
}
Event: 2.393 GC heap after
{Heap after GC invocations=4 (full 0):
 PSYoungGen      total 29696K, used 4075K [0x00000000d5580000, 0x00000000d7680000, 0x0000000100000000)
  eden space 25600K, 0% used [0x00000000d5580000,0x00000000d5580000,0x00000000d6e80000)
  from space 4096K, 99% used [0x00000000d7280000,0x00000000d767ae98,0x00000000d7680000)
  to   space 4096K, 0% used [0x00000000d6e80000,0x00000000d6e80000,0x00000000d7280000)
 ParOldGen       total 68608K, used 4370K [0x0000000080000000, 0x0000000084300000, 0x00000000d5580000)
  object space 68608K, 6% used [0x0000000080000000,0x0000000080444900,0x0000000084300000)
 Metaspace       used 17216K, committed 17920K, reserved 1114112K
  class space    used 1809K, committed 2112K, reserved 1048576K
}
Event: 2.618 GC heap before
{Heap before GC invocations=5 (full 0):
 PSYoungGen      total 29696K, used 29675K [0x00000000d5580000, 0x00000000d7680000, 0x0000000100000000)
  eden space 25600K, 100% used [0x00000000d5580000,0x00000000d6e80000,0x00000000d6e80000)
  from space 4096K, 99% used [0x00000000d7280000,0x00000000d767ae98,0x00000000d7680000)
  to   space 4096K, 0% used [0x00000000d6e80000,0x00000000d6e80000,0x00000000d7280000)
 ParOldGen       total 68608K, used 4370K [0x0000000080000000, 0x0000000084300000, 0x00000000d5580000)
  object space 68608K, 6% used [0x0000000080000000,0x0000000080444900,0x0000000084300000)
 Metaspace       used 20451K, committed 21184K, reserved 1114112K
  class space    used 2033K, committed 2368K, reserved 1048576K
}
Event: 2.624 GC heap after
{Heap after GC invocations=5 (full 0):
 PSYoungGen      total 29184K, used 4093K [0x00000000d5580000, 0x00000000d7800000, 0x0000000100000000)
  eden space 25088K, 0% used [0x00000000d5580000,0x00000000d5580000,0x00000000d6e00000)
  from space 4096K, 99% used [0x00000000d6e80000,0x00000000d727f608,0x00000000d7280000)
  to   space 5120K, 0% used [0x00000000d7300000,0x00000000d7300000,0x00000000d7800000)
 ParOldGen       total 68608K, used 4546K [0x0000000080000000, 0x0000000084300000, 0x00000000d5580000)
  object space 68608K, 6% used [0x0000000080000000,0x0000000080470910,0x0000000084300000)
 Metaspace       used 20451K, committed 21184K, reserved 1114112K
  class space    used 2033K, committed 2368K, reserved 1048576K
}
Event: 2.644 GC heap before
{Heap before GC invocations=6 (full 0):
 PSYoungGen      total 29184K, used 9369K [0x00000000d5580000, 0x00000000d7800000, 0x0000000100000000)
  eden space 25088K, 21% used [0x00000000d5580000,0x00000000d5aa7080,0x00000000d6e00000)
  from space 4096K, 99% used [0x00000000d6e80000,0x00000000d727f608,0x00000000d7280000)
  to   space 5120K, 0% used [0x00000000d7300000,0x00000000d7300000,0x00000000d7800000)
 ParOldGen       total 68608K, used 4546K [0x0000000080000000, 0x0000000084300000, 0x00000000d5580000)
  object space 68608K, 6% used [0x0000000080000000,0x0000000080470910,0x0000000084300000)
 Metaspace       used 20850K, committed 21504K, reserved 1114112K
  class space    used 2057K, committed 2368K, reserved 1048576K
}
Event: 2.647 GC heap after
{Heap after GC invocations=6 (full 0):
 PSYoungGen      total 29696K, used 4518K [0x00000000d5580000, 0x00000000d7780000, 0x0000000100000000)
  eden space 25088K, 0% used [0x00000000d5580000,0x00000000d5580000,0x00000000d6e00000)
  from space 4608K, 98% used [0x00000000d7300000,0x00000000d77699c0,0x00000000d7780000)
  to   space 4608K, 0% used [0x00000000d6e80000,0x00000000d6e80000,0x00000000d7300000)
 ParOldGen       total 68608K, used 4554K [0x0000000080000000, 0x0000000084300000, 0x00000000d5580000)
  object space 68608K, 6% used [0x0000000080000000,0x0000000080472910,0x0000000084300000)
 Metaspace       used 20850K, committed 21504K, reserved 1114112K
  class space    used 2057K, committed 2368K, reserved 1048576K
}
Event: 2.647 GC heap before
{Heap before GC invocations=7 (full 1):
 PSYoungGen      total 29696K, used 4518K [0x00000000d5580000, 0x00000000d7780000, 0x0000000100000000)
  eden space 25088K, 0% used [0x00000000d5580000,0x00000000d5580000,0x00000000d6e00000)
  from space 4608K, 98% used [0x00000000d7300000,0x00000000d77699c0,0x00000000d7780000)
  to   space 4608K, 0% used [0x00000000d6e80000,0x00000000d6e80000,0x00000000d7300000)
 ParOldGen       total 68608K, used 4554K [0x0000000080000000, 0x0000000084300000, 0x00000000d5580000)
  object space 68608K, 6% used [0x0000000080000000,0x0000000080472910,0x0000000084300000)
 Metaspace       used 20850K, committed 21504K, reserved 1114112K
  class space    used 2057K, committed 2368K, reserved 1048576K
}
Event: 2.668 GC heap after
{Heap after GC invocations=7 (full 1):
 PSYoungGen      total 29696K, used 0K [0x00000000d5580000, 0x00000000d7780000, 0x0000000100000000)
  eden space 25088K, 0% used [0x00000000d5580000,0x00000000d5580000,0x00000000d6e00000)
  from space 4608K, 0% used [0x00000000d7300000,0x00000000d7300000,0x00000000d7780000)
  to   space 4608K, 0% used [0x00000000d6e80000,0x00000000d6e80000,0x00000000d7300000)
 ParOldGen       total 68608K, used 8658K [0x0000000080000000, 0x0000000084300000, 0x00000000d5580000)
  object space 68608K, 12% used [0x0000000080000000,0x0000000080874a18,0x0000000084300000)
 Metaspace       used 20837K, committed 21504K, reserved 1114112K
  class space    used 2053K, committed 2368K, reserved 1048576K
}

Dll operation events (10 events):
Event: 0.008 Loaded shared library c:\Users\Badboy\.cursor\extensions\redhat.java-1.50.0-win32-x64\jre\21.0.9-win32-x86_64\bin\java.dll
Event: 0.073 Loaded shared library c:\Users\Badboy\.cursor\extensions\redhat.java-1.50.0-win32-x64\jre\21.0.9-win32-x86_64\bin\zip.dll
Event: 0.089 Loaded shared library C:\Users\Badboy\.cursor\extensions\redhat.java-1.50.0-win32-x64\jre\21.0.9-win32-x86_64\bin\instrument.dll
Event: 0.095 Loaded shared library C:\Users\Badboy\.cursor\extensions\redhat.java-1.50.0-win32-x64\jre\21.0.9-win32-x86_64\bin\net.dll
Event: 0.097 Loaded shared library C:\Users\Badboy\.cursor\extensions\redhat.java-1.50.0-win32-x64\jre\21.0.9-win32-x86_64\bin\nio.dll
Event: 0.100 Loaded shared library C:\Users\Badboy\.cursor\extensions\redhat.java-1.50.0-win32-x64\jre\21.0.9-win32-x86_64\bin\zip.dll
Event: 0.115 Loaded shared library C:\Users\Badboy\.cursor\extensions\redhat.java-1.50.0-win32-x64\jre\21.0.9-win32-x86_64\bin\jimage.dll
Event: 0.172 Loaded shared library c:\Users\Badboy\.cursor\extensions\redhat.java-1.50.0-win32-x64\jre\21.0.9-win32-x86_64\bin\verify.dll
Event: 1.427 Loaded shared library C:\Users\Badboy\AppData\Roaming\Cursor\User\globalStorage\redhat.java\1.50.0\config_ss_win\org.eclipse.equinox.launcher\org.eclipse.equinox.launcher.win32.win32.x86_64_1.2.1400.v20250801-0854\eclipse_11916.dll
Event: 2.220 Loaded shared library C:\Users\Badboy\AppData\Local\Temp\jna-1982182343\jna4909369937899761367.dll

Deoptimization events (20 events):
Event: 2.610 Thread 0x0000019a74e01cd0 DEOPT PACKING pc=0x0000019a2568dbec sp=0x0000007131beea50
Event: 2.610 Thread 0x0000019a74e01cd0 DEOPT UNPACKING pc=0x0000019a25013aa2 sp=0x0000007131beea20 mode 2
Event: 2.610 Thread 0x0000019a74e01cd0 Uncommon trap: trap_request=0xffffff45 fr.pc=0x0000019a2568d124 relative=0x0000000000000364
Event: 2.610 Thread 0x0000019a74e01cd0 Uncommon trap: reason=unstable_if action=reinterpret pc=0x0000019a2568d124 method=org.lombokweb.asm.Label.resolve([BLorg/lombokweb/asm/ByteVector;I)Z @ 81 c2
Event: 2.610 Thread 0x0000019a74e01cd0 DEOPT PACKING pc=0x0000019a2568d124 sp=0x0000007131beeae0
Event: 2.610 Thread 0x0000019a74e01cd0 DEOPT UNPACKING pc=0x0000019a25013aa2 sp=0x0000007131bee9e8 mode 2
Event: 2.637 Thread 0x0000019a74e01cd0 Uncommon trap: trap_request=0xffffff6e fr.pc=0x0000019a25691588 relative=0x0000000000000b08
Event: 2.637 Thread 0x0000019a74e01cd0 Uncommon trap: reason=loop_limit_check action=maybe_recompile pc=0x0000019a25691588 method=java.util.regex.Pattern$StartS.match(Ljava/util/regex/Matcher;ILjava/lang/CharSequence;)Z @ 34 c2
Event: 2.637 Thread 0x0000019a74e01cd0 DEOPT PACKING pc=0x0000019a25691588 sp=0x0000007131bf26b0
Event: 2.637 Thread 0x0000019a74e01cd0 DEOPT UNPACKING pc=0x0000019a25013aa2 sp=0x0000007131bf2620 mode 2
Event: 2.735 Thread 0x0000019a74e01cd0 Uncommon trap: trap_request=0xffffffcc fr.pc=0x0000019a2568e57c relative=0x000000000000033c
Event: 2.735 Thread 0x0000019a74e01cd0 Uncommon trap: reason=intrinsic_or_type_checked_inlining action=make_not_entrant pc=0x0000019a2568e57c method=java.util.Arrays.copyOf([Ljava/lang/Object;ILjava/lang/Class;)[Ljava/lang/Object; @ 35 c2
Event: 2.735 Thread 0x0000019a74e01cd0 DEOPT PACKING pc=0x0000019a2568e57c sp=0x0000007131bf92b0
Event: 2.735 Thread 0x0000019a74e01cd0 DEOPT UNPACKING pc=0x0000019a25013aa2 sp=0x0000007131bf9240 mode 2
Event: 2.821 Thread 0x0000019a74e01cd0 DEOPT PACKING pc=0x0000019a1df319a6 sp=0x0000007131bf7d40
Event: 2.821 Thread 0x0000019a74e01cd0 DEOPT UNPACKING pc=0x0000019a25014242 sp=0x0000007131bf7238 mode 0
Event: 2.821 Thread 0x0000019a74e01cd0 DEOPT PACKING pc=0x0000019a1df319a6 sp=0x0000007131bf7d40
Event: 2.821 Thread 0x0000019a74e01cd0 DEOPT UNPACKING pc=0x0000019a25014242 sp=0x0000007131bf7238 mode 0
Event: 2.821 Thread 0x0000019a74e01cd0 DEOPT PACKING pc=0x0000019a1df319a6 sp=0x0000007131bf7d40
Event: 2.821 Thread 0x0000019a74e01cd0 DEOPT UNPACKING pc=0x0000019a25014242 sp=0x0000007131bf7238 mode 0

Classes loaded (20 events):
Event: 2.361 Loading class java/util/zip/GZIPInputStream
Event: 2.361 Loading class java/util/zip/GZIPInputStream done
Event: 2.364 Loading class java/net/SocketTimeoutException
Event: 2.364 Loading class java/io/InterruptedIOException
Event: 2.364 Loading class java/io/InterruptedIOException done
Event: 2.364 Loading class java/net/SocketTimeoutException done
Event: 2.364 Loading class java/net/SocketException
Event: 2.364 Loading class java/net/SocketException done
Event: 2.364 Loading class java/net/UnknownHostException
Event: 2.364 Loading class java/net/UnknownHostException done
Event: 2.364 Loading class java/net/ProtocolException
Event: 2.364 Loading class java/net/ProtocolException done
Event: 2.380 Loading class java/lang/ThreadLocal$SuppliedThreadLocal
Event: 2.380 Loading class java/lang/ThreadLocal$SuppliedThreadLocal done
Event: 2.388 Loading class java/io/FileWriter
Event: 2.388 Loading class java/io/FileWriter done
Event: 2.440 Loading class java/lang/NegativeArraySizeException
Event: 2.440 Loading class java/lang/NegativeArraySizeException done
Event: 2.747 Loading class org/w3c/dom/DOMException
Event: 2.747 Loading class org/w3c/dom/DOMException done

Classes unloaded (7 events):
Event: 2.651 Thread 0x0000019a1a9429a0 Unloading class 0x0000019a33191400 'java/lang/invoke/LambdaForm$MH+0x0000019a33191400'
Event: 2.651 Thread 0x0000019a1a9429a0 Unloading class 0x0000019a33191000 'java/lang/invoke/LambdaForm$MH+0x0000019a33191000'
Event: 2.651 Thread 0x0000019a1a9429a0 Unloading class 0x0000019a33190c00 'java/lang/invoke/LambdaForm$MH+0x0000019a33190c00'
Event: 2.651 Thread 0x0000019a1a9429a0 Unloading class 0x0000019a33190800 'java/lang/invoke/LambdaForm$MH+0x0000019a33190800'
Event: 2.651 Thread 0x0000019a1a9429a0 Unloading class 0x0000019a33190400 'java/lang/invoke/LambdaForm$BMH+0x0000019a33190400'
Event: 2.651 Thread 0x0000019a1a9429a0 Unloading class 0x0000019a33190000 'java/lang/invoke/LambdaForm$DMH+0x0000019a33190000'
Event: 2.651 Thread 0x0000019a1a9429a0 Unloading class 0x0000019a3318ec00 'java/lang/invoke/LambdaForm$DMH+0x0000019a3318ec00'

Classes redefined (0 events):
No events

Internal exceptions (20 events):
Event: 2.234 Thread 0x0000019a74e01cd0 Exception <a 'java/lang/NoSuchMethodError'{0x00000000d63a83d8}: 'void java.lang.invoke.DelegatingMethodHandle$Holder.reinvoke_L(java.lang.Object, java.lang.Object, int)'> (0x00000000d63a83d8) 
thrown [s\src\hotspot\share\interpreter\linkResolver.cpp, line 773]
Event: 2.235 Thread 0x0000019a74e01cd0 Exception <a 'java/lang/NoSuchMethodError'{0x00000000d63af308}: 'int java.lang.invoke.Invokers$Holder.invokeExact_MT(java.lang.Object, java.lang.Object, java.lang.Object)'> (0x00000000d63af308) 
thrown [s\src\hotspot\share\interpreter\linkResolver.cpp, line 773]
Event: 2.253 Thread 0x0000019a74e01cd0 Exception <a 'java/lang/NoSuchMethodError'{0x00000000d64bbb18}: 'void java.lang.invoke.Invokers$Holder.invokeExact_MT(java.lang.Object, java.lang.Object, int, java.lang.Object)'> (0x00000000d64bbb18) 
thrown [s\src\hotspot\share\interpreter\linkResolver.cpp, line 773]
Event: 2.265 Thread 0x0000019a74e01cd0 Exception <a 'java/lang/NoSuchMethodError'{0x00000000d65a8d10}: 'java.lang.Object java.lang.invoke.DirectMethodHandle$Holder.invokeSpecial(java.lang.Object, java.lang.Object, java.lang.Object, long, java.lang.Object)'> (0x00000000d65a8d10) 
thrown [s\src\hotspot\share\interpreter\linkResolver.cpp, line 773]
Event: 2.266 Thread 0x0000019a74e01cd0 Exception <a 'java/lang/NoSuchMethodError'{0x00000000d65b0558}: 'java.lang.Object java.lang.invoke.DirectMethodHandle$Holder.newInvokeSpecial(java.lang.Object, java.lang.Object, java.lang.Object, long)'> (0x00000000d65b0558) 
thrown [s\src\hotspot\share\interpreter\linkResolver.cpp, line 773]
Event: 2.266 Thread 0x0000019a74e01cd0 Exception <a 'java/lang/NoSuchMethodError'{0x00000000d65b4908}: 'java.lang.Object java.lang.invoke.DirectMethodHandle$Holder.invokeSpecial(java.lang.Object, java.lang.Object, java.lang.Object, java.lang.Object, long)'> (0x00000000d65b4908) 
thrown [s\src\hotspot\share\interpreter\linkResolver.cpp, line 773]
Event: 2.266 Thread 0x0000019a74e01cd0 Exception <a 'java/lang/NoSuchMethodError'{0x00000000d65b8528}: 'java.lang.Object java.lang.invoke.Invokers$Holder.linkToTargetMethod(java.lang.Object, java.lang.Object, long, java.lang.Object)'> (0x00000000d65b8528) 
thrown [s\src\hotspot\share\interpreter\linkResolver.cpp, line 773]
Event: 2.273 Thread 0x0000019a74e01cd0 Exception <a 'java/lang/NoSuchMethodError'{0x00000000d662a300}: 'int java.lang.invoke.DirectMethodHandle$Holder.invokeStaticInit(java.lang.Object, java.lang.Object, java.lang.Object)'> (0x00000000d662a300) 
thrown [s\src\hotspot\share\interpreter\linkResolver.cpp, line 773]
Event: 2.282 Thread 0x0000019a74e01cd0 Exception <a 'java/lang/IncompatibleClassChangeError'{0x00000000d66b3c80}: Found class java.lang.Object, but interface was expected> (0x00000000d66b3c80) 
thrown [s\src\hotspot\share\interpreter\linkResolver.cpp, line 840]
Event: 2.288 Thread 0x0000019a74e01cd0 Exception <a 'java/lang/NoSuchMethodError'{0x00000000d66ce598}: 'java.lang.Object java.lang.invoke.DirectMethodHandle$Holder.invokeSpecial(java.lang.Object, java.lang.Object, java.lang.Object, int, java.lang.Object, java.lang.Object)'> (0x00000000d66ce598) 
thrown [s\src\hotspot\share\interpreter\linkResolver.cpp, line 773]
Event: 2.289 Thread 0x0000019a74e01cd0 Exception <a 'java/lang/NoSuchMethodError'{0x00000000d66d6070}: 'java.lang.Object java.lang.invoke.DirectMethodHandle$Holder.newInvokeSpecial(java.lang.Object, java.lang.Object, java.lang.Object, int, java.lang.Object)'> (0x00000000d66d6070) 
thrown [s\src\hotspot\share\interpreter\linkResolver.cpp, line 773]
Event: 2.289 Thread 0x0000019a74e01cd0 Exception <a 'java/lang/NoSuchMethodError'{0x00000000d66d9ff0}: 'java.lang.Object java.lang.invoke.DirectMethodHandle$Holder.invokeSpecial(java.lang.Object, java.lang.Object, java.lang.Object, java.lang.Object, int, java.lang.Object)'> (0x00000000d66d9ff0) 
thrown [s\src\hotspot\share\interpreter\linkResolver.cpp, line 773]
Event: 2.289 Thread 0x0000019a74e01cd0 Exception <a 'java/lang/NoSuchMethodError'{0x00000000d66ddb30}: 'java.lang.Object java.lang.invoke.Invokers$Holder.linkToTargetMethod(java.lang.Object, java.lang.Object, int, java.lang.Object, java.lang.Object)'> (0x00000000d66ddb30) 
thrown [s\src\hotspot\share\interpreter\linkResolver.cpp, line 773]
Event: 2.291 Thread 0x0000019a7967c0c0 Exception <a 'java/lang/NoSuchMethodError'{0x00000000d65e33c8}: 'java.lang.Object java.lang.invoke.DirectMethodHandle$Holder.invokeSpecial(java.lang.Object, java.lang.Object, int, java.lang.Object, java.lang.Object)'> (0x00000000d65e33c8) 
thrown [s\src\hotspot\share\interpreter\linkResolver.cpp, line 773]
Event: 2.291 Thread 0x0000019a7967c0c0 Exception <a 'java/lang/NoSuchMethodError'{0x00000000d65ea100}: 'java.lang.Object java.lang.invoke.DirectMethodHandle$Holder.newInvokeSpecial(java.lang.Object, java.lang.Object, int, java.lang.Object)'> (0x00000000d65ea100) 
thrown [s\src\hotspot\share\interpreter\linkResolver.cpp, line 773]
Event: 2.292 Thread 0x0000019a7967c0c0 Exception <a 'java/lang/NoSuchMethodError'{0x00000000d65ed9e0}: 'java.lang.Object java.lang.invoke.DirectMethodHandle$Holder.invokeSpecial(java.lang.Object, java.lang.Object, java.lang.Object, int, java.lang.Object)'> (0x00000000d65ed9e0) 
thrown [s\src\hotspot\share\interpreter\linkResolver.cpp, line 773]
Event: 2.305 Thread 0x0000019a74e01cd0 Exception <a 'java/lang/NoSuchMethodError'{0x00000000d67fd000}: 'void java.lang.invoke.DirectMethodHandle$Holder.invokeSpecial(java.lang.Object, java.lang.Object, java.lang.Object, java.lang.Object, java.lang.Object)'> (0x00000000d67fd000) 
thrown [s\src\hotspot\share\interpreter\linkResolver.cpp, line 773]
Event: 2.334 Thread 0x0000019a74e01cd0 Exception <a 'java/lang/NoSuchMethodError'{0x00000000d6a07870}: 'double java.lang.invoke.DirectMethodHandle$Holder.invokeStatic(java.lang.Object, java.lang.Object)'> (0x00000000d6a07870) 
thrown [s\src\hotspot\share\interpreter\linkResolver.cpp, line 773]
Event: 2.335 Thread 0x0000019a74e01cd0 Exception <a 'java/lang/NoSuchMethodError'{0x00000000d6a0af30}: 'double java.lang.invoke.DirectMethodHandle$Holder.invokeStaticInit(java.lang.Object, java.lang.Object)'> (0x00000000d6a0af30) 
thrown [s\src\hotspot\share\interpreter\linkResolver.cpp, line 773]
Event: 2.610 Thread 0x0000019a74e01cd0 Implicit null exception at 0x0000019a2568daf5 to 0x0000019a2568dbd0

ZGC Phase Switch (0 events):
No events

VM Operations (20 events):
Event: 1.566 Executing VM operation: HandshakeAllThreads (Deoptimize)
Event: 1.566 Executing VM operation: HandshakeAllThreads (Deoptimize) done
Event: 1.805 Executing VM operation: HandshakeAllThreads (Deoptimize)
Event: 1.805 Executing VM operation: HandshakeAllThreads (Deoptimize) done
Event: 1.930 Executing VM operation: ParallelGCFailedAllocation (Allocation Failure)
Event: 1.936 Executing VM operation: ParallelGCFailedAllocation (Allocation Failure) done
Event: 2.004 Executing VM operation: HandshakeAllThreads (Deoptimize)
Event: 2.004 Executing VM operation: HandshakeAllThreads (Deoptimize) done
Event: 2.009 Executing VM operation: HandshakeAllThreads (Deoptimize)
Event: 2.009 Executing VM operation: HandshakeAllThreads (Deoptimize) done
Event: 2.024 Executing VM operation: HandshakeAllThreads (Deoptimize)
Event: 2.024 Executing VM operation: HandshakeAllThreads (Deoptimize) done
Event: 2.225 Executing VM operation: HandshakeAllThreads (Deoptimize)
Event: 2.226 Executing VM operation: HandshakeAllThreads (Deoptimize) done
Event: 2.388 Executing VM operation: ParallelGCFailedAllocation (Allocation Failure)
Event: 2.393 Executing VM operation: ParallelGCFailedAllocation (Allocation Failure) done
Event: 2.618 Executing VM operation: ParallelGCFailedAllocation (Allocation Failure)
Event: 2.624 Executing VM operation: ParallelGCFailedAllocation (Allocation Failure) done
Event: 2.644 Executing VM operation: CollectForMetadataAllocation (Metadata GC Threshold)
Event: 2.668 Executing VM operation: CollectForMetadataAllocation (Metadata GC Threshold) done

Memory protections (0 events):
No events

Nmethod flushes (0 events):
No events

Events (20 events):
Event: 0.041 Thread 0x0000019a1a884950 Thread added: 0x0000019a3133ad00
Event: 0.041 Thread 0x0000019a1a884950 Thread added: 0x0000019a3133bf40
Event: 0.042 Thread 0x0000019a1a884950 Thread added: 0x0000019a742564c0
Event: 0.081 Thread 0x0000019a742564c0 Thread added: 0x0000019a743ef150
Event: 0.092 Thread 0x0000019a1a884950 Thread added: 0x0000019a7443d2e0
Event: 0.243 Thread 0x0000019a1a884950 Thread added: 0x0000019a7457dc70
Event: 0.422 Thread 0x0000019a742564c0 Thread added: 0x0000019a745b3860
Event: 0.908 Thread 0x0000019a745b3860 Thread exited: 0x0000019a745b3860
Event: 1.004 Thread 0x0000019a742564c0 Thread added: 0x0000019a74e1d0e0
Event: 1.175 Thread 0x0000019a1a884950 Thread added: 0x0000019a7901ff90
Event: 1.418 Thread 0x0000019a1a884950 Thread added: 0x0000019a7907f4c0
Event: 1.421 Thread 0x0000019a1a884950 Thread added: 0x0000019a74e01cd0
Event: 1.542 Thread 0x0000019a74e1d0e0 Thread exited: 0x0000019a74e1d0e0
Event: 1.554 Thread 0x0000019a74e01cd0 Thread added: 0x0000019a74e1d0e0
Event: 1.835 Thread 0x0000019a74e01cd0 Thread added: 0x0000019a791941c0
Event: 2.240 Thread 0x0000019a74e01cd0 Thread added: 0x0000019a7945a290
Event: 2.269 Thread 0x0000019a74e01cd0 Thread added: 0x0000019a7967c0c0
Event: 2.292 Thread 0x0000019a7967c0c0 Thread added: 0x0000019a79463cc0
Event: 2.423 Thread 0x0000019a742564c0 Thread added: 0x0000019a7976be70
Event: 2.544 Thread 0x0000019a7976be70 Thread exited: 0x0000019a7976be70


Dynamic libraries:
0x00007ff75d330000 - 0x00007ff75d33e000 	c:\Users\Badboy\.cursor\extensions\redhat.java-1.50.0-win32-x64\jre\21.0.9-win32-x86_64\bin\java.exe
0x00007fffa18f0000 - 0x00007fffa1ae8000 	C:\WINDOWS\SYSTEM32\ntdll.dll
0x00007fffa01d0000 - 0x00007fffa0292000 	C:\WINDOWS\System32\KERNEL32.DLL
0x00007fff9f230000 - 0x00007fff9f526000 	C:\WINDOWS\System32\KERNELBASE.dll
0x00007fff9ef80000 - 0x00007fff9f080000 	C:\WINDOWS\System32\ucrtbase.dll
0x00007fff7b8b0000 - 0x00007fff7b8c8000 	c:\Users\Badboy\.cursor\extensions\redhat.java-1.50.0-win32-x64\jre\21.0.9-win32-x86_64\bin\jli.dll
0x00007fff9ff90000 - 0x00007fffa0131000 	C:\WINDOWS\System32\USER32.dll
0x00007fff9f780000 - 0x00007fff9f7a2000 	C:\WINDOWS\System32\win32u.dll
0x00007fffa1070000 - 0x00007fffa109b000 	C:\WINDOWS\System32\GDI32.dll
0x00007fff9f530000 - 0x00007fff9f649000 	C:\WINDOWS\System32\gdi32full.dll
0x00007fff9f080000 - 0x00007fff9f11d000 	C:\WINDOWS\System32\msvcp_win.dll
0x00007fff7ed50000 - 0x00007fff7ed6e000 	c:\Users\Badboy\.cursor\extensions\redhat.java-1.50.0-win32-x64\jre\21.0.9-win32-x86_64\bin\VCRUNTIME140.dll
0x00007fff85450000 - 0x00007fff856eb000 	C:\WINDOWS\WinSxS\amd64_microsoft.windows.common-controls_6595b64144ccf1df_6.0.19041.6456_none_60b8a6cb71f64256\COMCTL32.dll
0x00007fffa1170000 - 0x00007fffa120e000 	C:\WINDOWS\System32\msvcrt.dll
0x00007fffa01a0000 - 0x00007fffa01cf000 	C:\WINDOWS\System32\IMM32.DLL
0x00007fff83580000 - 0x00007fff8358c000 	c:\Users\Badboy\.cursor\extensions\redhat.java-1.50.0-win32-x64\jre\21.0.9-win32-x86_64\bin\vcruntime140_1.dll
0x00007fff69640000 - 0x00007fff696cd000 	c:\Users\Badboy\.cursor\extensions\redhat.java-1.50.0-win32-x64\jre\21.0.9-win32-x86_64\bin\msvcp140.dll
0x00007fff213d0000 - 0x00007fff22170000 	c:\Users\Badboy\.cursor\extensions\redhat.java-1.50.0-win32-x64\jre\21.0.9-win32-x86_64\bin\server\jvm.dll
0x00007fffa03b0000 - 0x00007fffa0461000 	C:\WINDOWS\System32\ADVAPI32.dll
0x00007fff9f9f0000 - 0x00007fff9fa8f000 	C:\WINDOWS\System32\sechost.dll
0x00007fffa1300000 - 0x00007fffa1420000 	C:\WINDOWS\System32\RPCRT4.dll
0x00007fff9f1b0000 - 0x00007fff9f1d7000 	C:\WINDOWS\System32\bcrypt.dll
0x00007fffa0be0000 - 0x00007fffa0c4b000 	C:\WINDOWS\System32\WS2_32.dll
0x00007fff9e480000 - 0x00007fff9e4cb000 	C:\WINDOWS\SYSTEM32\POWRPROF.dll
0x00007fff8d6f0000 - 0x00007fff8d717000 	C:\WINDOWS\SYSTEM32\WINMM.dll
0x00007fff95180000 - 0x00007fff9518a000 	C:\WINDOWS\SYSTEM32\VERSION.dll
0x00007fff9e340000 - 0x00007fff9e352000 	C:\WINDOWS\SYSTEM32\UMPDC.dll
0x00007fff9cdd0000 - 0x00007fff9cde2000 	C:\WINDOWS\SYSTEM32\kernel.appcore.dll
0x00007fff821a0000 - 0x00007fff821aa000 	c:\Users\Badboy\.cursor\extensions\redhat.java-1.50.0-win32-x64\jre\21.0.9-win32-x86_64\bin\jimage.dll
0x00007fff8cd80000 - 0x00007fff8cf81000 	C:\WINDOWS\SYSTEM32\DBGHELP.DLL
0x00007fff79ad0000 - 0x00007fff79b04000 	C:\WINDOWS\SYSTEM32\dbgcore.DLL
0x00007fff9f120000 - 0x00007fff9f1a2000 	C:\WINDOWS\System32\bcryptPrimitives.dll
0x00007fff83590000 - 0x00007fff8359f000 	c:\Users\Badboy\.cursor\extensions\redhat.java-1.50.0-win32-x64\jre\21.0.9-win32-x86_64\bin\instrument.dll
0x00007fff7b890000 - 0x00007fff7b8b0000 	c:\Users\Badboy\.cursor\extensions\redhat.java-1.50.0-win32-x64\jre\21.0.9-win32-x86_64\bin\java.dll
0x00007fffa0470000 - 0x00007fffa0be0000 	C:\WINDOWS\System32\SHELL32.dll
0x00007fff9cfd0000 - 0x00007fff9d775000 	C:\WINDOWS\SYSTEM32\windows.storage.dll
0x00007fffa0c50000 - 0x00007fffa0fa4000 	C:\WINDOWS\System32\combase.dll
0x00007fff9e8d0000 - 0x00007fff9e8fb000 	C:\WINDOWS\SYSTEM32\Wldp.dll
0x00007fffa10a0000 - 0x00007fffa116d000 	C:\WINDOWS\System32\OLEAUT32.dll
0x00007fffa0fb0000 - 0x00007fffa105d000 	C:\WINDOWS\System32\SHCORE.dll
0x00007fffa02a0000 - 0x00007fffa02fb000 	C:\WINDOWS\System32\shlwapi.dll
0x00007fff9eeb0000 - 0x00007fff9eed4000 	C:\WINDOWS\SYSTEM32\profapi.dll
0x00007fff7aca0000 - 0x00007fff7acb8000 	c:\Users\Badboy\.cursor\extensions\redhat.java-1.50.0-win32-x64\jre\21.0.9-win32-x86_64\bin\zip.dll
0x00007fff80b70000 - 0x00007fff80b80000 	C:\Users\Badboy\.cursor\extensions\redhat.java-1.50.0-win32-x64\jre\21.0.9-win32-x86_64\bin\net.dll
0x00007fff9b560000 - 0x00007fff9b66a000 	C:\WINDOWS\SYSTEM32\WINHTTP.dll
0x00007fff9e6b0000 - 0x00007fff9e71a000 	C:\WINDOWS\system32\mswsock.dll
0x00007fff7a8e0000 - 0x00007fff7a8f6000 	C:\Users\Badboy\.cursor\extensions\redhat.java-1.50.0-win32-x64\jre\21.0.9-win32-x86_64\bin\nio.dll
0x00007fff7ac90000 - 0x00007fff7aca0000 	c:\Users\Badboy\.cursor\extensions\redhat.java-1.50.0-win32-x64\jre\21.0.9-win32-x86_64\bin\verify.dll
0x00007fff49350000 - 0x00007fff49394000 	C:\Users\Badboy\AppData\Roaming\Cursor\User\globalStorage\redhat.java\1.50.0\config_ss_win\org.eclipse.equinox.launcher\org.eclipse.equinox.launcher.win32.win32.x86_64_1.2.1400.v20250801-0854\eclipse_11916.dll
0x00007fffa1660000 - 0x00007fffa178b000 	C:\WINDOWS\System32\ole32.dll
0x00007fff9e910000 - 0x00007fff9e928000 	C:\WINDOWS\SYSTEM32\CRYPTSP.dll
0x00007fff9df80000 - 0x00007fff9dfb8000 	C:\WINDOWS\system32\rsaenh.dll
0x00007fff9ee70000 - 0x00007fff9ee9e000 	C:\WINDOWS\SYSTEM32\USERENV.dll
0x00007fff9e840000 - 0x00007fff9e84c000 	C:\WINDOWS\SYSTEM32\CRYPTBASE.dll
0x00007fff9e360000 - 0x00007fff9e39b000 	C:\WINDOWS\SYSTEM32\IPHLPAPI.DLL
0x00007fffa12f0000 - 0x00007fffa12f8000 	C:\WINDOWS\System32\NSI.dll
0x00007fff492b0000 - 0x00007fff492f9000 	C:\Users\Badboy\AppData\Local\Temp\jna-1982182343\jna4909369937899761367.dll
0x00007fffa14a0000 - 0x00007fffa14a8000 	C:\WINDOWS\System32\PSAPI.DLL

JVMTI agents:
c:\Users\Badboy\.cursor\extensions\redhat.java-1.50.0-win32-x64\lombok\lombok-1.18.39-4050.jar path:c:\Users\Badboy\.cursor\extensions\redhat.java-1.50.0-win32-x64\jre\21.0.9-win32-x86_64\bin\instrument.dll, loaded, initialized, instrumentlib options:none

dbghelp: loaded successfully - version: 4.0.5 - missing functions: none
symbol engine: initialized successfully - sym options: 0x614 - pdb path: .;c:\Users\Badboy\.cursor\extensions\redhat.java-1.50.0-win32-x64\jre\21.0.9-win32-x86_64\bin;C:\WINDOWS\SYSTEM32;C:\WINDOWS\WinSxS\amd64_microsoft.windows.common-controls_6595b64144ccf1df_6.0.19041.6456_none_60b8a6cb71f64256;c:\Users\Badboy\.cursor\extensions\redhat.java-1.50.0-win32-x64\jre\21.0.9-win32-x86_64\bin\server;C:\Users\Badboy\AppData\Roaming\Cursor\User\globalStorage\redhat.java\1.50.0\config_ss_win\org.eclipse.equinox.launcher\org.eclipse.equinox.launcher.win32.win32.x86_64_1.2.1400.v20250801-0854;C:\Users\Badboy\AppData\Local\Temp\jna-1982182343

VM Arguments:
jvm_args: --add-modules=ALL-SYSTEM --add-opens=java.base/java.util=ALL-UNNAMED --add-opens=java.base/java.lang=ALL-UNNAMED --add-opens=java.base/sun.nio.fs=ALL-UNNAMED -Declipse.application=org.eclipse.jdt.ls.core.id1 -Dosgi.bundles.defaultStartLevel=4 -Declipse.product=org.eclipse.jdt.ls.core.product -Djava.import.generatesMetadataFilesAtProjectRoot=false -DDetectVMInstallationsJob.disabled=true -Dfile.encoding=utf8 -XX:+UseParallelGC -XX:GCTimeRatio=4 -XX:AdaptiveSizePolicyWeight=90 -Dsun.zip.disableMemoryMapping=true -Xmx2G -Xms100m -Xlog:disable -javaagent:c:\Users\Badboy\.cursor\extensions\redhat.java-1.50.0-win32-x64\lombok\lombok-1.18.39-4050.jar 
java_command: c:\Users\Badboy\.cursor\extensions\redhat.java-1.50.0-win32-x64\server\plugins\org.eclipse.equinox.launcher_1.7.100.v20251111-0406.jar -configuration c:\Users\Badboy\AppData\Roaming\Cursor\User\globalStorage\redhat.java\1.50.0\config_ss_win -data c:\Users\Badboy\AppData\Roaming\Cursor\User\workspaceStorage\7867d043fd845f3da9fa8aaaa6adf8fa\redhat.java\ss_ws --pipe=\\.\pipe\lsp-819c8d1061a8365ccc2b9d3c30053c5a-sock
java_class_path (initial): c:\Users\Badboy\.cursor\extensions\redhat.java-1.50.0-win32-x64\server\plugins\org.eclipse.equinox.launcher_1.7.100.v20251111-0406.jar
Launcher Type: SUN_STANDARD

[Global flags]
    uintx AdaptiveSizePolicyWeight                 = 90                                        {product} {command line}
     intx CICompilerCount                          = 4                                         {product} {ergonomic}
    uintx GCTimeRatio                              = 4                                         {product} {command line}
   size_t InitialHeapSize                          = 104857600                                 {product} {command line}
   size_t MaxHeapSize                              = 2147483648                                {product} {command line}
   size_t MaxNewSize                               = 715653120                                 {product} {ergonomic}
   size_t MinHeapDeltaBytes                        = 524288                                    {product} {ergonomic}
   size_t MinHeapSize                              = 104857600                                 {product} {command line}
   size_t NewSize                                  = 34603008                                  {product} {ergonomic}
    uintx NonNMethodCodeHeapSize                   = 5839372                                {pd product} {ergonomic}
    uintx NonProfiledCodeHeapSize                  = 122909434                              {pd product} {ergonomic}
   size_t OldSize                                  = 70254592                                  {product} {ergonomic}
    uintx ProfiledCodeHeapSize                     = 122909434                              {pd product} {ergonomic}
    uintx ReservedCodeCacheSize                    = 251658240                              {pd product} {ergonomic}
     bool SegmentedCodeCache                       = true                                      {product} {ergonomic}
   size_t SoftMaxHeapSize                          = 2147483648                             {manageable} {ergonomic}
     bool UseCompressedOops                        = true                           {product lp64_product} {ergonomic}
     bool UseLargePagesIndividualAllocation        = false                                  {pd product} {ergonomic}
     bool UseParallelGC                            = true                                      {product} {command line}

Logging:
Log output configuration:
 #0: stdout all=off uptime,level,tags foldmultilines=false
 #1: stderr all=off uptime,level,tags foldmultilines=false

Release file:
JAVA_VERSION="21.0.9" 
MODULES="java.base java.compiler java.datatransfer java.xml java.prefs java.desktop java.instrument java.logging java.management java.security.sasl java.naming java.rmi java.management.rmi java.net.http java.scripting java.security.jgss java.transaction.xa java.sql java.sql.rowset java.xml.crypto java.se java.smartcardio jdk.accessibility jdk.internal.jvmstat jdk.attach jdk.charsets jdk.internal.opt jdk.zipfs jdk.compiler jdk.crypto.ec jdk.crypto.cryptoki jdk.crypto.mscapi jdk.dynalink jdk.internal.ed jdk.editpad jdk.hotspot.agent jdk.httpserver jdk.internal.le jdk.internal.vm.ci jdk.internal.vm.compiler jdk.internal.vm.compiler.management jdk.jartool jdk.javadoc jdk.jcmd jdk.management jdk.management.agent jdk.jconsole jdk.jdeps jdk.jdwp.agent jdk.jdi jdk.jfr jdk.jshell jdk.jsobject jdk.jstatd jdk.localedata jdk.management.jfr jdk.naming.dns jdk.naming.rmi jdk.net jdk.nio.mapmode jdk.random jdk.sctp jdk.security.auth jdk.security.jgss jdk.unsupported jdk.unsupported.desktop jdk.xml.dom" 

Environment Variables:
JAVA_HOME=C:\Users\Badboy\.jdks\corretto-17.0.3
PATH=C:\Program Files\Eclipse Adoptium\jdk-21.0.9.10-hotspot\bin;C:\Program Files (x86)\Common Files\Oracle\Java\java8path;C:\Program Files (x86)\Common Files\Oracle\Java\javapath;C:\Python312\Scripts\;C:\Python312\;C:\Windows\system32;C:\Windows;C:\Windows\System32\Wbem;C:\Windows\System32\WindowsPowerShell\v1.0\;C:\Windows\System32\OpenSSH\;C:\Program Files (x86)\NVIDIA Corporation\PhysX\Common;C:\Program Files\Git\cmd;C:\WINDOWS\system32;C:\WINDOWS;C:\WINDOWS\System32\Wbem;C:\WINDOWS\System32\WindowsPowerShell\v1.0\;C:\WINDOWS\System32\OpenSSH\;C:\Program Files (x86)\IDEMIA\AWP\Dlls;C:\Program Files\IDEMIA\AWP\Dlls;C:\Users\Badboy\AppData\Local\Programs\Python\Python39;C:\Users\Badboy\apache-maven-3.8.6\bin;C:\Users\Badboy\.jdks\corretto-17.0.3\bin;C:\ProgramData\chocolatey\bin;C:\Program Files\Calibre2\;C:\Program Files\Rancher Desktop\resources\resources\win32\bin\;C:\Program Files\Rancher Desktop\resources\resources\linux\bin\;C:\Program Files\nodejs\;C:\Program Files\cursor\resources\app\bin;C:\Program Files\PuTTY\;C:\Program Files\Eclipse Adoptium\jdk-21.0.9.10-hotspot\bin;C:\Program Files (x86)\Common Files\Oracle\Java\java8path;C:\Program Files (x86)\Common Files\Oracle\Java\javapath;C:\Python312\Scripts\;C:\Python312\;C:\Windows\system32;C:\Windows;C:\Windows\System32\Wbem;C:\Windows\System32\WindowsPowerShell\v1.0\;C:\Windows\System32\OpenSSH\;C:\Program Files (x86)\NVIDIA Corporation\PhysX\Common;C:\Program Files\Git\cmd;C:\WINDOWS\system32;C:\WINDOWS;C:\WINDOWS\System32\Wbem;C:\WINDOWS\System32\WindowsPowerShell\v1.0\;C:\WINDOWS\System32\OpenSSH\;C:\Program Files (x86)\IDEMIA\AWP\Dlls;C:\Program Files\IDEMIA\AWP\Dlls;C:\Users\Badboy\AppData\Local\Programs\Python\Python39;C:\Users\Badboy\apache-maven-3.8.6\bin;C:\Users\Badboy\.jdks\corretto-17.0.3\bin;C:\ProgramData\chocolatey\bin;C:\Program Files\Calibre2\;C:\Program Files\Rancher Desktop\resources\resources\win32\bin\;C:\Program Files\Rancher Desktop\resources\resources\linux\bin\;C:\Program Files\nodejs\;C:\Program Files\cursor\resources\app\bin;C:\Users\Badboy;C:\Users\Badboy\AppData\Local\Programs\Microsoft VS Code\bin;C:\Users\Badboy\AppData\Roaming\npm;
USERNAME=Badboy
OS=Windows_NT
PROCESSOR_IDENTIFIER=AMD64 Family 23 Model 113 Stepping 0, AuthenticAMD
TMP=C:\Users\Badboy\AppData\Local\Temp
TEMP=C:\Users\Badboy\AppData\Local\Temp




Periodic native trim disabled

---------------  S Y S T E M  ---------------

OS:
 Windows 10 , 64 bit Build 19041 (10.0.19041.5915)
OS uptime: 0 days 6:25 hours
Hyper-V role detected

CPU: total 12 (initial active 12) (12 cores per cpu, 2 threads per core) family 23 model 113 stepping 0 microcode 0x0, cx8, cmov, fxsr, ht, mmx, 3dnowpref, sse, sse2, sse3, ssse3, sse4a, sse4.1, sse4.2, popcnt, lzcnt, tsc, tscinvbit, avx, avx2, aes, clmul, bmi1, bmi2, adx, sha, fma, vzeroupper, clflush, clflushopt, hv, rdtscp, rdpid, f16c
Processor Information for the first 12 processors :
  Max Mhz: 3600, Current Mhz: 3600, Mhz Limit: 3600

Memory: 4k page, system-wide physical 16333M (2216M free)
TotalPageFile size 65485M (AvailPageFile size 0M)
current process WorkingSet (physical memory assigned to process): 146M, peak: 146M
current process commit charge ("private bytes"): 289M, peak: 289M

vm_info: OpenJDK 64-Bit Server VM (21.0.9+10-LTS) for windows-amd64 JRE (21.0.9+10-LTS), built on 2025-10-21T00:00:00Z by "admin" with unknown MS VC++:1942

END.
