#
# There is insufficient memory for the Java Runtime Environment to continue.
# Native memory allocation (malloc) failed to allocate 65552 bytes. Error detail: Chunk::new
# Possible reasons:
#   The system is out of physical RAM or swap space
#   This process is running with CompressedOops enabled, and the Java Heap may be blocking the growth of the native heap
# Possible solutions:
#   Reduce memory load on the system
#   Increase physical memory or swap space
#   Check if swap backing store is full
#   Decrease Java heap size (-Xmx/-Xms)
#   Decrease number of Java threads
#   Decrease Java thread stack sizes (-Xss)
#   Set larger code cache with -XX:ReservedCodeCacheSize=
#   JVM is running with Unscaled Compressed Oops mode in which the Java heap is
#     placed in the first 4GB address space. The Java Heap base address is the
#     maximum limit for the native heap growth. Please use -XX:HeapBaseMinAddress
#     to set the Java Heap base and to place the Java Heap above 4GB virtual address.
# This output file may be truncated or incomplete.
#
#  Out of Memory Error (arena.cpp:168), pid=26180, tid=29604
#
# JRE version: OpenJDK Runtime Environment Temurin-21.0.9+10 (21.0.9+10) (build 21.0.9+10-LTS)
# Java VM: OpenJDK 64-Bit Server VM Temurin-21.0.9+10 (21.0.9+10-LTS, mixed mode, sharing, tiered, compressed oops, compressed class ptrs, parallel gc, windows-amd64)
# No core dump will be written. Minidumps are not enabled by default on client versions of Windows
#

---------------  S U M M A R Y ------------

Command Line: --add-modules=ALL-SYSTEM --add-opens=java.base/java.util=ALL-UNNAMED --add-opens=java.base/java.lang=ALL-UNNAMED --add-opens=java.base/sun.nio.fs=ALL-UNNAMED -Declipse.application=org.eclipse.jdt.ls.core.id1 -Dosgi.bundles.defaultStartLevel=4 -Declipse.product=org.eclipse.jdt.ls.core.product -Djava.import.generatesMetadataFilesAtProjectRoot=false -DDetectVMInstallationsJob.disabled=true -Dfile.encoding=utf8 -XX:+UseParallelGC -XX:GCTimeRatio=4 -XX:AdaptiveSizePolicyWeight=90 -Dsun.zip.disableMemoryMapping=true -Xmx2G -Xms100m -Xlog:disable -javaagent:c:\Users\Badboy\.cursor\extensions\redhat.java-1.50.0-win32-x64\lombok\lombok-1.18.39-4050.jar -XX:+HeapDumpOnOutOfMemoryError -XX:HeapDumpPath=c:\Users\Badboy\AppData\Roaming\Cursor\User\workspaceStorage\7867d043fd845f3da9fa8aaaa6adf8fa\redhat.java -Daether.dependencyCollector.impl=bf c:\Users\Badboy\.cursor\extensions\redhat.java-1.50.0-win32-x64\server\plugins\org.eclipse.equinox.launcher_1.7.100.v20251111-0406.jar -configuration c:\Users\Badboy\AppData\Roaming\Cursor\User\globalStorage\redhat.java\1.50.0\config_win -data c:\Users\Badboy\AppData\Roaming\Cursor\User\workspaceStorage\7867d043fd845f3da9fa8aaaa6adf8fa\redhat.java\jdt_ws --pipe=\\.\pipe\lsp-95aa8845b50880dc413eda35036efd6f-sock

Host: AMD Ryzen 5 3600 6-Core Processor              , 12 cores, 15G,  Windows 10 , 64 bit Build 19041 (10.0.19041.5915)
Time: Sun Dec  7 13:20:50 2025 FLE Standard Time elapsed time: 2.607862 seconds (0d 0h 0m 2s)

---------------  T H R E A D  ---------------

Current thread (0x0000017ee4ddc090):  JavaThread "C2 CompilerThread1" daemon [_thread_in_native, id=29604, stack(0x0000003272000000,0x0000003272100000) (1024K)]


Current CompileTask:
C2:2607 3083       4       java.lang.invoke.MethodType::makeImpl (109 bytes)

Stack: [0x0000003272000000,0x0000003272100000]
Native frames: (J=compiled Java code, j=interpreted, Vv=VM code, C=native code)
V  [jvm.dll+0x6d6e29]
V  [jvm.dll+0x8b4b76]
V  [jvm.dll+0x8b712e]
V  [jvm.dll+0x8b7813]
V  [jvm.dll+0x283d86]
V  [jvm.dll+0xc66ed]
V  [jvm.dll+0xc6c31]
V  [jvm.dll+0xc6815]
V  [jvm.dll+0x6b1f8c]
V  [jvm.dll+0x5ed252]
V  [jvm.dll+0x5ec969]
V  [jvm.dll+0x5ec1ce]
V  [jvm.dll+0x5ec1e1]
V  [jvm.dll+0x5ec1e1]
V  [jvm.dll+0x5ec1e1]
V  [jvm.dll+0x5ec1e1]
V  [jvm.dll+0x5ec1e1]
V  [jvm.dll+0x5ec1e1]
V  [jvm.dll+0x5ec1e1]
V  [jvm.dll+0x5ec1e1]
V  [jvm.dll+0x5ec1e1]
V  [jvm.dll+0x5ec1e1]
V  [jvm.dll+0x5ec1e1]
V  [jvm.dll+0x5ec1e1]
V  [jvm.dll+0x5ec1e1]
V  [jvm.dll+0x5ec1e1]
V  [jvm.dll+0x5ec1e1]
V  [jvm.dll+0x5ec1e1]
V  [jvm.dll+0x5ec1e1]
V  [jvm.dll+0x5ec1e1]
V  [jvm.dll+0x5ec1e1]
V  [jvm.dll+0x5ec1e1]
V  [jvm.dll+0x5ec1e1]
V  [jvm.dll+0x5ec1e1]
V  [jvm.dll+0x5ec1e1]
V  [jvm.dll+0x5ec1e1]
V  [jvm.dll+0x5fe593]
V  [jvm.dll+0x255557]
V  [jvm.dll+0x24db6a]
V  [jvm.dll+0x24b482]
V  [jvm.dll+0x1cb13e]
V  [jvm.dll+0x25b29d]
V  [jvm.dll+0x25982a]
V  [jvm.dll+0x3f7ea6]
V  [jvm.dll+0x85e9ad]
V  [jvm.dll+0x6d565d]
C  [ucrtbase.dll+0x21bb2]
C  [KERNEL32.DLL+0x17374]
C  [ntdll.dll+0x4cc91]


---------------  P R O C E S S  ---------------

Threads class SMR info:
_java_thread_list=0x0000017eea314b30, length=23, elements={
0x0000017e8b134180, 0x0000017ea1be6030, 0x0000017ea1be6ed0, 0x0000017ea1bea610,
0x0000017ea1beb260, 0x0000017ea1bebeb0, 0x0000017ee4bb1090, 0x0000017ee4bd5a40,
0x0000017ee4be7ca0, 0x0000017ee4ddc090, 0x0000017ee4e81ef0, 0x0000017ee4f18780,
0x0000017ee926aee0, 0x0000017ee94a83b0, 0x0000017ee966ad00, 0x0000017ee97bf350,
0x0000017ee97ae330, 0x0000017ee9c81ef0, 0x0000017ee9d5a9d0, 0x0000017ee9767280,
0x0000017eea240c70, 0x0000017eea242b70, 0x0000017eea241e50
}

Java Threads: ( => current thread )
  0x0000017e8b134180 JavaThread "main"                              [_thread_blocked, id=27500, stack(0x0000003271400000,0x0000003271500000) (1024K)]
  0x0000017ea1be6030 JavaThread "Reference Handler"          daemon [_thread_blocked, id=25828, stack(0x0000003271800000,0x0000003271900000) (1024K)]
  0x0000017ea1be6ed0 JavaThread "Finalizer"                  daemon [_thread_blocked, id=8804, stack(0x0000003271900000,0x0000003271a00000) (1024K)]
  0x0000017ea1bea610 JavaThread "Signal Dispatcher"          daemon [_thread_blocked, id=18176, stack(0x0000003271a00000,0x0000003271b00000) (1024K)]
  0x0000017ea1beb260 JavaThread "Attach Listener"            daemon [_thread_blocked, id=528, stack(0x0000003271b00000,0x0000003271c00000) (1024K)]
  0x0000017ea1bebeb0 JavaThread "Service Thread"             daemon [_thread_blocked, id=19624, stack(0x0000003271c00000,0x0000003271d00000) (1024K)]
  0x0000017ee4bb1090 JavaThread "Monitor Deflation Thread"   daemon [_thread_blocked, id=22744, stack(0x0000003271d00000,0x0000003271e00000) (1024K)]
  0x0000017ee4bd5a40 JavaThread "C2 CompilerThread0"         daemon [_thread_blocked, id=24628, stack(0x0000003271e00000,0x0000003271f00000) (1024K)]
  0x0000017ee4be7ca0 JavaThread "C1 CompilerThread0"         daemon [_thread_blocked, id=17804, stack(0x0000003271f00000,0x0000003272000000) (1024K)]
=>0x0000017ee4ddc090 JavaThread "C2 CompilerThread1"         daemon [_thread_in_native, id=29604, stack(0x0000003272000000,0x0000003272100000) (1024K)]
  0x0000017ee4e81ef0 JavaThread "Common-Cleaner"             daemon [_thread_blocked, id=26232, stack(0x0000003272100000,0x0000003272200000) (1024K)]
  0x0000017ee4f18780 JavaThread "Notification Thread"        daemon [_thread_blocked, id=19104, stack(0x0000003272200000,0x0000003272300000) (1024K)]
  0x0000017ee926aee0 JavaThread "Active Thread: Equinox Container: f2281f0f-e42d-492c-b393-bfd44630a810"        [_thread_blocked, id=28264, stack(0x0000003272a00000,0x0000003272b00000) (1024K)]
  0x0000017ee94a83b0 JavaThread "Refresh Thread: Equinox Container: f2281f0f-e42d-492c-b393-bfd44630a810" daemon [_thread_blocked, id=24072, stack(0x0000003272b00000,0x0000003272c00000) (1024K)]
  0x0000017ee966ad00 JavaThread "Framework Event Dispatcher: Equinox Container: f2281f0f-e42d-492c-b393-bfd44630a810" daemon [_thread_blocked, id=22148, stack(0x0000003272d00000,0x0000003272e00000) (1024K)]
  0x0000017ee97bf350 JavaThread "Start Level: Equinox Container: f2281f0f-e42d-492c-b393-bfd44630a810" daemon [_thread_in_vm, id=12152, stack(0x0000003272e00000,0x0000003272f00000) (1024K)]
  0x0000017ee97ae330 JavaThread "Bundle File Closer"         daemon [_thread_blocked, id=8224, stack(0x0000003273100000,0x0000003273200000) (1024K)]
  0x0000017ee9c81ef0 JavaThread "SCR Component Actor"        daemon [_thread_blocked, id=9456, stack(0x0000003272300000,0x0000003272400000) (1024K)]
  0x0000017ee9d5a9d0 JavaThread "C2 CompilerThread2"         daemon [_thread_blocked, id=27320, stack(0x0000003273200000,0x0000003273300000) (1024K)]
  0x0000017ee9767280 JavaThread "Worker-JM"                         [_thread_blocked, id=26368, stack(0x0000003273300000,0x0000003273400000) (1024K)]
  0x0000017eea240c70 JavaThread "JNA Cleaner"                daemon [_thread_blocked, id=26936, stack(0x0000003273400000,0x0000003273500000) (1024K)]
  0x0000017eea242b70 JavaThread "Worker-0: Checking project encoding"        [_thread_blocked, id=10348, stack(0x0000003273500000,0x0000003273600000) (1024K)]
  0x0000017eea241e50 JavaThread "Worker-1"                          [_thread_blocked, id=26924, stack(0x0000003273600000,0x0000003273700000) (1024K)]
Total: 23

Other Threads:
  0x0000017e8b1f39b0 VMThread "VM Thread"                           [id=12008, stack(0x0000003271700000,0x0000003271800000) (1024K)]
  0x0000017e8b1a07f0 WatcherThread "VM Periodic Task Thread"        [id=29516, stack(0x0000003271600000,0x0000003271700000) (1024K)]
  0x0000017e8b150dc0 WorkerThread "GC Thread#0"                     [id=10684, stack(0x0000003271500000,0x0000003271600000) (1024K)]
  0x0000017ee935b5b0 WorkerThread "GC Thread#1"                     [id=27844, stack(0x0000003272400000,0x0000003272500000) (1024K)]
  0x0000017ee935b950 WorkerThread "GC Thread#2"                     [id=28772, stack(0x0000003272500000,0x0000003272600000) (1024K)]
  0x0000017ee4f68840 WorkerThread "GC Thread#3"                     [id=21700, stack(0x0000003272600000,0x0000003272700000) (1024K)]
  0x0000017ee4f68be0 WorkerThread "GC Thread#4"                     [id=18340, stack(0x0000003272700000,0x0000003272800000) (1024K)]
  0x0000017ee4f68f80 WorkerThread "GC Thread#5"                     [id=27416, stack(0x0000003272800000,0x0000003272900000) (1024K)]
  0x0000017ee97b6120 WorkerThread "GC Thread#6"                     [id=25260, stack(0x0000003272900000,0x0000003272a00000) (1024K)]
  0x0000017ee9690d60 WorkerThread "GC Thread#7"                     [id=11152, stack(0x0000003272c00000,0x0000003272d00000) (1024K)]
  0x0000017ee9bda600 WorkerThread "GC Thread#8"                     [id=29396, stack(0x0000003272f00000,0x0000003273000000) (1024K)]
  0x0000017ee9bd9780 WorkerThread "GC Thread#9"                     [id=21260, stack(0x0000003273000000,0x0000003273100000) (1024K)]
Total: 12

Threads with active compile tasks:
C2 CompilerThread1  2632 3083       4       java.lang.invoke.MethodType::makeImpl (109 bytes)
Total: 1

VM state: not at safepoint (normal execution)

VM Mutex/Monitor currently owned by a thread: None

Heap address: 0x0000000080000000, size: 2048 MB, Compressed Oops mode: 32-bit

CDS archive(s) mapped at: [0x0000017ea2000000-0x0000017ea2ba0000-0x0000017ea2ba0000), size 12189696, SharedBaseAddress: 0x0000017ea2000000, ArchiveRelocationMode: 1.
Compressed class space mapped at: 0x0000017ea3000000-0x0000017ee3000000, reserved size: 1073741824
Narrow klass base: 0x0000017ea2000000, Narrow klass shift: 0, Narrow klass range: 0x100000000

GC Precious Log:
 CardTable entry size: 512
 CPUs: 12 total, 12 available
 Memory: 16333M
 Large Page Support: Disabled
 NUMA Support: Disabled
 Compressed Oops: Enabled (32-bit)
 Alignments: Space 512K, Generation 512K, Heap 2M
 Heap Min Capacity: 100M
 Heap Initial Capacity: 100M
 Heap Max Capacity: 2G
 Pre-touch: Disabled
 Parallel Workers: 10

Heap:
 PSYoungGen      total 29184K, used 15379K [0x00000000d5580000, 0x00000000d7b00000, 0x0000000100000000)
  eden space 25088K, 44% used [0x00000000d5580000,0x00000000d6085e78,0x00000000d6e00000)
  from space 4096K, 99% used [0x00000000d6e80000,0x00000000d727efa0,0x00000000d7280000)
  to   space 6656K, 0% used [0x00000000d7480000,0x00000000d7480000,0x00000000d7b00000)
 ParOldGen       total 68608K, used 8183K [0x0000000080000000, 0x0000000084300000, 0x00000000d5580000)
  object space 68608K, 11% used [0x0000000080000000,0x00000000807fdf50,0x0000000084300000)
 Metaspace       used 17555K, committed 18240K, reserved 1114112K
  class space    used 1854K, committed 2112K, reserved 1048576K

Card table byte_map: [0x0000017e8aae0000,0x0000017e8aef0000] _byte_map_base: 0x0000017e8a6e0000

Marking Bits: (ParMarkBitMap*) 0x00007fff22092460
 Begin Bits: [0x0000017e9d5f0000, 0x0000017e9f5f0000)
 End Bits:   [0x0000017e9f5f0000, 0x0000017ea15f0000)

Polling page: 0x0000017e89110000

Metaspace:

Usage:
  Non-class:     15.33 MB used.
      Class:      1.81 MB used.
       Both:     17.15 MB used.

Virtual space:
  Non-class space:       64.00 MB reserved,      15.75 MB ( 25%) committed,  1 nodes.
      Class space:        1.00 GB reserved,       2.06 MB ( <1%) committed,  1 nodes.
             Both:        1.06 GB reserved,      17.81 MB (  2%) committed. 

Chunk freelists:
   Non-Class:  15.61 MB
       Class:  13.75 MB
        Both:  29.36 MB

MaxMetaspaceSize: unlimited
CompressedClassSpaceSize: 1.00 GB
Initial GC threshold: 21.00 MB
Current GC threshold: 21.00 MB
CDS: on
 - commit_granule_bytes: 65536.
 - commit_granule_words: 8192.
 - virtual_space_node_default_size: 8388608.
 - enlarge_chunks_in_place: 1.
 - use_allocation_guard: 0.


Internal statistics:

num_allocs_failed_limit: 0.
num_arena_births: 554.
num_arena_deaths: 0.
num_vsnodes_births: 2.
num_vsnodes_deaths: 0.
num_space_committed: 285.
num_space_uncommitted: 0.
num_chunks_returned_to_freelist: 0.
num_chunks_taken_from_freelist: 1198.
num_chunk_merges: 0.
num_chunk_splits: 752.
num_chunks_enlarged: 482.
num_inconsistent_stats: 0.

CodeHeap 'non-profiled nmethods': size=120000Kb used=1404Kb max_used=1404Kb free=118596Kb
 bounds [0x0000017e95e10000, 0x0000017e96080000, 0x0000017e9d340000]
CodeHeap 'profiled nmethods': size=120000Kb used=6305Kb max_used=6305Kb free=113694Kb
 bounds [0x0000017e8e340000, 0x0000017e8e970000, 0x0000017e95870000]
CodeHeap 'non-nmethods': size=5760Kb used=1276Kb max_used=1290Kb free=4483Kb
 bounds [0x0000017e95870000, 0x0000017e95ae0000, 0x0000017e95e10000]
CodeCache: size=245760Kb, used=8985Kb, max_used=8999Kb, free=236773Kb
 total_blobs=3750, nmethods=3195, adapters=461, full_count=0
Compilation: enabled, stopped_count=0, restarted_count=0

Compilation events (20 events):
Event: 2.601 Thread 0x0000017ee4be7ca0 nmethod 3154 0x0000017e8e959410 code [0x0000017e8e9595c0, 0x0000017e8e959710]
Event: 2.602 Thread 0x0000017ee4be7ca0 3155       1       org.apache.felix.scr.impl.BundleComponentActivator::getBundleContext (5 bytes)
Event: 2.602 Thread 0x0000017ee4be7ca0 nmethod 3155 0x0000017e95f6b310 code [0x0000017e95f6b4a0, 0x0000017e95f6b568]
Event: 2.603 Thread 0x0000017ee4be7ca0 3156       3       jdk.internal.reflect.ReflectionFactory::newFieldAccessor (93 bytes)
Event: 2.603 Thread 0x0000017ee4be7ca0 nmethod 3156 0x0000017e8e959810 code [0x0000017e8e959a20, 0x0000017e8e95a088]
Event: 2.603 Thread 0x0000017ee4be7ca0 3157       3       java.lang.reflect.Field::getRoot (5 bytes)
Event: 2.603 Thread 0x0000017ee4be7ca0 nmethod 3157 0x0000017e8e95a390 code [0x0000017e8e95a520, 0x0000017e8e95a640]
Event: 2.603 Thread 0x0000017ee4be7ca0 3158       3       jdk.internal.reflect.ReflectionFactory::useFieldHandleAccessor (18 bytes)
Event: 2.603 Thread 0x0000017ee4be7ca0 nmethod 3158 0x0000017e8e95a710 code [0x0000017e8e95a8c0, 0x0000017e8e95aa40]
Event: 2.603 Thread 0x0000017ee4be7ca0 3159   !   3       jdk.internal.reflect.MethodHandleAccessorFactory::newFieldAccessor (240 bytes)
Event: 2.604 Thread 0x0000017ee4be7ca0 nmethod 3159 0x0000017e8e95ab10 code [0x0000017e8e95ae80, 0x0000017e8e95bc98]
Event: 2.604 Thread 0x0000017ee4be7ca0 3160       3       jdk.internal.reflect.MethodHandleFieldAccessorImpl::<init> (44 bytes)
Event: 2.604 Thread 0x0000017ee4be7ca0 nmethod 3160 0x0000017e8e95c210 code [0x0000017e8e95c3c0, 0x0000017e8e95c6d0]
Event: 2.604 Thread 0x0000017ee4be7ca0 3161       3       jdk.internal.reflect.FieldAccessorImpl::<init> (10 bytes)
Event: 2.604 Thread 0x0000017ee4be7ca0 nmethod 3161 0x0000017e8e95c810 code [0x0000017e8e95c9c0, 0x0000017e8e95cba8]
Event: 2.605 Thread 0x0000017ee4be7ca0 3162       3       java.lang.invoke.MethodType::erase (8 bytes)
Event: 2.605 Thread 0x0000017ee4be7ca0 nmethod 3162 0x0000017e8e95cc90 code [0x0000017e8e95ce20, 0x0000017e8e95cf50]
Event: 2.605 Thread 0x0000017ee9d5a9d0 3164       4       java.lang.invoke.MethodTypeForm::canonicalize (74 bytes)
Event: 2.605 Thread 0x0000017ee9d5a9d0 nmethod 3164 0x0000017e95f6b910 code [0x0000017e95f6baa0, 0x0000017e95f6bb78]
Event: 2.606 Thread 0x0000017ee4be7ca0 3165       3       java.util.concurrent.CountDownLatch::countDown (10 bytes)

GC Heap History (10 events):
Event: 0.728 GC heap before
{Heap before GC invocations=1 (full 0):
 PSYoungGen      total 29696K, used 25600K [0x00000000d5580000, 0x00000000d7680000, 0x0000000100000000)
  eden space 25600K, 100% used [0x00000000d5580000,0x00000000d6e80000,0x00000000d6e80000)
  from space 4096K, 0% used [0x00000000d7280000,0x00000000d7280000,0x00000000d7680000)
  to   space 4096K, 0% used [0x00000000d6e80000,0x00000000d6e80000,0x00000000d7280000)
 ParOldGen       total 68608K, used 0K [0x0000000080000000, 0x0000000084300000, 0x00000000d5580000)
  object space 68608K, 0% used [0x0000000080000000,0x0000000080000000,0x0000000084300000)
 Metaspace       used 4334K, committed 4608K, reserved 1114112K
  class space    used 472K, committed 576K, reserved 1048576K
}
Event: 0.737 GC heap after
{Heap after GC invocations=1 (full 0):
 PSYoungGen      total 29696K, used 3335K [0x00000000d5580000, 0x00000000d7680000, 0x0000000100000000)
  eden space 25600K, 0% used [0x00000000d5580000,0x00000000d5580000,0x00000000d6e80000)
  from space 4096K, 81% used [0x00000000d6e80000,0x00000000d71c1e98,0x00000000d7280000)
  to   space 4096K, 0% used [0x00000000d7280000,0x00000000d7280000,0x00000000d7680000)
 ParOldGen       total 68608K, used 0K [0x0000000080000000, 0x0000000084300000, 0x00000000d5580000)
  object space 68608K, 0% used [0x0000000080000000,0x0000000080000000,0x0000000084300000)
 Metaspace       used 4334K, committed 4608K, reserved 1114112K
  class space    used 472K, committed 576K, reserved 1048576K
}
Event: 1.271 GC heap before
{Heap before GC invocations=2 (full 0):
 PSYoungGen      total 29696K, used 28924K [0x00000000d5580000, 0x00000000d7680000, 0x0000000100000000)
  eden space 25600K, 99% used [0x00000000d5580000,0x00000000d6e7d218,0x00000000d6e80000)
  from space 4096K, 81% used [0x00000000d6e80000,0x00000000d71c1e98,0x00000000d7280000)
  to   space 4096K, 0% used [0x00000000d7280000,0x00000000d7280000,0x00000000d7680000)
 ParOldGen       total 68608K, used 0K [0x0000000080000000, 0x0000000084300000, 0x00000000d5580000)
  object space 68608K, 0% used [0x0000000080000000,0x0000000080000000,0x0000000084300000)
 Metaspace       used 8020K, committed 8320K, reserved 1114112K
  class space    used 841K, committed 960K, reserved 1048576K
}
Event: 1.277 GC heap after
{Heap after GC invocations=2 (full 0):
 PSYoungGen      total 29696K, used 4067K [0x00000000d5580000, 0x00000000d7680000, 0x0000000100000000)
  eden space 25600K, 0% used [0x00000000d5580000,0x00000000d5580000,0x00000000d6e80000)
  from space 4096K, 99% used [0x00000000d7280000,0x00000000d7678df8,0x00000000d7680000)
  to   space 4096K, 0% used [0x00000000d6e80000,0x00000000d6e80000,0x00000000d7280000)
 ParOldGen       total 68608K, used 1781K [0x0000000080000000, 0x0000000084300000, 0x00000000d5580000)
  object space 68608K, 2% used [0x0000000080000000,0x00000000801bd6e8,0x0000000084300000)
 Metaspace       used 8020K, committed 8320K, reserved 1114112K
  class space    used 841K, committed 960K, reserved 1048576K
}
Event: 1.643 GC heap before
{Heap before GC invocations=3 (full 0):
 PSYoungGen      total 29696K, used 29549K [0x00000000d5580000, 0x00000000d7680000, 0x0000000100000000)
  eden space 25600K, 99% used [0x00000000d5580000,0x00000000d6e629f8,0x00000000d6e80000)
  from space 4096K, 99% used [0x00000000d7280000,0x00000000d7678df8,0x00000000d7680000)
  to   space 4096K, 0% used [0x00000000d6e80000,0x00000000d6e80000,0x00000000d7280000)
 ParOldGen       total 68608K, used 1781K [0x0000000080000000, 0x0000000084300000, 0x00000000d5580000)
  object space 68608K, 2% used [0x0000000080000000,0x00000000801bd6e8,0x0000000084300000)
 Metaspace       used 9471K, committed 9792K, reserved 1114112K
  class space    used 1014K, committed 1152K, reserved 1048576K
}
Event: 1.651 GC heap after
{Heap after GC invocations=3 (full 0):
 PSYoungGen      total 29696K, used 4066K [0x00000000d5580000, 0x00000000d7680000, 0x0000000100000000)
  eden space 25600K, 0% used [0x00000000d5580000,0x00000000d5580000,0x00000000d6e80000)
  from space 4096K, 99% used [0x00000000d6e80000,0x00000000d7278a60,0x00000000d7280000)
  to   space 4096K, 0% used [0x00000000d7280000,0x00000000d7280000,0x00000000d7680000)
 ParOldGen       total 68608K, used 4768K [0x0000000080000000, 0x0000000084300000, 0x00000000d5580000)
  object space 68608K, 6% used [0x0000000080000000,0x00000000804a8218,0x0000000084300000)
 Metaspace       used 9471K, committed 9792K, reserved 1114112K
  class space    used 1014K, committed 1152K, reserved 1048576K
}
Event: 2.025 GC heap before
{Heap before GC invocations=4 (full 0):
 PSYoungGen      total 29696K, used 29666K [0x00000000d5580000, 0x00000000d7680000, 0x0000000100000000)
  eden space 25600K, 100% used [0x00000000d5580000,0x00000000d6e80000,0x00000000d6e80000)
  from space 4096K, 99% used [0x00000000d6e80000,0x00000000d7278a60,0x00000000d7280000)
  to   space 4096K, 0% used [0x00000000d7280000,0x00000000d7280000,0x00000000d7680000)
 ParOldGen       total 68608K, used 4768K [0x0000000080000000, 0x0000000084300000, 0x00000000d5580000)
  object space 68608K, 6% used [0x0000000080000000,0x00000000804a8218,0x0000000084300000)
 Metaspace       used 12160K, committed 12544K, reserved 1114112K
  class space    used 1302K, committed 1472K, reserved 1048576K
}
Event: 2.030 GC heap after
{Heap after GC invocations=4 (full 0):
 PSYoungGen      total 29696K, used 4087K [0x00000000d5580000, 0x00000000d7680000, 0x0000000100000000)
  eden space 25600K, 0% used [0x00000000d5580000,0x00000000d5580000,0x00000000d6e80000)
  from space 4096K, 99% used [0x00000000d7280000,0x00000000d767dfc8,0x00000000d7680000)
  to   space 4096K, 0% used [0x00000000d6e80000,0x00000000d6e80000,0x00000000d7280000)
 ParOldGen       total 68608K, used 6127K [0x0000000080000000, 0x0000000084300000, 0x00000000d5580000)
  object space 68608K, 8% used [0x0000000080000000,0x00000000805fbf50,0x0000000084300000)
 Metaspace       used 12160K, committed 12544K, reserved 1114112K
  class space    used 1302K, committed 1472K, reserved 1048576K
}
Event: 2.470 GC heap before
{Heap before GC invocations=5 (full 0):
 PSYoungGen      total 29696K, used 29687K [0x00000000d5580000, 0x00000000d7680000, 0x0000000100000000)
  eden space 25600K, 100% used [0x00000000d5580000,0x00000000d6e80000,0x00000000d6e80000)
  from space 4096K, 99% used [0x00000000d7280000,0x00000000d767dfc8,0x00000000d7680000)
  to   space 4096K, 0% used [0x00000000d6e80000,0x00000000d6e80000,0x00000000d7280000)
 ParOldGen       total 68608K, used 6127K [0x0000000080000000, 0x0000000084300000, 0x00000000d5580000)
  object space 68608K, 8% used [0x0000000080000000,0x00000000805fbf50,0x0000000084300000)
 Metaspace       used 15990K, committed 16576K, reserved 1114112K
  class space    used 1667K, committed 1920K, reserved 1048576K
}
Event: 2.475 GC heap after
{Heap after GC invocations=5 (full 0):
 PSYoungGen      total 29184K, used 4091K [0x00000000d5580000, 0x00000000d7b00000, 0x0000000100000000)
  eden space 25088K, 0% used [0x00000000d5580000,0x00000000d5580000,0x00000000d6e00000)
  from space 4096K, 99% used [0x00000000d6e80000,0x00000000d727efa0,0x00000000d7280000)
  to   space 6656K, 0% used [0x00000000d7480000,0x00000000d7480000,0x00000000d7b00000)
 ParOldGen       total 68608K, used 8183K [0x0000000080000000, 0x0000000084300000, 0x00000000d5580000)
  object space 68608K, 11% used [0x0000000080000000,0x00000000807fdf50,0x0000000084300000)
 Metaspace       used 15990K, committed 16576K, reserved 1114112K
  class space    used 1667K, committed 1920K, reserved 1048576K
}

Dll operation events (10 events):
Event: 0.009 Loaded shared library c:\Users\Badboy\.cursor\extensions\redhat.java-1.50.0-win32-x64\jre\21.0.9-win32-x86_64\bin\java.dll
Event: 0.092 Loaded shared library c:\Users\Badboy\.cursor\extensions\redhat.java-1.50.0-win32-x64\jre\21.0.9-win32-x86_64\bin\zip.dll
Event: 0.113 Loaded shared library C:\Users\Badboy\.cursor\extensions\redhat.java-1.50.0-win32-x64\jre\21.0.9-win32-x86_64\bin\instrument.dll
Event: 0.117 Loaded shared library C:\Users\Badboy\.cursor\extensions\redhat.java-1.50.0-win32-x64\jre\21.0.9-win32-x86_64\bin\net.dll
Event: 0.119 Loaded shared library C:\Users\Badboy\.cursor\extensions\redhat.java-1.50.0-win32-x64\jre\21.0.9-win32-x86_64\bin\nio.dll
Event: 0.121 Loaded shared library C:\Users\Badboy\.cursor\extensions\redhat.java-1.50.0-win32-x64\jre\21.0.9-win32-x86_64\bin\zip.dll
Event: 0.143 Loaded shared library C:\Users\Badboy\.cursor\extensions\redhat.java-1.50.0-win32-x64\jre\21.0.9-win32-x86_64\bin\jimage.dll
Event: 0.216 Loaded shared library c:\Users\Badboy\.cursor\extensions\redhat.java-1.50.0-win32-x64\jre\21.0.9-win32-x86_64\bin\verify.dll
Event: 1.272 Loaded shared library C:\Users\Badboy\AppData\Roaming\Cursor\User\globalStorage\redhat.java\1.50.0\config_win\org.eclipse.equinox.launcher\org.eclipse.equinox.launcher.win32.win32.x86_64_1.2.1400.v20250801-0854\eclipse_11916.dll
Event: 2.524 Loaded shared library C:\Users\Badboy\AppData\Local\Temp\jna-1982182343\jna15192054081406699823.dll

Deoptimization events (20 events):
Event: 2.487 Thread 0x0000017ee97bf350 Uncommon trap: trap_request=0xffffff45 fr.pc=0x0000017e95e48f1c relative=0x000000000000067c
Event: 2.487 Thread 0x0000017ee97bf350 Uncommon trap: reason=unstable_if action=reinterpret pc=0x0000017e95e48f1c method=java.lang.String.replace(Ljava/lang/CharSequence;Ljava/lang/CharSequence;)Ljava/lang/String; @ 42 c2
Event: 2.487 Thread 0x0000017ee97bf350 DEOPT PACKING pc=0x0000017e95e48f1c sp=0x0000003272ef7a30
Event: 2.487 Thread 0x0000017ee97bf350 DEOPT UNPACKING pc=0x0000017e958c3aa2 sp=0x0000003272ef79b0 mode 2
Event: 2.559 Thread 0x0000017ee97bf350 Uncommon trap: trap_request=0xffffffde fr.pc=0x0000017e95f59564 relative=0x00000000000003c4
Event: 2.559 Thread 0x0000017ee97bf350 Uncommon trap: reason=class_check action=maybe_recompile pc=0x0000017e95f59564 method=java.io.FilterInputStream.read()I @ 4 c2
Event: 2.559 Thread 0x0000017ee97bf350 DEOPT PACKING pc=0x0000017e95f59564 sp=0x0000003272ef9800
Event: 2.559 Thread 0x0000017ee97bf350 DEOPT UNPACKING pc=0x0000017e958c3aa2 sp=0x0000003272ef97b0 mode 2
Event: 2.559 Thread 0x0000017ee97bf350 Uncommon trap: trap_request=0xffffffde fr.pc=0x0000017e95f59564 relative=0x00000000000003c4
Event: 2.559 Thread 0x0000017ee97bf350 Uncommon trap: reason=class_check action=maybe_recompile pc=0x0000017e95f59564 method=java.io.FilterInputStream.read()I @ 4 c2
Event: 2.559 Thread 0x0000017ee97bf350 DEOPT PACKING pc=0x0000017e95f59564 sp=0x0000003272ef9800
Event: 2.559 Thread 0x0000017ee97bf350 DEOPT UNPACKING pc=0x0000017e958c3aa2 sp=0x0000003272ef97b0 mode 2
Event: 2.576 Thread 0x0000017ee97bf350 Uncommon trap: trap_request=0xffffff45 fr.pc=0x0000017e95f52624 relative=0x0000000000000084
Event: 2.576 Thread 0x0000017ee97bf350 Uncommon trap: reason=unstable_if action=reinterpret pc=0x0000017e95f52624 method=java.lang.ref.SoftReference.get()Ljava/lang/Object; @ 6 c2
Event: 2.576 Thread 0x0000017ee97bf350 DEOPT PACKING pc=0x0000017e95f52624 sp=0x0000003272ef9930
Event: 2.576 Thread 0x0000017ee97bf350 DEOPT UNPACKING pc=0x0000017e958c3aa2 sp=0x0000003272ef98c8 mode 2
Event: 2.591 Thread 0x0000017eea242b70 Uncommon trap: trap_request=0xffffff45 fr.pc=0x0000017e95ef99e0 relative=0x00000000000000c0
Event: 2.591 Thread 0x0000017eea242b70 Uncommon trap: reason=unstable_if action=reinterpret pc=0x0000017e95ef99e0 method=java.util.concurrent.locks.ReentrantLock$NonfairSync.initialTryLock()Z @ 25 c2
Event: 2.591 Thread 0x0000017eea242b70 DEOPT PACKING pc=0x0000017e95ef99e0 sp=0x00000032735fdc10
Event: 2.591 Thread 0x0000017eea242b70 DEOPT UNPACKING pc=0x0000017e958c3aa2 sp=0x00000032735fdb90 mode 2

Classes loaded (20 events):
Event: 2.537 Loading class java/lang/reflect/UndeclaredThrowableException
Event: 2.537 Loading class java/lang/reflect/UndeclaredThrowableException done
Event: 2.537 Loading class java/lang/Class$AnnotationData
Event: 2.537 Loading class java/lang/Class$AnnotationData done
Event: 2.538 Loading class jdk/internal/reflect/MethodHandleIntegerFieldAccessorImpl
Event: 2.538 Loading class jdk/internal/reflect/MethodHandleIntegerFieldAccessorImpl done
Event: 2.548 Loading class java/io/PrintWriter
Event: 2.548 Loading class java/io/PrintWriter done
Event: 2.553 Loading class jdk/internal/reflect/MethodHandleShortFieldAccessorImpl
Event: 2.553 Loading class jdk/internal/reflect/MethodHandleShortFieldAccessorImpl done
Event: 2.553 Loading class java/lang/Short$ShortCache
Event: 2.553 Loading class java/lang/Short$ShortCache done
Event: 2.571 Loading class java/util/function/LongUnaryOperator
Event: 2.572 Loading class java/util/function/LongUnaryOperator done
Event: 2.572 Loading class java/lang/ThreadDeath
Event: 2.572 Loading class java/lang/ThreadDeath done
Event: 2.579 Loading class java/util/stream/SortedOps$SizedRefSortingSink
Event: 2.579 Loading class java/util/stream/SortedOps$SizedRefSortingSink done
Event: 2.604 Loading class java/util/concurrent/atomic/Striped64$1
Event: 2.604 Loading class java/util/concurrent/atomic/Striped64$1 done

Classes unloaded (0 events):
No events

Classes redefined (0 events):
No events

Internal exceptions (20 events):
Event: 2.323 Thread 0x0000017ee97bf350 Exception <a 'java/io/FileNotFoundException'{0x00000000d6797898}> (0x00000000d6797898) 
thrown [s\src\hotspot\share\prims\jni.cpp, line 520]
Event: 2.393 Thread 0x0000017ee97bf350 Exception <a 'java/lang/NoSuchMethodError'{0x00000000d6b6f4a8}: 'java.lang.Object java.lang.invoke.DirectMethodHandle$Holder.newInvokeSpecial(java.lang.Object, java.lang.Object, java.lang.Object, java.lang.Object, java.lang.Object)'> (0x00000000d6b6f4a8) 
thrown [s\src\hotspot\share\interpreter\linkResolver.cpp, line 773]
Event: 2.452 Thread 0x0000017ee97bf350 Exception <a 'java/lang/NoSuchMethodError'{0x00000000d6d46cd8}: 'java.lang.Object java.lang.invoke.DirectMethodHandle$Holder.invokeStaticInit(java.lang.Object, int)'> (0x00000000d6d46cd8) 
thrown [s\src\hotspot\share\interpreter\linkResolver.cpp, line 773]
Event: 2.490 Thread 0x0000017ee97bf350 Exception <a 'java/lang/NoSuchMethodError'{0x00000000d56eeeb8}: 'java.lang.Object java.lang.invoke.DirectMethodHandle$Holder.invokeStaticInit(java.lang.Object, int, int, int, int)'> (0x00000000d56eeeb8) 
thrown [s\src\hotspot\share\interpreter\linkResolver.cpp, line 773]
Event: 2.512 Thread 0x0000017ee97bf350 Exception <a 'java/lang/NoSuchMethodError'{0x00000000d5840430}: 'java.lang.Object java.lang.invoke.DirectMethodHandle$Holder.invokeStaticInit(java.lang.Object, java.lang.Object, int, int, int, int)'> (0x00000000d5840430) 
thrown [s\src\hotspot\share\interpreter\linkResolver.cpp, line 773]
Event: 2.539 Thread 0x0000017ee97bf350 Exception <a 'java/lang/NoSuchMethodError'{0x00000000d5957218}: 'void java.lang.invoke.DirectMethodHandle$Holder.invokeSpecial(java.lang.Object, java.lang.Object, java.lang.Object, int)'> (0x00000000d5957218) 
thrown [s\src\hotspot\share\interpreter\linkResolver.cpp, line 773]
Event: 2.539 Thread 0x0000017ee97bf350 Exception <a 'java/lang/NoSuchMethodError'{0x00000000d595aba8}: 'void java.lang.invoke.DelegatingMethodHandle$Holder.reinvoke_L(java.lang.Object, java.lang.Object, int)'> (0x00000000d595aba8) 
thrown [s\src\hotspot\share\interpreter\linkResolver.cpp, line 773]
Event: 2.539 Thread 0x0000017ee97bf350 Exception <a 'java/lang/NoSuchMethodError'{0x00000000d5961890}: 'int java.lang.invoke.Invokers$Holder.invokeExact_MT(java.lang.Object, java.lang.Object, java.lang.Object)'> (0x00000000d5961890) 
thrown [s\src\hotspot\share\interpreter\linkResolver.cpp, line 773]
Event: 2.555 Thread 0x0000017ee97bf350 Exception <a 'java/lang/NoSuchMethodError'{0x00000000d5a86320}: 'void java.lang.invoke.Invokers$Holder.invokeExact_MT(java.lang.Object, java.lang.Object, int, java.lang.Object)'> (0x00000000d5a86320) 
thrown [s\src\hotspot\share\interpreter\linkResolver.cpp, line 773]
Event: 2.570 Thread 0x0000017ee97bf350 Exception <a 'java/lang/NoSuchMethodError'{0x00000000d5c16258}: 'java.lang.Object java.lang.invoke.DirectMethodHandle$Holder.invokeSpecial(java.lang.Object, java.lang.Object, java.lang.Object, long, java.lang.Object)'> (0x00000000d5c16258) 
thrown [s\src\hotspot\share\interpreter\linkResolver.cpp, line 773]
Event: 2.571 Thread 0x0000017ee97bf350 Exception <a 'java/lang/NoSuchMethodError'{0x00000000d5c1daa0}: 'java.lang.Object java.lang.invoke.DirectMethodHandle$Holder.newInvokeSpecial(java.lang.Object, java.lang.Object, java.lang.Object, long)'> (0x00000000d5c1daa0) 
thrown [s\src\hotspot\share\interpreter\linkResolver.cpp, line 773]
Event: 2.571 Thread 0x0000017ee97bf350 Exception <a 'java/lang/NoSuchMethodError'{0x00000000d5c21d90}: 'java.lang.Object java.lang.invoke.DirectMethodHandle$Holder.invokeSpecial(java.lang.Object, java.lang.Object, java.lang.Object, java.lang.Object, long)'> (0x00000000d5c21d90) 
thrown [s\src\hotspot\share\interpreter\linkResolver.cpp, line 773]
Event: 2.571 Thread 0x0000017ee97bf350 Exception <a 'java/lang/NoSuchMethodError'{0x00000000d5c259b0}: 'java.lang.Object java.lang.invoke.Invokers$Holder.linkToTargetMethod(java.lang.Object, java.lang.Object, long, java.lang.Object)'> (0x00000000d5c259b0) 
thrown [s\src\hotspot\share\interpreter\linkResolver.cpp, line 773]
Event: 2.577 Thread 0x0000017ee97bf350 Exception <a 'java/lang/NoSuchMethodError'{0x00000000d5cab330}: 'int java.lang.invoke.DirectMethodHandle$Holder.invokeStaticInit(java.lang.Object, java.lang.Object, java.lang.Object)'> (0x00000000d5cab330) 
thrown [s\src\hotspot\share\interpreter\linkResolver.cpp, line 773]
Event: 2.585 Thread 0x0000017ee97bf350 Exception <a 'java/lang/IncompatibleClassChangeError'{0x00000000d5d52470}: Found class java.lang.Object, but interface was expected> (0x00000000d5d52470) 
thrown [s\src\hotspot\share\interpreter\linkResolver.cpp, line 840]
Event: 2.588 Thread 0x0000017ee97bf350 Exception <a 'java/lang/NoSuchMethodError'{0x00000000d5d63298}: 'java.lang.Object java.lang.invoke.DirectMethodHandle$Holder.invokeSpecial(java.lang.Object, java.lang.Object, java.lang.Object, int, java.lang.Object, java.lang.Object)'> (0x00000000d5d63298) 
thrown [s\src\hotspot\share\interpreter\linkResolver.cpp, line 773]
Event: 2.589 Thread 0x0000017ee97bf350 Exception <a 'java/lang/NoSuchMethodError'{0x00000000d5d6acb0}: 'java.lang.Object java.lang.invoke.DirectMethodHandle$Holder.newInvokeSpecial(java.lang.Object, java.lang.Object, java.lang.Object, int, java.lang.Object)'> (0x00000000d5d6acb0) 
thrown [s\src\hotspot\share\interpreter\linkResolver.cpp, line 773]
Event: 2.589 Thread 0x0000017ee97bf350 Exception <a 'java/lang/NoSuchMethodError'{0x00000000d5d6ec30}: 'java.lang.Object java.lang.invoke.DirectMethodHandle$Holder.invokeSpecial(java.lang.Object, java.lang.Object, java.lang.Object, java.lang.Object, int, java.lang.Object)'> (0x00000000d5d6ec30) 
thrown [s\src\hotspot\share\interpreter\linkResolver.cpp, line 773]
Event: 2.589 Thread 0x0000017ee97bf350 Exception <a 'java/lang/NoSuchMethodError'{0x00000000d5d72770}: 'java.lang.Object java.lang.invoke.Invokers$Holder.linkToTargetMethod(java.lang.Object, java.lang.Object, int, java.lang.Object, java.lang.Object)'> (0x00000000d5d72770) 
thrown [s\src\hotspot\share\interpreter\linkResolver.cpp, line 773]
Event: 2.590 Thread 0x0000017eea242b70 Exception <a 'java/lang/NoSuchMethodError'{0x00000000d5c58268}: 'java.lang.Object java.lang.invoke.DirectMethodHandle$Holder.invokeSpecial(java.lang.Object, java.lang.Object, int, java.lang.Object, java.lang.Object)'> (0x00000000d5c58268) 
thrown [s\src\hotspot\share\interpreter\linkResolver.cpp, line 773]

ZGC Phase Switch (0 events):
No events

VM Operations (20 events):
Event: 1.465 Executing VM operation: HandshakeAllThreads (Deoptimize)
Event: 1.465 Executing VM operation: HandshakeAllThreads (Deoptimize) done
Event: 1.553 Executing VM operation: HandshakeAllThreads (Deoptimize)
Event: 1.553 Executing VM operation: HandshakeAllThreads (Deoptimize) done
Event: 1.643 Executing VM operation: ParallelGCFailedAllocation (Allocation Failure)
Event: 1.651 Executing VM operation: ParallelGCFailedAllocation (Allocation Failure) done
Event: 1.960 Executing VM operation: HandshakeAllThreads (Deoptimize)
Event: 1.960 Executing VM operation: HandshakeAllThreads (Deoptimize) done
Event: 2.025 Executing VM operation: ParallelGCFailedAllocation (Allocation Failure)
Event: 2.030 Executing VM operation: ParallelGCFailedAllocation (Allocation Failure) done
Event: 2.331 Executing VM operation: HandshakeAllThreads (Deoptimize)
Event: 2.332 Executing VM operation: HandshakeAllThreads (Deoptimize) done
Event: 2.460 Executing VM operation: ICBufferFull
Event: 2.460 Executing VM operation: ICBufferFull done
Event: 2.470 Executing VM operation: ParallelGCFailedAllocation (Allocation Failure)
Event: 2.475 Executing VM operation: ParallelGCFailedAllocation (Allocation Failure) done
Event: 2.504 Executing VM operation: HandshakeAllThreads (Deoptimize)
Event: 2.505 Executing VM operation: HandshakeAllThreads (Deoptimize) done
Event: 2.531 Executing VM operation: HandshakeAllThreads (Deoptimize)
Event: 2.531 Executing VM operation: HandshakeAllThreads (Deoptimize) done

Memory protections (0 events):
No events

Nmethod flushes (0 events):
No events

Events (20 events):
Event: 0.054 Thread 0x0000017e8b134180 Thread added: 0x0000017ea1bebeb0
Event: 0.055 Thread 0x0000017e8b134180 Thread added: 0x0000017ee4bb1090
Event: 0.055 Thread 0x0000017e8b134180 Thread added: 0x0000017ee4bd5a40
Event: 0.055 Thread 0x0000017e8b134180 Thread added: 0x0000017ee4be7ca0
Event: 0.102 Thread 0x0000017ee4be7ca0 Thread added: 0x0000017ee4ddc090
Event: 0.115 Thread 0x0000017e8b134180 Thread added: 0x0000017ee4e81ef0
Event: 0.321 Thread 0x0000017e8b134180 Thread added: 0x0000017ee4f18780
Event: 0.475 Thread 0x0000017ee4ddc090 Thread added: 0x0000017ee9293a60
Event: 1.109 Thread 0x0000017e8b134180 Thread added: 0x0000017ee926aee0
Event: 1.268 Thread 0x0000017e8b134180 Thread added: 0x0000017ee94a83b0
Event: 1.308 Thread 0x0000017ee94a83b0 Thread added: 0x0000017ee966ad00
Event: 1.312 Thread 0x0000017e8b134180 Thread added: 0x0000017ee97bf350
Event: 1.690 Thread 0x0000017ee97bf350 Thread added: 0x0000017ee97ae330
Event: 1.870 Thread 0x0000017ee9293a60 Thread exited: 0x0000017ee9293a60
Event: 1.949 Thread 0x0000017ee97bf350 Thread added: 0x0000017ee9c81ef0
Event: 2.009 Thread 0x0000017ee4ddc090 Thread added: 0x0000017ee9d5a9d0
Event: 2.204 Thread 0x0000017ee97bf350 Thread added: 0x0000017ee9767280
Event: 2.546 Thread 0x0000017ee97bf350 Thread added: 0x0000017eea240c70
Event: 2.573 Thread 0x0000017ee97bf350 Thread added: 0x0000017eea242b70
Event: 2.592 Thread 0x0000017ee97bf350 Thread added: 0x0000017eea241e50


Dynamic libraries:
0x00007ff75d330000 - 0x00007ff75d33e000 	c:\Users\Badboy\.cursor\extensions\redhat.java-1.50.0-win32-x64\jre\21.0.9-win32-x86_64\bin\java.exe
0x00007fffa18f0000 - 0x00007fffa1ae8000 	C:\WINDOWS\SYSTEM32\ntdll.dll
0x00007fffa01d0000 - 0x00007fffa0292000 	C:\WINDOWS\System32\KERNEL32.DLL
0x00007fff9f230000 - 0x00007fff9f526000 	C:\WINDOWS\System32\KERNELBASE.dll
0x00007fff9ef80000 - 0x00007fff9f080000 	C:\WINDOWS\System32\ucrtbase.dll
0x00007fff7b8b0000 - 0x00007fff7b8c8000 	c:\Users\Badboy\.cursor\extensions\redhat.java-1.50.0-win32-x64\jre\21.0.9-win32-x86_64\bin\jli.dll
0x00007fff7ed50000 - 0x00007fff7ed6e000 	c:\Users\Badboy\.cursor\extensions\redhat.java-1.50.0-win32-x64\jre\21.0.9-win32-x86_64\bin\VCRUNTIME140.dll
0x00007fff9ff90000 - 0x00007fffa0131000 	C:\WINDOWS\System32\USER32.dll
0x00007fff9f780000 - 0x00007fff9f7a2000 	C:\WINDOWS\System32\win32u.dll
0x00007fff85450000 - 0x00007fff856eb000 	C:\WINDOWS\WinSxS\amd64_microsoft.windows.common-controls_6595b64144ccf1df_6.0.19041.6456_none_60b8a6cb71f64256\COMCTL32.dll
0x00007fffa1070000 - 0x00007fffa109b000 	C:\WINDOWS\System32\GDI32.dll
0x00007fffa1170000 - 0x00007fffa120e000 	C:\WINDOWS\System32\msvcrt.dll
0x00007fff9f530000 - 0x00007fff9f649000 	C:\WINDOWS\System32\gdi32full.dll
0x00007fff9f080000 - 0x00007fff9f11d000 	C:\WINDOWS\System32\msvcp_win.dll
0x00007fffa01a0000 - 0x00007fffa01cf000 	C:\WINDOWS\System32\IMM32.DLL
0x00007fff83580000 - 0x00007fff8358c000 	c:\Users\Badboy\.cursor\extensions\redhat.java-1.50.0-win32-x64\jre\21.0.9-win32-x86_64\bin\vcruntime140_1.dll
0x00007fff69640000 - 0x00007fff696cd000 	c:\Users\Badboy\.cursor\extensions\redhat.java-1.50.0-win32-x64\jre\21.0.9-win32-x86_64\bin\msvcp140.dll
0x00007fff213d0000 - 0x00007fff22170000 	c:\Users\Badboy\.cursor\extensions\redhat.java-1.50.0-win32-x64\jre\21.0.9-win32-x86_64\bin\server\jvm.dll
0x00007fffa03b0000 - 0x00007fffa0461000 	C:\WINDOWS\System32\ADVAPI32.dll
0x00007fff9f9f0000 - 0x00007fff9fa8f000 	C:\WINDOWS\System32\sechost.dll
0x00007fffa1300000 - 0x00007fffa1420000 	C:\WINDOWS\System32\RPCRT4.dll
0x00007fff9f1b0000 - 0x00007fff9f1d7000 	C:\WINDOWS\System32\bcrypt.dll
0x00007fffa0be0000 - 0x00007fffa0c4b000 	C:\WINDOWS\System32\WS2_32.dll
0x00007fff9e480000 - 0x00007fff9e4cb000 	C:\WINDOWS\SYSTEM32\POWRPROF.dll
0x00007fff8d6f0000 - 0x00007fff8d717000 	C:\WINDOWS\SYSTEM32\WINMM.dll
0x00007fff95180000 - 0x00007fff9518a000 	C:\WINDOWS\SYSTEM32\VERSION.dll
0x00007fff9e340000 - 0x00007fff9e352000 	C:\WINDOWS\SYSTEM32\UMPDC.dll
0x00007fff9cdd0000 - 0x00007fff9cde2000 	C:\WINDOWS\SYSTEM32\kernel.appcore.dll
0x00007fff821a0000 - 0x00007fff821aa000 	c:\Users\Badboy\.cursor\extensions\redhat.java-1.50.0-win32-x64\jre\21.0.9-win32-x86_64\bin\jimage.dll
0x00007fff8cd80000 - 0x00007fff8cf81000 	C:\WINDOWS\SYSTEM32\DBGHELP.DLL
0x00007fff79ad0000 - 0x00007fff79b04000 	C:\WINDOWS\SYSTEM32\dbgcore.DLL
0x00007fff9f120000 - 0x00007fff9f1a2000 	C:\WINDOWS\System32\bcryptPrimitives.dll
0x00007fff83590000 - 0x00007fff8359f000 	c:\Users\Badboy\.cursor\extensions\redhat.java-1.50.0-win32-x64\jre\21.0.9-win32-x86_64\bin\instrument.dll
0x00007fff7b890000 - 0x00007fff7b8b0000 	c:\Users\Badboy\.cursor\extensions\redhat.java-1.50.0-win32-x64\jre\21.0.9-win32-x86_64\bin\java.dll
0x00007fffa0470000 - 0x00007fffa0be0000 	C:\WINDOWS\System32\SHELL32.dll
0x00007fff9cfd0000 - 0x00007fff9d775000 	C:\WINDOWS\SYSTEM32\windows.storage.dll
0x00007fffa0c50000 - 0x00007fffa0fa4000 	C:\WINDOWS\System32\combase.dll
0x00007fff9e8d0000 - 0x00007fff9e8fb000 	C:\WINDOWS\SYSTEM32\Wldp.dll
0x00007fffa10a0000 - 0x00007fffa116d000 	C:\WINDOWS\System32\OLEAUT32.dll
0x00007fffa0fb0000 - 0x00007fffa105d000 	C:\WINDOWS\System32\SHCORE.dll
0x00007fffa02a0000 - 0x00007fffa02fb000 	C:\WINDOWS\System32\shlwapi.dll
0x00007fff9eeb0000 - 0x00007fff9eed4000 	C:\WINDOWS\SYSTEM32\profapi.dll
0x00007fff7aca0000 - 0x00007fff7acb8000 	c:\Users\Badboy\.cursor\extensions\redhat.java-1.50.0-win32-x64\jre\21.0.9-win32-x86_64\bin\zip.dll
0x00007fff80b70000 - 0x00007fff80b80000 	C:\Users\Badboy\.cursor\extensions\redhat.java-1.50.0-win32-x64\jre\21.0.9-win32-x86_64\bin\net.dll
0x00007fff9b560000 - 0x00007fff9b66a000 	C:\WINDOWS\SYSTEM32\WINHTTP.dll
0x00007fff9e6b0000 - 0x00007fff9e71a000 	C:\WINDOWS\system32\mswsock.dll
0x00007fff7a8e0000 - 0x00007fff7a8f6000 	C:\Users\Badboy\.cursor\extensions\redhat.java-1.50.0-win32-x64\jre\21.0.9-win32-x86_64\bin\nio.dll
0x00007fff7ac90000 - 0x00007fff7aca0000 	c:\Users\Badboy\.cursor\extensions\redhat.java-1.50.0-win32-x64\jre\21.0.9-win32-x86_64\bin\verify.dll
0x00007fff49300000 - 0x00007fff49344000 	C:\Users\Badboy\AppData\Roaming\Cursor\User\globalStorage\redhat.java\1.50.0\config_win\org.eclipse.equinox.launcher\org.eclipse.equinox.launcher.win32.win32.x86_64_1.2.1400.v20250801-0854\eclipse_11916.dll
0x00007fffa1660000 - 0x00007fffa178b000 	C:\WINDOWS\System32\ole32.dll
0x00007fff9e910000 - 0x00007fff9e928000 	C:\WINDOWS\SYSTEM32\CRYPTSP.dll
0x00007fff9df80000 - 0x00007fff9dfb8000 	C:\WINDOWS\system32\rsaenh.dll
0x00007fff9ee70000 - 0x00007fff9ee9e000 	C:\WINDOWS\SYSTEM32\USERENV.dll
0x00007fff9e840000 - 0x00007fff9e84c000 	C:\WINDOWS\SYSTEM32\CRYPTBASE.dll
0x00007fff9e360000 - 0x00007fff9e39b000 	C:\WINDOWS\SYSTEM32\IPHLPAPI.DLL
0x00007fffa12f0000 - 0x00007fffa12f8000 	C:\WINDOWS\System32\NSI.dll
0x00007fff48fb0000 - 0x00007fff48ff9000 	C:\Users\Badboy\AppData\Local\Temp\jna-1982182343\jna15192054081406699823.dll
0x00007fffa14a0000 - 0x00007fffa14a8000 	C:\WINDOWS\System32\PSAPI.DLL

JVMTI agents:
c:\Users\Badboy\.cursor\extensions\redhat.java-1.50.0-win32-x64\lombok\lombok-1.18.39-4050.jar path:c:\Users\Badboy\.cursor\extensions\redhat.java-1.50.0-win32-x64\jre\21.0.9-win32-x86_64\bin\instrument.dll, loaded, initialized, instrumentlib options:none

dbghelp: loaded successfully - version: 4.0.5 - missing functions: none
symbol engine: initialized successfully - sym options: 0x614 - pdb path: .;c:\Users\Badboy\.cursor\extensions\redhat.java-1.50.0-win32-x64\jre\21.0.9-win32-x86_64\bin;C:\WINDOWS\SYSTEM32;C:\WINDOWS\WinSxS\amd64_microsoft.windows.common-controls_6595b64144ccf1df_6.0.19041.6456_none_60b8a6cb71f64256;c:\Users\Badboy\.cursor\extensions\redhat.java-1.50.0-win32-x64\jre\21.0.9-win32-x86_64\bin\server;C:\Users\Badboy\AppData\Roaming\Cursor\User\globalStorage\redhat.java\1.50.0\config_win\org.eclipse.equinox.launcher\org.eclipse.equinox.launcher.win32.win32.x86_64_1.2.1400.v20250801-0854;C:\Users\Badboy\AppData\Local\Temp\jna-1982182343

VM Arguments:
jvm_args: --add-modules=ALL-SYSTEM --add-opens=java.base/java.util=ALL-UNNAMED --add-opens=java.base/java.lang=ALL-UNNAMED --add-opens=java.base/sun.nio.fs=ALL-UNNAMED -Declipse.application=org.eclipse.jdt.ls.core.id1 -Dosgi.bundles.defaultStartLevel=4 -Declipse.product=org.eclipse.jdt.ls.core.product -Djava.import.generatesMetadataFilesAtProjectRoot=false -DDetectVMInstallationsJob.disabled=true -Dfile.encoding=utf8 -XX:+UseParallelGC -XX:GCTimeRatio=4 -XX:AdaptiveSizePolicyWeight=90 -Dsun.zip.disableMemoryMapping=true -Xmx2G -Xms100m -Xlog:disable -javaagent:c:\Users\Badboy\.cursor\extensions\redhat.java-1.50.0-win32-x64\lombok\lombok-1.18.39-4050.jar -XX:+HeapDumpOnOutOfMemoryError -XX:HeapDumpPath=c:\Users\Badboy\AppData\Roaming\Cursor\User\workspaceStorage\7867d043fd845f3da9fa8aaaa6adf8fa\redhat.java -Daether.dependencyCollector.impl=bf 
java_command: c:\Users\Badboy\.cursor\extensions\redhat.java-1.50.0-win32-x64\server\plugins\org.eclipse.equinox.launcher_1.7.100.v20251111-0406.jar -configuration c:\Users\Badboy\AppData\Roaming\Cursor\User\globalStorage\redhat.java\1.50.0\config_win -data c:\Users\Badboy\AppData\Roaming\Cursor\User\workspaceStorage\7867d043fd845f3da9fa8aaaa6adf8fa\redhat.java\jdt_ws --pipe=\\.\pipe\lsp-95aa8845b50880dc413eda35036efd6f-sock
java_class_path (initial): c:\Users\Badboy\.cursor\extensions\redhat.java-1.50.0-win32-x64\server\plugins\org.eclipse.equinox.launcher_1.7.100.v20251111-0406.jar
Launcher Type: SUN_STANDARD

[Global flags]
    uintx AdaptiveSizePolicyWeight                 = 90                                        {product} {command line}
     intx CICompilerCount                          = 4                                         {product} {ergonomic}
    uintx GCTimeRatio                              = 4                                         {product} {command line}
     bool HeapDumpOnOutOfMemoryError               = true                                   {manageable} {command line}
    ccstr HeapDumpPath                             = c:\Users\Badboy\AppData\Roaming\Cursor\User\workspaceStorage\7867d043fd845f3da9fa8aaaa6adf8fa\redhat.java         {manageable} {command line}
   size_t InitialHeapSize                          = 104857600                                 {product} {command line}
   size_t MaxHeapSize                              = 2147483648                                {product} {command line}
   size_t MaxNewSize                               = 715653120                                 {product} {ergonomic}
   size_t MinHeapDeltaBytes                        = 524288                                    {product} {ergonomic}
   size_t MinHeapSize                              = 104857600                                 {product} {command line}
   size_t NewSize                                  = 34603008                                  {product} {ergonomic}
    uintx NonNMethodCodeHeapSize                   = 5839372                                {pd product} {ergonomic}
    uintx NonProfiledCodeHeapSize                  = 122909434                              {pd product} {ergonomic}
   size_t OldSize                                  = 70254592                                  {product} {ergonomic}
    uintx ProfiledCodeHeapSize                     = 122909434                              {pd product} {ergonomic}
    uintx ReservedCodeCacheSize                    = 251658240                              {pd product} {ergonomic}
     bool SegmentedCodeCache                       = true                                      {product} {ergonomic}
   size_t SoftMaxHeapSize                          = 2147483648                             {manageable} {ergonomic}
     bool UseCompressedOops                        = true                           {product lp64_product} {ergonomic}
     bool UseLargePagesIndividualAllocation        = false                                  {pd product} {ergonomic}
     bool UseParallelGC                            = true                                      {product} {command line}

Logging:
Log output configuration:
 #0: stdout all=off uptime,level,tags foldmultilines=false
 #1: stderr all=off uptime,level,tags foldmultilines=false

Release file:
JAVA_VERSION="21.0.9" 
MODULES="java.base java.compiler java.datatransfer java.xml java.prefs java.desktop java.instrument java.logging java.management java.security.sasl java.naming java.rmi java.management.rmi java.net.http java.scripting java.security.jgss java.transaction.xa java.sql java.sql.rowset java.xml.crypto java.se java.smartcardio jdk.accessibility jdk.internal.jvmstat jdk.attach jdk.charsets jdk.internal.opt jdk.zipfs jdk.compiler jdk.crypto.ec jdk.crypto.cryptoki jdk.crypto.mscapi jdk.dynalink jdk.internal.ed jdk.editpad jdk.hotspot.agent jdk.httpserver jdk.internal.le jdk.internal.vm.ci jdk.internal.vm.compiler jdk.internal.vm.compiler.management jdk.jartool jdk.javadoc jdk.jcmd jdk.management jdk.management.agent jdk.jconsole jdk.jdeps jdk.jdwp.agent jdk.jdi jdk.jfr jdk.jshell jdk.jsobject jdk.jstatd jdk.localedata jdk.management.jfr jdk.naming.dns jdk.naming.rmi jdk.net jdk.nio.mapmode jdk.random jdk.sctp jdk.security.auth jdk.security.jgss jdk.unsupported jdk.unsupported.desktop jdk.xml.dom" 

Environment Variables:
JAVA_HOME=C:\Users\Badboy\.jdks\corretto-17.0.3
PATH=C:\Program Files\Eclipse Adoptium\jdk-21.0.9.10-hotspot\bin;C:\Program Files (x86)\Common Files\Oracle\Java\java8path;C:\Program Files (x86)\Common Files\Oracle\Java\javapath;C:\Python312\Scripts\;C:\Python312\;C:\Windows\system32;C:\Windows;C:\Windows\System32\Wbem;C:\Windows\System32\WindowsPowerShell\v1.0\;C:\Windows\System32\OpenSSH\;C:\Program Files (x86)\NVIDIA Corporation\PhysX\Common;C:\Program Files\Git\cmd;C:\WINDOWS\system32;C:\WINDOWS;C:\WINDOWS\System32\Wbem;C:\WINDOWS\System32\WindowsPowerShell\v1.0\;C:\WINDOWS\System32\OpenSSH\;C:\Program Files (x86)\IDEMIA\AWP\Dlls;C:\Program Files\IDEMIA\AWP\Dlls;C:\Users\Badboy\AppData\Local\Programs\Python\Python39;C:\Users\Badboy\apache-maven-3.8.6\bin;C:\Users\Badboy\.jdks\corretto-17.0.3\bin;C:\ProgramData\chocolatey\bin;C:\Program Files\Calibre2\;C:\Program Files\Rancher Desktop\resources\resources\win32\bin\;C:\Program Files\Rancher Desktop\resources\resources\linux\bin\;C:\Program Files\nodejs\;C:\Program Files\cursor\resources\app\bin;C:\Program Files\PuTTY\;C:\Program Files\Eclipse Adoptium\jdk-21.0.9.10-hotspot\bin;C:\Program Files (x86)\Common Files\Oracle\Java\java8path;C:\Program Files (x86)\Common Files\Oracle\Java\javapath;C:\Python312\Scripts\;C:\Python312\;C:\Windows\system32;C:\Windows;C:\Windows\System32\Wbem;C:\Windows\System32\WindowsPowerShell\v1.0\;C:\Windows\System32\OpenSSH\;C:\Program Files (x86)\NVIDIA Corporation\PhysX\Common;C:\Program Files\Git\cmd;C:\WINDOWS\system32;C:\WINDOWS;C:\WINDOWS\System32\Wbem;C:\WINDOWS\System32\WindowsPowerShell\v1.0\;C:\WINDOWS\System32\OpenSSH\;C:\Program Files (x86)\IDEMIA\AWP\Dlls;C:\Program Files\IDEMIA\AWP\Dlls;C:\Users\Badboy\AppData\Local\Programs\Python\Python39;C:\Users\Badboy\apache-maven-3.8.6\bin;C:\Users\Badboy\.jdks\corretto-17.0.3\bin;C:\ProgramData\chocolatey\bin;C:\Program Files\Calibre2\;C:\Program Files\Rancher Desktop\resources\resources\win32\bin\;C:\Program Files\Rancher Desktop\resources\resources\linux\bin\;C:\Program Files\nodejs\;C:\Program Files\cursor\resources\app\bin;C:\Users\Badboy;C:\Users\Badboy\AppData\Local\Programs\Microsoft VS Code\bin;C:\Users\Badboy\AppData\Roaming\npm;
USERNAME=Badboy
OS=Windows_NT
PROCESSOR_IDENTIFIER=AMD64 Family 23 Model 113 Stepping 0, AuthenticAMD
TMP=C:\Users\Badboy\AppData\Local\Temp
TEMP=C:\Users\Badboy\AppData\Local\Temp




Periodic native trim disabled

---------------  S Y S T E M  ---------------

OS:
 Windows 10 , 64 bit Build 19041 (10.0.19041.5915)
OS uptime: 0 days 6:25 hours
Hyper-V role detected

CPU: total 12 (initial active 12) (12 cores per cpu, 2 threads per core) family 23 model 113 stepping 0 microcode 0x0, cx8, cmov, fxsr, ht, mmx, 3dnowpref, sse, sse2, sse3, ssse3, sse4a, sse4.1, sse4.2, popcnt, lzcnt, tsc, tscinvbit, avx, avx2, aes, clmul, bmi1, bmi2, adx, sha, fma, vzeroupper, clflush, clflushopt, hv, rdtscp, rdpid, f16c
Processor Information for the first 12 processors :
  Max Mhz: 3600, Current Mhz: 3600, Mhz Limit: 3600

Memory: 4k page, system-wide physical 16333M (2212M free)
TotalPageFile size 65485M (AvailPageFile size 5M)
current process WorkingSet (physical memory assigned to process): 132M, peak: 132M
current process commit charge ("private bytes"): 280M, peak: 280M

vm_info: OpenJDK 64-Bit Server VM (21.0.9+10-LTS) for windows-amd64 JRE (21.0.9+10-LTS), built on 2025-10-21T00:00:00Z by "admin" with unknown MS VC++:1942

END.
