#
# There is insufficient memory for the Java Runtime Environment to continue.
# Native memory allocation (malloc) failed to allocate 1122720 bytes. Error detail: Chunk::new
# Possible reasons:
#   The system is out of physical RAM or swap space
#   This process is running with CompressedOops enabled, and the Java Heap may be blocking the growth of the native heap
# Possible solutions:
#   Reduce memory load on the system
#   Increase physical memory or swap space
#   Check if swap backing store is full
#   Decrease Java heap size (-Xmx/-Xms)
#   Decrease number of Java threads
#   Decrease Java thread stack sizes (-Xss)
#   Set larger code cache with -XX:ReservedCodeCacheSize=
#   JVM is running with Unscaled Compressed Oops mode in which the Java heap is
#     placed in the first 4GB address space. The Java Heap base address is the
#     maximum limit for the native heap growth. Please use -XX:HeapBaseMinAddress
#     to set the Java Heap base and to place the Java Heap above 4GB virtual address.
# This output file may be truncated or incomplete.
#
#  Out of Memory Error (arena.cpp:168), pid=2308, tid=28552
#
# JRE version: OpenJDK Runtime Environment Temurin-21.0.9+10 (21.0.9+10) (build 21.0.9+10-LTS)
# Java VM: OpenJDK 64-Bit Server VM Temurin-21.0.9+10 (21.0.9+10-LTS, mixed mode, sharing, tiered, compressed oops, compressed class ptrs, parallel gc, windows-amd64)
# No core dump will be written. Minidumps are not enabled by default on client versions of Windows
#

---------------  S U M M A R Y ------------

Command Line: --add-modules=ALL-SYSTEM --add-opens=java.base/java.util=ALL-UNNAMED --add-opens=java.base/java.lang=ALL-UNNAMED --add-opens=java.base/sun.nio.fs=ALL-UNNAMED -Declipse.application=org.eclipse.jdt.ls.core.id1 -Dosgi.bundles.defaultStartLevel=4 -Declipse.product=org.eclipse.jdt.ls.core.product -Djava.import.generatesMetadataFilesAtProjectRoot=false -DDetectVMInstallationsJob.disabled=true -Dfile.encoding=utf8 -XX:+UseParallelGC -XX:GCTimeRatio=4 -XX:AdaptiveSizePolicyWeight=90 -Dsun.zip.disableMemoryMapping=true -Xmx2G -Xms100m -Xlog:disable -javaagent:c:\Users\Badboy\.cursor\extensions\redhat.java-1.50.0-win32-x64\lombok\lombok-1.18.39-4050.jar -XX:+HeapDumpOnOutOfMemoryError -XX:HeapDumpPath=c:\Users\Badboy\AppData\Roaming\Cursor\User\workspaceStorage\8ebdda58935d15f2a12f5aab4b424216\redhat.java -Daether.dependencyCollector.impl=bf c:\Users\Badboy\.cursor\extensions\redhat.java-1.50.0-win32-x64\server\plugins\org.eclipse.equinox.launcher_1.7.100.v20251111-0406.jar -configuration c:\Users\Badboy\AppData\Roaming\Cursor\User\globalStorage\redhat.java\1.50.0\config_win -data c:\Users\Badboy\AppData\Roaming\Cursor\User\workspaceStorage\8ebdda58935d15f2a12f5aab4b424216\redhat.java\jdt_ws --pipe=\\.\pipe\lsp-67a0487975abd0b761b99cd886c4de57-sock

Host: AMD Ryzen 5 3600 6-Core Processor              , 12 cores, 15G,  Windows 10 , 64 bit Build 19041 (10.0.19041.5915)
Time: Wed Dec 10 11:40:00 2025 FLE Standard Time elapsed time: 3.387503 seconds (0d 0h 0m 3s)

---------------  T H R E A D  ---------------

Current thread (0x000001681403e030):  JavaThread "C2 CompilerThread2" daemon [_thread_in_native, id=28552, stack(0x00000029b8300000,0x00000029b8400000) (1024K)]


Current CompileTask:
C2:3387 6310   !   4       org.eclipse.osgi.internal.loader.BundleLoader::findRequiredSource (283 bytes)

Stack: [0x00000029b8300000,0x00000029b8400000]
Native frames: (J=compiled Java code, j=interpreted, Vv=VM code, C=native code)
V  [jvm.dll+0x6d6e29]
V  [jvm.dll+0x8b4b76]
V  [jvm.dll+0x8b712e]
V  [jvm.dll+0x8b7813]
V  [jvm.dll+0x283d86]
V  [jvm.dll+0xc66ed]
V  [jvm.dll+0xc6c31]
V  [jvm.dll+0x3be53b]
V  [jvm.dll+0x1e39b4]
V  [jvm.dll+0x24c0f3]
V  [jvm.dll+0x24b580]
V  [jvm.dll+0x1cb13e]
V  [jvm.dll+0x25b29d]
V  [jvm.dll+0x25982a]
V  [jvm.dll+0x3f7ea6]
V  [jvm.dll+0x85e9ad]
V  [jvm.dll+0x6d565d]
C  [ucrtbase.dll+0x21bb2]
C  [KERNEL32.DLL+0x17374]
C  [ntdll.dll+0x4cc91]


---------------  P R O C E S S  ---------------

Threads class SMR info:
_java_thread_list=0x00000168176b4930, length=55, elements={
0x00000167b61082e0, 0x00000167ccbb0170, 0x00000167ccbb18d0, 0x00000167ccbb3bf0,
0x00000167ccbb4b00, 0x00000167ccbb9440, 0x000001680fbc4090, 0x000001680fbc6f60,
0x000001680fbe7ad0, 0x000001680fddc170, 0x000001680fe45100, 0x000001680ff11450,
0x000001681403e030, 0x00000168149bcfc0, 0x0000016814a43730, 0x0000016814a309e0,
0x0000016814a3d4b0, 0x00000168146ab5d0, 0x0000016814f917f0, 0x0000016814d5be30,
0x000001681525c770, 0x00000168150d47e0, 0x00000168150d6220, 0x00000168150d3430,
0x00000168150d2da0, 0x00000168150d3ac0, 0x00000168150d4e70, 0x00000168150d4150,
0x0000016815399470, 0x000001681539aeb0, 0x0000016815398de0, 0x00000168153980c0,
0x000001681539b540, 0x0000016815399b00, 0x000001681539a190, 0x0000016815398750,
0x000001681539a820, 0x00000168171f9ec0, 0x00000168171fb270, 0x00000168171fc620,
0x00000168171f7df0, 0x00000168171f6a40, 0x00000168171fccb0, 0x00000168171fa550,
0x00000168171f7760, 0x00000168171f91a0, 0x00000168171f9830, 0x00000168171fd340,
0x00000168171fd9d0, 0x00000168171fe060, 0x00000168171fb900, 0x00000168171fbf90,
0x00000168171f70d0, 0x0000016818e5be70, 0x0000016818e5aac0
}

Java Threads: ( => current thread )
  0x00000167b61082e0 JavaThread "main"                              [_thread_blocked, id=32348, stack(0x00000029b7400000,0x00000029b7500000) (1024K)]
  0x00000167ccbb0170 JavaThread "Reference Handler"          daemon [_thread_blocked, id=32040, stack(0x00000029b7800000,0x00000029b7900000) (1024K)]
  0x00000167ccbb18d0 JavaThread "Finalizer"                  daemon [_thread_blocked, id=26136, stack(0x00000029b7900000,0x00000029b7a00000) (1024K)]
  0x00000167ccbb3bf0 JavaThread "Signal Dispatcher"          daemon [_thread_blocked, id=24876, stack(0x00000029b7a00000,0x00000029b7b00000) (1024K)]
  0x00000167ccbb4b00 JavaThread "Attach Listener"            daemon [_thread_blocked, id=11968, stack(0x00000029b7b00000,0x00000029b7c00000) (1024K)]
  0x00000167ccbb9440 JavaThread "Service Thread"             daemon [_thread_blocked, id=21752, stack(0x00000029b7c00000,0x00000029b7d00000) (1024K)]
  0x000001680fbc4090 JavaThread "Monitor Deflation Thread"   daemon [_thread_blocked, id=25320, stack(0x00000029b7d00000,0x00000029b7e00000) (1024K)]
  0x000001680fbc6f60 JavaThread "C2 CompilerThread0"         daemon [_thread_in_native, id=11648, stack(0x00000029b7e00000,0x00000029b7f00000) (1024K)]
  0x000001680fbe7ad0 JavaThread "C1 CompilerThread0"         daemon [_thread_blocked, id=24388, stack(0x00000029b7f00000,0x00000029b8000000) (1024K)]
  0x000001680fddc170 JavaThread "C2 CompilerThread1"         daemon [_thread_in_native, id=30888, stack(0x00000029b8000000,0x00000029b8100000) (1024K)]
  0x000001680fe45100 JavaThread "Common-Cleaner"             daemon [_thread_blocked, id=18340, stack(0x00000029b8100000,0x00000029b8200000) (1024K)]
  0x000001680ff11450 JavaThread "Notification Thread"        daemon [_thread_blocked, id=26096, stack(0x00000029b8200000,0x00000029b8300000) (1024K)]
=>0x000001681403e030 JavaThread "C2 CompilerThread2"         daemon [_thread_in_native, id=28552, stack(0x00000029b8300000,0x00000029b8400000) (1024K)]
  0x00000168149bcfc0 JavaThread "Active Thread: Equinox Container: 690bb339-63e3-42d4-8f3d-e4b34cddd867"        [_thread_blocked, id=29944, stack(0x00000029b8a00000,0x00000029b8b00000) (1024K)]
  0x0000016814a43730 JavaThread "Refresh Thread: Equinox Container: 690bb339-63e3-42d4-8f3d-e4b34cddd867" daemon [_thread_blocked, id=26916, stack(0x00000029b8b00000,0x00000029b8c00000) (1024K)]
  0x0000016814a309e0 JavaThread "Framework Event Dispatcher: Equinox Container: 690bb339-63e3-42d4-8f3d-e4b34cddd867" daemon [_thread_blocked, id=22160, stack(0x00000029b8d00000,0x00000029b8e00000) (1024K)]
  0x0000016814a3d4b0 JavaThread "Start Level: Equinox Container: 690bb339-63e3-42d4-8f3d-e4b34cddd867" daemon [_thread_blocked, id=16320, stack(0x00000029b8e00000,0x00000029b8f00000) (1024K)]
  0x00000168146ab5d0 JavaThread "Bundle File Closer"         daemon [_thread_blocked, id=5396, stack(0x00000029b9100000,0x00000029b9200000) (1024K)]
  0x0000016814f917f0 JavaThread "SCR Component Actor"        daemon [_thread_blocked, id=27592, stack(0x00000029b9200000,0x00000029b9300000) (1024K)]
  0x0000016814d5be30 JavaThread "Worker-JM"                         [_thread_blocked, id=5568, stack(0x00000029b9300000,0x00000029b9400000) (1024K)]
  0x000001681525c770 JavaThread "JNA Cleaner"                daemon [_thread_blocked, id=27836, stack(0x00000029b9400000,0x00000029b9500000) (1024K)]
  0x00000168150d47e0 JavaThread "Worker-0"                          [_thread_blocked, id=32436, stack(0x00000029b9500000,0x00000029b9600000) (1024K)]
  0x00000168150d6220 JavaThread "Worker-1"                          [_thread_blocked, id=29280, stack(0x00000029b9600000,0x00000029b9700000) (1024K)]
  0x00000168150d3430 JavaThread "Java indexing"              daemon [_thread_blocked, id=31284, stack(0x00000029b9700000,0x00000029b9800000) (1024K)]
  0x00000168150d2da0 JavaThread "Worker-2"                          [_thread_blocked, id=32252, stack(0x00000029b9a00000,0x00000029b9b00000) (1024K)]
  0x00000168150d3ac0 JavaThread "Worker-3"                          [_thread_blocked, id=13172, stack(0x00000029b9b00000,0x00000029b9c00000) (1024K)]
  0x00000168150d4e70 JavaThread "Thread-1"                   daemon [_thread_in_native, id=16900, stack(0x00000029b9c00000,0x00000029b9d00000) (1024K)]
  0x00000168150d4150 JavaThread "Thread-2"                   daemon [_thread_in_native, id=22472, stack(0x00000029b9d00000,0x00000029b9e00000) (1024K)]
  0x0000016815399470 JavaThread "Thread-3"                   daemon [_thread_in_native, id=32560, stack(0x00000029b9e00000,0x00000029b9f00000) (1024K)]
  0x000001681539aeb0 JavaThread "Thread-4"                   daemon [_thread_in_native, id=7744, stack(0x00000029b9f00000,0x00000029ba000000) (1024K)]
  0x0000016815398de0 JavaThread "Thread-5"                   daemon [_thread_in_native, id=20228, stack(0x00000029ba000000,0x00000029ba100000) (1024K)]
  0x00000168153980c0 JavaThread "Thread-6"                   daemon [_thread_in_native, id=13936, stack(0x00000029ba100000,0x00000029ba200000) (1024K)]
  0x000001681539b540 JavaThread "Thread-7"                   daemon [_thread_in_native, id=17316, stack(0x00000029ba200000,0x00000029ba300000) (1024K)]
  0x0000016815399b00 JavaThread "Thread-8"                   daemon [_thread_in_native, id=24668, stack(0x00000029ba300000,0x00000029ba400000) (1024K)]
  0x000001681539a190 JavaThread "Thread-9"                   daemon [_thread_in_native, id=10604, stack(0x00000029ba400000,0x00000029ba500000) (1024K)]
  0x0000016815398750 JavaThread "Thread-10"                  daemon [_thread_in_native, id=21912, stack(0x00000029ba500000,0x00000029ba600000) (1024K)]
  0x000001681539a820 JavaThread "Thread-11"                  daemon [_thread_in_native, id=26344, stack(0x00000029ba600000,0x00000029ba700000) (1024K)]
  0x00000168171f9ec0 JavaThread "Thread-12"                  daemon [_thread_in_native, id=29776, stack(0x00000029ba700000,0x00000029ba800000) (1024K)]
  0x00000168171fb270 JavaThread "Thread-13"                  daemon [_thread_in_native, id=27936, stack(0x00000029ba800000,0x00000029ba900000) (1024K)]
  0x00000168171fc620 JavaThread "pool-2-thread-1"                   [_thread_blocked, id=31976, stack(0x00000029ba900000,0x00000029baa00000) (1024K)]
  0x00000168171f7df0 JavaThread "WorkspaceEventsHandler"            [_thread_blocked, id=11980, stack(0x00000029baa00000,0x00000029bab00000) (1024K)]
  0x00000168171f6a40 JavaThread "pool-1-thread-1"                   [_thread_blocked, id=23792, stack(0x00000029bab00000,0x00000029bac00000) (1024K)]
  0x00000168171fccb0 JavaThread "Worker-4: Initialize Workspace"        [_thread_in_Java, id=4980, stack(0x00000029bac00000,0x00000029bad00000) (1024K)]
  0x00000168171fa550 JavaThread "ForkJoinPool.commonPool-worker-1" daemon [_thread_blocked, id=3464, stack(0x00000029bad00000,0x00000029bae00000) (1024K)]
  0x00000168171f7760 JavaThread "ForkJoinPool.commonPool-worker-2" daemon [_thread_blocked, id=6888, stack(0x00000029bae00000,0x00000029baf00000) (1024K)]
  0x00000168171f91a0 JavaThread "ForkJoinPool.commonPool-worker-3" daemon [_thread_blocked, id=24932, stack(0x00000029baf00000,0x00000029bb000000) (1024K)]
  0x00000168171f9830 JavaThread "ForkJoinPool.commonPool-worker-4" daemon [_thread_blocked, id=30592, stack(0x00000029bb000000,0x00000029bb100000) (1024K)]
  0x00000168171fd340 JavaThread "ForkJoinPool.commonPool-worker-5" daemon [_thread_blocked, id=24120, stack(0x00000029bb100000,0x00000029bb200000) (1024K)]
  0x00000168171fd9d0 JavaThread "ForkJoinPool.commonPool-worker-6" daemon [_thread_blocked, id=27264, stack(0x00000029bb200000,0x00000029bb300000) (1024K)]
  0x00000168171fe060 JavaThread "ForkJoinPool.commonPool-worker-7" daemon [_thread_blocked, id=25844, stack(0x00000029bb300000,0x00000029bb400000) (1024K)]
  0x00000168171fb900 JavaThread "ForkJoinPool.commonPool-worker-8" daemon [_thread_blocked, id=16092, stack(0x00000029bb400000,0x00000029bb500000) (1024K)]
  0x00000168171fbf90 JavaThread "ForkJoinPool.commonPool-worker-9" daemon [_thread_blocked, id=21584, stack(0x00000029bb500000,0x00000029bb600000) (1024K)]
  0x00000168171f70d0 JavaThread "ForkJoinPool.commonPool-worker-10" daemon [_thread_blocked, id=25816, stack(0x00000029bb600000,0x00000029bb700000) (1024K)]
  0x0000016818e5be70 JavaThread "ForkJoinPool.commonPool-worker-11" daemon [_thread_blocked, id=3212, stack(0x00000029bb700000,0x00000029bb800000) (1024K)]
  0x0000016818e5aac0 JavaThread "Timer-0"                           [_thread_blocked, id=1212, stack(0x00000029bb800000,0x00000029bb900000) (1024K)]
Total: 55

Other Threads:
  0x00000167b3f3eaa0 VMThread "VM Thread"                           [id=18488, stack(0x00000029b7700000,0x00000029b7800000) (1024K)]
  0x00000167cca9c7e0 WatcherThread "VM Periodic Task Thread"        [id=26876, stack(0x00000029b7600000,0x00000029b7700000) (1024K)]
  0x00000167b61254f0 WorkerThread "GC Thread#0"                     [id=18884, stack(0x00000029b7500000,0x00000029b7600000) (1024K)]
  0x000001681466a7c0 WorkerThread "GC Thread#1"                     [id=27492, stack(0x00000029b8400000,0x00000029b8500000) (1024K)]
  0x000001681466ab60 WorkerThread "GC Thread#2"                     [id=22500, stack(0x00000029b8500000,0x00000029b8600000) (1024K)]
  0x00000168141ef6a0 WorkerThread "GC Thread#3"                     [id=31560, stack(0x00000029b8600000,0x00000029b8700000) (1024K)]
  0x00000168141efe40 WorkerThread "GC Thread#4"                     [id=244, stack(0x00000029b8700000,0x00000029b8800000) (1024K)]
  0x00000168141f01e0 WorkerThread "GC Thread#5"                     [id=30656, stack(0x00000029b8800000,0x00000029b8900000) (1024K)]
  0x00000168141f0580 WorkerThread "GC Thread#6"                     [id=11944, stack(0x00000029b8900000,0x00000029b8a00000) (1024K)]
  0x0000016814a79bc0 WorkerThread "GC Thread#7"                     [id=9816, stack(0x00000029b8c00000,0x00000029b8d00000) (1024K)]
  0x00000168149222f0 WorkerThread "GC Thread#8"                     [id=28900, stack(0x00000029b8f00000,0x00000029b9000000) (1024K)]
  0x0000016814922690 WorkerThread "GC Thread#9"                     [id=13076, stack(0x00000029b9000000,0x00000029b9100000) (1024K)]
Total: 12

Threads with active compile tasks:
C2 CompilerThread0  3402 6370       4       org.eclipse.osgi.internal.loader.BundleLoader::addExportedProvidersFor (167 bytes)
C2 CompilerThread1  3402 6399       4       java.lang.invoke.MethodType::makeImpl (109 bytes)
C2 CompilerThread2  3402 6310   !   4       org.eclipse.osgi.internal.loader.BundleLoader::findRequiredSource (283 bytes)
Total: 3

VM state: not at safepoint (normal execution)

VM Mutex/Monitor currently owned by a thread: None

Heap address: 0x0000000080000000, size: 2048 MB, Compressed Oops mode: 32-bit

CDS archive(s) mapped at: [0x00000167cd000000-0x00000167cdba0000-0x00000167cdba0000), size 12189696, SharedBaseAddress: 0x00000167cd000000, ArchiveRelocationMode: 1.
Compressed class space mapped at: 0x00000167ce000000-0x000001680e000000, reserved size: 1073741824
Narrow klass base: 0x00000167cd000000, Narrow klass shift: 0, Narrow klass range: 0x100000000

GC Precious Log:
 CardTable entry size: 512
 CPUs: 12 total, 12 available
 Memory: 16333M
 Large Page Support: Disabled
 NUMA Support: Disabled
 Compressed Oops: Enabled (32-bit)
 Alignments: Space 512K, Generation 512K, Heap 2M
 Heap Min Capacity: 100M
 Heap Initial Capacity: 100M
 Heap Max Capacity: 2G
 Pre-touch: Disabled
 Parallel Workers: 10

Heap:
 PSYoungGen      total 25600K, used 12941K [0x00000000d5580000, 0x00000000d7200000, 0x0000000100000000)
  eden space 22016K, 42% used [0x00000000d5580000,0x00000000d5ea8c28,0x00000000d6b00000)
  from space 3584K, 99% used [0x00000000d6b00000,0x00000000d6e7a9f0,0x00000000d6e80000)
  to   space 1536K, 0% used [0x00000000d6e80000,0x00000000d6e80000,0x00000000d7000000)
 ParOldGen       total 68608K, used 31383K [0x0000000080000000, 0x0000000084300000, 0x00000000d5580000)
  object space 68608K, 45% used [0x0000000080000000,0x0000000081ea5db0,0x0000000084300000)
 Metaspace       used 47429K, committed 48640K, reserved 1114112K
  class space    used 5227K, committed 5760K, reserved 1048576K

Card table byte_map: [0x00000167b5ac0000,0x00000167b5ed0000] _byte_map_base: 0x00000167b56c0000

Marking Bits: (ParMarkBitMap*) 0x00007ff8cee42460
 Begin Bits: [0x00000167c85c0000, 0x00000167ca5c0000)
 End Bits:   [0x00000167ca5c0000, 0x00000167cc5c0000)

Polling page: 0x00000167b3e20000

Metaspace:

Usage:
  Non-class:     41.21 MB used.
      Class:      5.11 MB used.
       Both:     46.32 MB used.

Virtual space:
  Non-class space:       64.00 MB reserved,      41.88 MB ( 65%) committed,  1 nodes.
      Class space:        1.00 GB reserved,       5.62 MB ( <1%) committed,  1 nodes.
             Both:        1.06 GB reserved,      47.50 MB (  4%) committed. 

Chunk freelists:
   Non-Class:  5.47 MB
       Class:  10.38 MB
        Both:  15.84 MB

MaxMetaspaceSize: unlimited
CompressedClassSpaceSize: 1.00 GB
Initial GC threshold: 21.00 MB
Current GC threshold: 58.38 MB
CDS: on
 - commit_granule_bytes: 65536.
 - commit_granule_words: 8192.
 - virtual_space_node_default_size: 8388608.
 - enlarge_chunks_in_place: 1.
 - use_allocation_guard: 0.


Internal statistics:

num_allocs_failed_limit: 8.
num_arena_births: 838.
num_arena_deaths: 14.
num_vsnodes_births: 2.
num_vsnodes_deaths: 0.
num_space_committed: 760.
num_space_uncommitted: 0.
num_chunks_returned_to_freelist: 22.
num_chunks_taken_from_freelist: 2852.
num_chunk_merges: 14.
num_chunk_splits: 1840.
num_chunks_enlarged: 1173.
num_inconsistent_stats: 0.

CodeHeap 'non-profiled nmethods': size=120000Kb used=3090Kb max_used=3090Kb free=116909Kb
 bounds [0x00000167c0de0000, 0x00000167c10f0000, 0x00000167c8310000]
CodeHeap 'profiled nmethods': size=120000Kb used=11951Kb max_used=11951Kb free=108048Kb
 bounds [0x00000167b9310000, 0x00000167b9ec0000, 0x00000167c0840000]
CodeHeap 'non-nmethods': size=5760Kb used=1375Kb max_used=1439Kb free=4384Kb
 bounds [0x00000167c0840000, 0x00000167c0ab0000, 0x00000167c0de0000]
CodeCache: size=245760Kb, used=16416Kb, max_used=16480Kb, free=229341Kb
 total_blobs=6604, nmethods=5930, adapters=580, full_count=0
Compilation: enabled, stopped_count=0, restarted_count=0

Compilation events (20 events):
Event: 3.337 Thread 0x000001680fbc6f60 nmethod 6366 0x00000167c10dfe90 code [0x00000167c10e0280, 0x00000167c10e2230]
Event: 3.337 Thread 0x000001680fbc6f60 6370       4       org.eclipse.osgi.internal.loader.BundleLoader::addExportedProvidersFor (167 bytes)
Event: 3.348 Thread 0x000001680fbe7ad0 6486       3       java.lang.invoke.MethodHandles::constant (88 bytes)
Event: 3.348 Thread 0x000001680fbe7ad0 nmethod 6486 0x00000167b9eb2d10 code [0x00000167b9eb3020, 0x00000167b9eb3f00]
Event: 3.348 Thread 0x000001680fbe7ad0 6487       3       java.lang.invoke.MethodHandles::makeIdentity (23 bytes)
Event: 3.349 Thread 0x000001680fbe7ad0 nmethod 6487 0x00000167b9eb4410 code [0x00000167b9eb4680, 0x00000167b9eb4f98]
Event: 3.349 Thread 0x000001680fbe7ad0 6488       3       jdk.internal.reflect.ReflectionFactory::useMethodHandleAccessor (18 bytes)
Event: 3.349 Thread 0x000001680fbe7ad0 nmethod 6488 0x00000167b9eb5410 code [0x00000167b9eb55c0, 0x00000167b9eb5740]
Event: 3.349 Thread 0x000001680fbe7ad0 6489       3       jdk.internal.reflect.MethodHandleAccessorFactory::useNativeAccessor (74 bytes)
Event: 3.350 Thread 0x000001680fbe7ad0 nmethod 6489 0x00000167b9eb5810 code [0x00000167b9eb5a60, 0x00000167b9eb6280]
Event: 3.350 Thread 0x000001680fbe7ad0 6490       3       java.lang.invoke.MethodType::genericMethodType (6 bytes)
Event: 3.350 Thread 0x000001680fbe7ad0 nmethod 6490 0x00000167b9eb6510 code [0x00000167b9eb66c0, 0x00000167b9eb67e0]
Event: 3.352 Thread 0x000001680fbe7ad0 6492       3       java.util.regex.Pattern$SliceU::match (99 bytes)
Event: 3.353 Thread 0x000001680fbe7ad0 nmethod 6492 0x00000167b9eb6890 code [0x00000167b9eb6ac0, 0x00000167b9eb7238]
Event: 3.356 Thread 0x000001680fbe7ad0 6493       3       java.nio.MappedByteBuffer::position (6 bytes)
Event: 3.356 Thread 0x000001680fbe7ad0 nmethod 6493 0x00000167b9eb7510 code [0x00000167b9eb76c0, 0x00000167b9eb78d0]
Event: 3.359 Thread 0x000001680fbe7ad0 6494       3       java.lang.ThreadLocal::setInitialValue (64 bytes)
Event: 3.360 Thread 0x000001680fbe7ad0 nmethod 6494 0x00000167b9eb7a10 code [0x00000167b9eb7c60, 0x00000167b9eb86d8]
Event: 3.370 Thread 0x000001680fbe7ad0 6495       3       java.lang.ClassLoader::definePackage (53 bytes)
Event: 3.370 Thread 0x000001680fbe7ad0 nmethod 6495 0x00000167b9eb8990 code [0x00000167b9eb8ba0, 0x00000167b9eb9100]

GC Heap History (20 events):
Event: 2.117 GC heap before
{Heap before GC invocations=12 (full 1):
 PSYoungGen      total 25088K, used 24940K [0x00000000d5580000, 0x00000000d7380000, 0x0000000100000000)
  eden space 23040K, 100% used [0x00000000d5580000,0x00000000d6c00000,0x00000000d6c00000)
  from space 2048K, 92% used [0x00000000d7180000,0x00000000d735b320,0x00000000d7380000)
  to   space 2048K, 0% used [0x00000000d6f80000,0x00000000d6f80000,0x00000000d7180000)
 ParOldGen       total 68608K, used 15925K [0x0000000080000000, 0x0000000084300000, 0x00000000d5580000)
  object space 68608K, 23% used [0x0000000080000000,0x0000000080f8d6f8,0x0000000084300000)
 Metaspace       used 30925K, committed 31936K, reserved 1114112K
  class space    used 3081K, committed 3520K, reserved 1048576K
}
Event: 2.119 GC heap after
{Heap after GC invocations=12 (full 1):
 PSYoungGen      total 24576K, used 1754K [0x00000000d5580000, 0x00000000d7200000, 0x0000000100000000)
  eden space 22528K, 0% used [0x00000000d5580000,0x00000000d5580000,0x00000000d6b80000)
  from space 2048K, 85% used [0x00000000d6f80000,0x00000000d7136b18,0x00000000d7180000)
  to   space 512K, 0% used [0x00000000d7180000,0x00000000d7180000,0x00000000d7200000)
 ParOldGen       total 68608K, used 17683K [0x0000000080000000, 0x0000000084300000, 0x00000000d5580000)
  object space 68608K, 25% used [0x0000000080000000,0x0000000081144f70,0x0000000084300000)
 Metaspace       used 30925K, committed 31936K, reserved 1114112K
  class space    used 3081K, committed 3520K, reserved 1048576K
}
Event: 2.202 GC heap before
{Heap before GC invocations=13 (full 1):
 PSYoungGen      total 24576K, used 24282K [0x00000000d5580000, 0x00000000d7200000, 0x0000000100000000)
  eden space 22528K, 100% used [0x00000000d5580000,0x00000000d6b80000,0x00000000d6b80000)
  from space 2048K, 85% used [0x00000000d6f80000,0x00000000d7136b18,0x00000000d7180000)
  to   space 512K, 0% used [0x00000000d7180000,0x00000000d7180000,0x00000000d7200000)
 ParOldGen       total 68608K, used 17683K [0x0000000080000000, 0x0000000084300000, 0x00000000d5580000)
  object space 68608K, 25% used [0x0000000080000000,0x0000000081144f70,0x0000000084300000)
 Metaspace       used 33112K, committed 34048K, reserved 1114112K
  class space    used 3369K, committed 3776K, reserved 1048576K
}
Event: 2.203 GC heap after
{Heap after GC invocations=13 (full 1):
 PSYoungGen      total 22528K, used 512K [0x00000000d5580000, 0x00000000d7300000, 0x0000000100000000)
  eden space 22016K, 0% used [0x00000000d5580000,0x00000000d5580000,0x00000000d6b00000)
  from space 512K, 100% used [0x00000000d7180000,0x00000000d7200000,0x00000000d7200000)
  to   space 4096K, 0% used [0x00000000d6b00000,0x00000000d6b00000,0x00000000d6f00000)
 ParOldGen       total 68608K, used 20607K [0x0000000080000000, 0x0000000084300000, 0x00000000d5580000)
  object space 68608K, 30% used [0x0000000080000000,0x000000008141fff8,0x0000000084300000)
 Metaspace       used 33112K, committed 34048K, reserved 1114112K
  class space    used 3369K, committed 3776K, reserved 1048576K
}
Event: 2.294 GC heap before
{Heap before GC invocations=14 (full 1):
 PSYoungGen      total 22528K, used 22519K [0x00000000d5580000, 0x00000000d7300000, 0x0000000100000000)
  eden space 22016K, 99% used [0x00000000d5580000,0x00000000d6afdcb8,0x00000000d6b00000)
  from space 512K, 100% used [0x00000000d7180000,0x00000000d7200000,0x00000000d7200000)
  to   space 4096K, 0% used [0x00000000d6b00000,0x00000000d6b00000,0x00000000d6f00000)
 ParOldGen       total 68608K, used 20607K [0x0000000080000000, 0x0000000084300000, 0x00000000d5580000)
  object space 68608K, 30% used [0x0000000080000000,0x000000008141fff8,0x0000000084300000)
 Metaspace       used 34831K, committed 35840K, reserved 1114112K
  class space    used 3558K, committed 4032K, reserved 1048576K
}
Event: 2.295 GC heap after
{Heap after GC invocations=14 (full 1):
 PSYoungGen      total 26112K, used 1216K [0x00000000d5580000, 0x00000000d7200000, 0x0000000100000000)
  eden space 22016K, 0% used [0x00000000d5580000,0x00000000d5580000,0x00000000d6b00000)
  from space 4096K, 29% used [0x00000000d6b00000,0x00000000d6c30020,0x00000000d6f00000)
  to   space 2048K, 0% used [0x00000000d7000000,0x00000000d7000000,0x00000000d7200000)
 ParOldGen       total 68608K, used 21104K [0x0000000080000000, 0x0000000084300000, 0x00000000d5580000)
  object space 68608K, 30% used [0x0000000080000000,0x000000008149c018,0x0000000084300000)
 Metaspace       used 34831K, committed 35840K, reserved 1114112K
  class space    used 3558K, committed 4032K, reserved 1048576K
}
Event: 2.295 GC heap before
{Heap before GC invocations=15 (full 2):
 PSYoungGen      total 26112K, used 1216K [0x00000000d5580000, 0x00000000d7200000, 0x0000000100000000)
  eden space 22016K, 0% used [0x00000000d5580000,0x00000000d5580000,0x00000000d6b00000)
  from space 4096K, 29% used [0x00000000d6b00000,0x00000000d6c30020,0x00000000d6f00000)
  to   space 2048K, 0% used [0x00000000d7000000,0x00000000d7000000,0x00000000d7200000)
 ParOldGen       total 68608K, used 21104K [0x0000000080000000, 0x0000000084300000, 0x00000000d5580000)
  object space 68608K, 30% used [0x0000000080000000,0x000000008149c018,0x0000000084300000)
 Metaspace       used 34831K, committed 35840K, reserved 1114112K
  class space    used 3558K, committed 4032K, reserved 1048576K
}
Event: 2.316 GC heap after
{Heap after GC invocations=15 (full 2):
 PSYoungGen      total 26112K, used 0K [0x00000000d5580000, 0x00000000d7200000, 0x0000000100000000)
  eden space 22016K, 0% used [0x00000000d5580000,0x00000000d5580000,0x00000000d6b00000)
  from space 4096K, 0% used [0x00000000d6b00000,0x00000000d6b00000,0x00000000d6f00000)
  to   space 2048K, 0% used [0x00000000d7000000,0x00000000d7000000,0x00000000d7200000)
 ParOldGen       total 68608K, used 20628K [0x0000000080000000, 0x0000000084300000, 0x00000000d5580000)
  object space 68608K, 30% used [0x0000000080000000,0x00000000814250f8,0x0000000084300000)
 Metaspace       used 34831K, committed 35840K, reserved 1114112K
  class space    used 3558K, committed 4032K, reserved 1048576K
}
Event: 2.457 GC heap before
{Heap before GC invocations=16 (full 2):
 PSYoungGen      total 26112K, used 22016K [0x00000000d5580000, 0x00000000d7200000, 0x0000000100000000)
  eden space 22016K, 100% used [0x00000000d5580000,0x00000000d6b00000,0x00000000d6b00000)
  from space 4096K, 0% used [0x00000000d6b00000,0x00000000d6b00000,0x00000000d6f00000)
  to   space 2048K, 0% used [0x00000000d7000000,0x00000000d7000000,0x00000000d7200000)
 ParOldGen       total 68608K, used 20628K [0x0000000080000000, 0x0000000084300000, 0x00000000d5580000)
  object space 68608K, 30% used [0x0000000080000000,0x00000000814250f8,0x0000000084300000)
 Metaspace       used 36972K, committed 38080K, reserved 1114112K
  class space    used 3880K, committed 4352K, reserved 1048576K
}
Event: 2.458 GC heap after
{Heap after GC invocations=16 (full 2):
 PSYoungGen      total 23552K, used 1037K [0x00000000d5580000, 0x00000000d7180000, 0x0000000100000000)
  eden space 22016K, 0% used [0x00000000d5580000,0x00000000d5580000,0x00000000d6b00000)
  from space 1536K, 67% used [0x00000000d7000000,0x00000000d7103610,0x00000000d7180000)
  to   space 1536K, 0% used [0x00000000d6e80000,0x00000000d6e80000,0x00000000d7000000)
 ParOldGen       total 68608K, used 20636K [0x0000000080000000, 0x0000000084300000, 0x00000000d5580000)
  object space 68608K, 30% used [0x0000000080000000,0x00000000814270f8,0x0000000084300000)
 Metaspace       used 36972K, committed 38080K, reserved 1114112K
  class space    used 3880K, committed 4352K, reserved 1048576K
}
Event: 2.579 GC heap before
{Heap before GC invocations=17 (full 2):
 PSYoungGen      total 23552K, used 23053K [0x00000000d5580000, 0x00000000d7180000, 0x0000000100000000)
  eden space 22016K, 99% used [0x00000000d5580000,0x00000000d6affff8,0x00000000d6b00000)
  from space 1536K, 67% used [0x00000000d7000000,0x00000000d7103610,0x00000000d7180000)
  to   space 1536K, 0% used [0x00000000d6e80000,0x00000000d6e80000,0x00000000d7000000)
 ParOldGen       total 68608K, used 20636K [0x0000000080000000, 0x0000000084300000, 0x00000000d5580000)
  object space 68608K, 30% used [0x0000000080000000,0x00000000814270f8,0x0000000084300000)
 Metaspace       used 38372K, committed 39552K, reserved 1114112K
  class space    used 4064K, committed 4608K, reserved 1048576K
}
Event: 2.580 GC heap after
{Heap after GC invocations=17 (full 2):
 PSYoungGen      total 23040K, used 640K [0x00000000d5580000, 0x00000000d7080000, 0x0000000100000000)
  eden space 22016K, 0% used [0x00000000d5580000,0x00000000d5580000,0x00000000d6b00000)
  from space 1024K, 62% used [0x00000000d6e80000,0x00000000d6f20000,0x00000000d6f80000)
  to   space 1024K, 0% used [0x00000000d6f80000,0x00000000d6f80000,0x00000000d7080000)
 ParOldGen       total 68608K, used 21356K [0x0000000080000000, 0x0000000084300000, 0x00000000d5580000)
  object space 68608K, 31% used [0x0000000080000000,0x00000000814db0f8,0x0000000084300000)
 Metaspace       used 38372K, committed 39552K, reserved 1114112K
  class space    used 4064K, committed 4608K, reserved 1048576K
}
Event: 2.736 GC heap before
{Heap before GC invocations=18 (full 2):
 PSYoungGen      total 23040K, used 22656K [0x00000000d5580000, 0x00000000d7080000, 0x0000000100000000)
  eden space 22016K, 100% used [0x00000000d5580000,0x00000000d6b00000,0x00000000d6b00000)
  from space 1024K, 62% used [0x00000000d6e80000,0x00000000d6f20000,0x00000000d6f80000)
  to   space 1024K, 0% used [0x00000000d6f80000,0x00000000d6f80000,0x00000000d7080000)
 ParOldGen       total 68608K, used 21356K [0x0000000080000000, 0x0000000084300000, 0x00000000d5580000)
  object space 68608K, 31% used [0x0000000080000000,0x00000000814db0f8,0x0000000084300000)
 Metaspace       used 40845K, committed 41984K, reserved 1114112K
  class space    used 4387K, committed 4864K, reserved 1048576K
}
Event: 2.737 GC heap after
{Heap after GC invocations=18 (full 2):
 PSYoungGen      total 23040K, used 1024K [0x00000000d5580000, 0x00000000d7080000, 0x0000000100000000)
  eden space 22016K, 0% used [0x00000000d5580000,0x00000000d5580000,0x00000000d6b00000)
  from space 1024K, 100% used [0x00000000d6f80000,0x00000000d7080000,0x00000000d7080000)
  to   space 2048K, 0% used [0x00000000d6c80000,0x00000000d6c80000,0x00000000d6e80000)
 ParOldGen       total 68608K, used 21788K [0x0000000080000000, 0x0000000084300000, 0x00000000d5580000)
  object space 68608K, 31% used [0x0000000080000000,0x00000000815470f8,0x0000000084300000)
 Metaspace       used 40845K, committed 41984K, reserved 1114112K
  class space    used 4387K, committed 4864K, reserved 1048576K
}
Event: 2.945 GC heap before
{Heap before GC invocations=19 (full 2):
 PSYoungGen      total 23040K, used 23040K [0x00000000d5580000, 0x00000000d7080000, 0x0000000100000000)
  eden space 22016K, 100% used [0x00000000d5580000,0x00000000d6b00000,0x00000000d6b00000)
  from space 1024K, 100% used [0x00000000d6f80000,0x00000000d7080000,0x00000000d7080000)
  to   space 2048K, 0% used [0x00000000d6c80000,0x00000000d6c80000,0x00000000d6e80000)
 ParOldGen       total 68608K, used 21788K [0x0000000080000000, 0x0000000084300000, 0x00000000d5580000)
  object space 68608K, 31% used [0x0000000080000000,0x00000000815470f8,0x0000000084300000)
 Metaspace       used 43327K, committed 44416K, reserved 1114112K
  class space    used 4729K, committed 5184K, reserved 1048576K
}
Event: 2.947 GC heap after
{Heap after GC invocations=19 (full 2):
 PSYoungGen      total 24064K, used 1440K [0x00000000d5580000, 0x00000000d7000000, 0x0000000100000000)
  eden space 22016K, 0% used [0x00000000d5580000,0x00000000d5580000,0x00000000d6b00000)
  from space 2048K, 70% used [0x00000000d6c80000,0x00000000d6de8000,0x00000000d6e80000)
  to   space 1536K, 0% used [0x00000000d6e80000,0x00000000d6e80000,0x00000000d7000000)
 ParOldGen       total 68608K, used 22635K [0x0000000080000000, 0x0000000084300000, 0x00000000d5580000)
  object space 68608K, 32% used [0x0000000080000000,0x000000008161adf8,0x0000000084300000)
 Metaspace       used 43327K, committed 44416K, reserved 1114112K
  class space    used 4729K, committed 5184K, reserved 1048576K
}
Event: 3.208 GC heap before
{Heap before GC invocations=20 (full 2):
 PSYoungGen      total 24064K, used 23456K [0x00000000d5580000, 0x00000000d7000000, 0x0000000100000000)
  eden space 22016K, 100% used [0x00000000d5580000,0x00000000d6b00000,0x00000000d6b00000)
  from space 2048K, 70% used [0x00000000d6c80000,0x00000000d6de8000,0x00000000d6e80000)
  to   space 1536K, 0% used [0x00000000d6e80000,0x00000000d6e80000,0x00000000d7000000)
 ParOldGen       total 68608K, used 22635K [0x0000000080000000, 0x0000000084300000, 0x00000000d5580000)
  object space 68608K, 32% used [0x0000000080000000,0x000000008161adf8,0x0000000084300000)
 Metaspace       used 45295K, committed 46400K, reserved 1114112K
  class space    used 4935K, committed 5440K, reserved 1048576K
}
Event: 3.210 GC heap after
{Heap after GC invocations=20 (full 2):
 PSYoungGen      total 23552K, used 1536K [0x00000000d5580000, 0x00000000d7200000, 0x0000000100000000)
  eden space 22016K, 0% used [0x00000000d5580000,0x00000000d5580000,0x00000000d6b00000)
  from space 1536K, 100% used [0x00000000d6e80000,0x00000000d7000000,0x00000000d7000000)
  to   space 3584K, 0% used [0x00000000d6b00000,0x00000000d6b00000,0x00000000d6e80000)
 ParOldGen       total 68608K, used 24239K [0x0000000080000000, 0x0000000084300000, 0x00000000d5580000)
  object space 68608K, 35% used [0x0000000080000000,0x00000000817abe08,0x0000000084300000)
 Metaspace       used 45295K, committed 46400K, reserved 1114112K
  class space    used 4935K, committed 5440K, reserved 1048576K
}
Event: 3.338 GC heap before
{Heap before GC invocations=21 (full 2):
 PSYoungGen      total 23552K, used 23552K [0x00000000d5580000, 0x00000000d7200000, 0x0000000100000000)
  eden space 22016K, 100% used [0x00000000d5580000,0x00000000d6b00000,0x00000000d6b00000)
  from space 1536K, 100% used [0x00000000d6e80000,0x00000000d7000000,0x00000000d7000000)
  to   space 3584K, 0% used [0x00000000d6b00000,0x00000000d6b00000,0x00000000d6e80000)
 ParOldGen       total 68608K, used 24239K [0x0000000080000000, 0x0000000084300000, 0x00000000d5580000)
  object space 68608K, 35% used [0x0000000080000000,0x00000000817abe08,0x0000000084300000)
 Metaspace       used 46276K, committed 47488K, reserved 1114112K
  class space    used 5047K, committed 5568K, reserved 1048576K
}
Event: 3.342 GC heap after
{Heap after GC invocations=21 (full 2):
 PSYoungGen      total 25600K, used 3562K [0x00000000d5580000, 0x00000000d7200000, 0x0000000100000000)
  eden space 22016K, 0% used [0x00000000d5580000,0x00000000d5580000,0x00000000d6b00000)
  from space 3584K, 99% used [0x00000000d6b00000,0x00000000d6e7a9f0,0x00000000d6e80000)
  to   space 1536K, 0% used [0x00000000d6e80000,0x00000000d6e80000,0x00000000d7000000)
 ParOldGen       total 68608K, used 31383K [0x0000000080000000, 0x0000000084300000, 0x00000000d5580000)
  object space 68608K, 45% used [0x0000000080000000,0x0000000081ea5db0,0x0000000084300000)
 Metaspace       used 46276K, committed 47488K, reserved 1114112K
  class space    used 5047K, committed 5568K, reserved 1048576K
}

Dll operation events (10 events):
Event: 0.004 Loaded shared library c:\Users\Badboy\.cursor\extensions\redhat.java-1.50.0-win32-x64\jre\21.0.9-win32-x86_64\bin\java.dll
Event: 0.045 Loaded shared library c:\Users\Badboy\.cursor\extensions\redhat.java-1.50.0-win32-x64\jre\21.0.9-win32-x86_64\bin\zip.dll
Event: 0.056 Loaded shared library C:\Users\Badboy\.cursor\extensions\redhat.java-1.50.0-win32-x64\jre\21.0.9-win32-x86_64\bin\instrument.dll
Event: 0.059 Loaded shared library C:\Users\Badboy\.cursor\extensions\redhat.java-1.50.0-win32-x64\jre\21.0.9-win32-x86_64\bin\net.dll
Event: 0.060 Loaded shared library C:\Users\Badboy\.cursor\extensions\redhat.java-1.50.0-win32-x64\jre\21.0.9-win32-x86_64\bin\nio.dll
Event: 0.062 Loaded shared library C:\Users\Badboy\.cursor\extensions\redhat.java-1.50.0-win32-x64\jre\21.0.9-win32-x86_64\bin\zip.dll
Event: 0.071 Loaded shared library C:\Users\Badboy\.cursor\extensions\redhat.java-1.50.0-win32-x64\jre\21.0.9-win32-x86_64\bin\jimage.dll
Event: 0.108 Loaded shared library c:\Users\Badboy\.cursor\extensions\redhat.java-1.50.0-win32-x64\jre\21.0.9-win32-x86_64\bin\verify.dll
Event: 0.674 Loaded shared library C:\Users\Badboy\AppData\Roaming\Cursor\User\globalStorage\redhat.java\1.50.0\config_win\org.eclipse.equinox.launcher\org.eclipse.equinox.launcher.win32.win32.x86_64_1.2.1400.v20250801-0854\eclipse_11916.dll
Event: 1.302 Loaded shared library C:\Users\Badboy\AppData\Local\Temp\jna-1982182343\jna424711963332083153.dll

Deoptimization events (20 events):
Event: 3.178 Thread 0x00000168150d6220 DEOPT PACKING pc=0x00000167b953f07b sp=0x00000029b96fe260
Event: 3.178 Thread 0x00000168150d6220 DEOPT UNPACKING pc=0x00000167c0894242 sp=0x00000029b96fd798 mode 0
Event: 3.241 Thread 0x00000168171fa550 Uncommon trap: trap_request=0xffffff45 fr.pc=0x00000167c10d5b98 relative=0x0000000000000498
Event: 3.241 Thread 0x00000168171fa550 Uncommon trap: reason=unstable_if action=reinterpret pc=0x00000167c10d5b98 method=org.eclipse.jdt.internal.core.index.DiskIndex.readStreamChars(Ljava/io/InputStream;)[C @ 169 c2
Event: 3.241 Thread 0x00000168171fa550 DEOPT PACKING pc=0x00000167c10d5b98 sp=0x00000029badfe5e0
Event: 3.241 Thread 0x00000168171fa550 DEOPT UNPACKING pc=0x00000167c0893aa2 sp=0x00000029badfe578 mode 2
Event: 3.291 Thread 0x00000168171f6a40 DEOPT PACKING pc=0x00000167b9625a46 sp=0x00000029babfe010
Event: 3.291 Thread 0x00000168171f6a40 DEOPT UNPACKING pc=0x00000167c0894242 sp=0x00000029babfd590 mode 0
Event: 3.344 Thread 0x00000168171fccb0 Uncommon trap: trap_request=0xffffff45 fr.pc=0x00000167c0f98c4c relative=0x000000000000070c
Event: 3.344 Thread 0x00000168171fccb0 Uncommon trap: reason=unstable_if action=reinterpret pc=0x00000167c0f98c4c method=java.util.regex.Pattern$Start.match(Ljava/util/regex/Matcher;ILjava/lang/CharSequence;)Z @ 10 c2
Event: 3.344 Thread 0x00000168171fccb0 DEOPT PACKING pc=0x00000167c0f98c4c sp=0x00000029bacfe580
Event: 3.344 Thread 0x00000168171fccb0 DEOPT UNPACKING pc=0x00000167c0893aa2 sp=0x00000029bacfe4d0 mode 2
Event: 3.344 Thread 0x00000168171fccb0 Uncommon trap: trap_request=0xffffff45 fr.pc=0x00000167c0fc32ec relative=0x00000000000003ec
Event: 3.344 Thread 0x00000168171fccb0 Uncommon trap: reason=unstable_if action=reinterpret pc=0x00000167c0fc32ec method=java.lang.StringConcatHelper.simpleConcat(Ljava/lang/Object;Ljava/lang/Object;)Ljava/lang/String; @ 30 c2
Event: 3.344 Thread 0x00000168171fccb0 DEOPT PACKING pc=0x00000167c0fc32ec sp=0x00000029bacfe600
Event: 3.344 Thread 0x00000168171fccb0 DEOPT UNPACKING pc=0x00000167c0893aa2 sp=0x00000029bacfe5a8 mode 2
Event: 3.355 Thread 0x00000168171fccb0 Uncommon trap: trap_request=0xffffffde fr.pc=0x00000167c103ce64 relative=0x0000000000002584
Event: 3.355 Thread 0x00000168171fccb0 Uncommon trap: reason=class_check action=maybe_recompile pc=0x00000167c103ce64 method=sun.nio.cs.StreamDecoder.read([CII)I @ 8 c2
Event: 3.355 Thread 0x00000168171fccb0 DEOPT PACKING pc=0x00000167c103ce64 sp=0x00000029bacfeb60
Event: 3.355 Thread 0x00000168171fccb0 DEOPT UNPACKING pc=0x00000167c0893aa2 sp=0x00000029bacfeb58 mode 2

Classes loaded (20 events):
Event: 3.352 Loading class java/nio/file/PathMatcher done
Event: 3.352 Loading class sun/nio/fs/WindowsFileSystem$2 done
Event: 3.353 Loading class java/nio/file/FileVisitResult
Event: 3.353 Loading class java/nio/file/FileVisitResult done
Event: 3.355 Loading class java/nio/file/FileChannelLinesSpliterator
Event: 3.355 Loading class java/nio/file/FileChannelLinesSpliterator done
Event: 3.355 Loading class java/util/stream/Streams$1
Event: 3.355 Loading class java/util/stream/Streams$1 done
Event: 3.355 Loading class java/nio/file/FileChannelLinesSpliterator$1
Event: 3.355 Loading class java/nio/file/FileChannelLinesSpliterator$1 done
Event: 3.371 Loading class java/util/TimerTask
Event: 3.371 Loading class java/util/TimerTask done
Event: 3.371 Loading class java/util/Timer
Event: 3.371 Loading class java/util/Timer done
Event: 3.371 Loading class java/util/TaskQueue
Event: 3.371 Loading class java/util/TaskQueue done
Event: 3.371 Loading class java/util/TimerThread
Event: 3.371 Loading class java/util/TimerThread done
Event: 3.371 Loading class java/util/Timer$ThreadReaper
Event: 3.371 Loading class java/util/Timer$ThreadReaper done

Classes unloaded (7 events):
Event: 1.622 Thread 0x00000167b3f3eaa0 Unloading class 0x00000167ce1a3400 'java/lang/invoke/LambdaForm$MH+0x00000167ce1a3400'
Event: 1.622 Thread 0x00000167b3f3eaa0 Unloading class 0x00000167ce1a3000 'java/lang/invoke/LambdaForm$MH+0x00000167ce1a3000'
Event: 1.622 Thread 0x00000167b3f3eaa0 Unloading class 0x00000167ce1a2c00 'java/lang/invoke/LambdaForm$MH+0x00000167ce1a2c00'
Event: 1.622 Thread 0x00000167b3f3eaa0 Unloading class 0x00000167ce1a2800 'java/lang/invoke/LambdaForm$MH+0x00000167ce1a2800'
Event: 1.622 Thread 0x00000167b3f3eaa0 Unloading class 0x00000167ce1a2400 'java/lang/invoke/LambdaForm$BMH+0x00000167ce1a2400'
Event: 1.622 Thread 0x00000167b3f3eaa0 Unloading class 0x00000167ce1a2000 'java/lang/invoke/LambdaForm$DMH+0x00000167ce1a2000'
Event: 1.622 Thread 0x00000167b3f3eaa0 Unloading class 0x00000167ce1a0c00 'java/lang/invoke/LambdaForm$DMH+0x00000167ce1a0c00'

Classes redefined (0 events):
No events

Internal exceptions (20 events):
Event: 3.080 Thread 0x00000168150d6220 Exception <a 'sun/nio/fs/WindowsException'{0x00000000d60d5ae0}> (0x00000000d60d5ae0) 
thrown [s\src\hotspot\share\prims\jni.cpp, line 520]
Event: 3.080 Thread 0x00000168150d6220 Exception <a 'sun/nio/fs/WindowsException'{0x00000000d60d8aa0}> (0x00000000d60d8aa0) 
thrown [s\src\hotspot\share\prims\jni.cpp, line 520]
Event: 3.080 Thread 0x00000168150d6220 Exception <a 'sun/nio/fs/WindowsException'{0x00000000d60d9110}> (0x00000000d60d9110) 
thrown [s\src\hotspot\share\prims\jni.cpp, line 520]
Event: 3.083 Thread 0x00000168150d6220 Exception <a 'sun/nio/fs/WindowsException'{0x00000000d6138cf8}> (0x00000000d6138cf8) 
thrown [s\src\hotspot\share\prims\jni.cpp, line 520]
Event: 3.083 Thread 0x00000168150d6220 Exception <a 'sun/nio/fs/WindowsException'{0x00000000d6139368}> (0x00000000d6139368) 
thrown [s\src\hotspot\share\prims\jni.cpp, line 520]
Event: 3.163 Thread 0x00000168150d6220 Implicit null exception at 0x00000167c10c73d6 to 0x00000167c10c8278
Event: 3.171 Thread 0x00000168150d6220 Exception <a 'sun/nio/fs/WindowsException'{0x00000000d687f618}> (0x00000000d687f618) 
thrown [s\src\hotspot\share\prims\jni.cpp, line 520]
Event: 3.183 Thread 0x00000168150d6220 Exception <a 'java/io/FileNotFoundException'{0x00000000d6a15558}> (0x00000000d6a15558) 
thrown [s\src\hotspot\share\prims\jni.cpp, line 520]
Event: 3.183 Thread 0x00000168150d6220 Exception <a 'java/io/FileNotFoundException'{0x00000000d6a16818}> (0x00000000d6a16818) 
thrown [s\src\hotspot\share\prims\jni.cpp, line 520]
Event: 3.184 Thread 0x00000168150d6220 Exception <a 'java/lang/NoSuchMethodError'{0x00000000d6a24e40}: 'java.lang.Object java.lang.invoke.DirectMethodHandle$Holder.newInvokeSpecial(java.lang.Object, java.lang.Object, java.lang.Object, int)'> (0x00000000d6a24e40) 
thrown [s\src\hotspot\share\interpreter\linkResolver.cpp, line 773]
Event: 3.184 Thread 0x00000168150d6220 Exception <a 'java/lang/NoSuchMethodError'{0x00000000d6a28d10}: 'java.lang.Object java.lang.invoke.DirectMethodHandle$Holder.invokeSpecial(java.lang.Object, java.lang.Object, java.lang.Object, java.lang.Object, int)'> (0x00000000d6a28d10) 
thrown [s\src\hotspot\share\interpreter\linkResolver.cpp, line 773]
Event: 3.184 Thread 0x00000168150d6220 Exception <a 'java/lang/NoSuchMethodError'{0x00000000d6a2c1b8}: 'java.lang.Object java.lang.invoke.Invokers$Holder.linkToTargetMethod(java.lang.Object, java.lang.Object, int, java.lang.Object)'> (0x00000000d6a2c1b8) 
thrown [s\src\hotspot\share\interpreter\linkResolver.cpp, line 773]
Event: 3.239 Thread 0x00000168150d6220 Exception <a 'java/io/FileNotFoundException'{0x00000000d562ef30}> (0x00000000d562ef30) 
thrown [s\src\hotspot\share\prims\jni.cpp, line 520]
Event: 3.239 Thread 0x00000168150d6220 Exception <a 'java/io/FileNotFoundException'{0x00000000d562fc90}> (0x00000000d562fc90) 
thrown [s\src\hotspot\share\prims\jni.cpp, line 520]
Event: 3.310 Thread 0x00000168150d2da0 Exception <a 'java/lang/NoSuchMethodError'{0x00000000d676f8d0}: 'int java.lang.invoke.DirectMethodHandle$Holder.invokeSpecialIFC(java.lang.Object, java.lang.Object, java.lang.Object, java.lang.Object)'> (0x00000000d676f8d0) 
thrown [s\src\hotspot\share\interpreter\linkResolver.cpp, line 773]
Event: 3.325 Thread 0x00000168171f6a40 Exception <a 'java/lang/IncompatibleClassChangeError'{0x00000000d69bca30}: Found class java.lang.Object, but interface was expected> (0x00000000d69bca30) 
thrown [s\src\hotspot\share\interpreter\linkResolver.cpp, line 840]
Event: 3.335 Thread 0x00000168171fccb0 Exception <a 'java/lang/NoSuchMethodError'{0x00000000d6aa7cd8}: 'int java.lang.invoke.DirectMethodHandle$Holder.invokeInterface(java.lang.Object, java.lang.Object)'> (0x00000000d6aa7cd8) 
thrown [s\src\hotspot\share\interpreter\linkResolver.cpp, line 773]
Event: 3.335 Thread 0x00000168171fccb0 Exception <a 'java/lang/IncompatibleClassChangeError'{0x00000000d6aaafd0}: Found class java.lang.Object, but interface was expected> (0x00000000d6aaafd0) 
thrown [s\src\hotspot\share\interpreter\linkResolver.cpp, line 840]
Event: 3.349 Thread 0x00000168171fccb0 Exception <a 'java/lang/NoSuchMethodError'{0x00000000d5626dc0}: method resolution failed> (0x00000000d5626dc0) 
thrown [s\src\hotspot\share\prims\methodHandles.cpp, line 1136]
Event: 3.352 Thread 0x00000168171fccb0 Exception <a 'sun/nio/fs/WindowsException'{0x00000000d567bc00}> (0x00000000d567bc00) 
thrown [s\src\hotspot\share\prims\jni.cpp, line 520]

ZGC Phase Switch (0 events):
No events

VM Operations (20 events):
Event: 2.605 Executing VM operation: HandshakeAllThreads (Deoptimize)
Event: 2.605 Executing VM operation: HandshakeAllThreads (Deoptimize) done
Event: 2.678 Executing VM operation: HandshakeAllThreads (Deoptimize)
Event: 2.678 Executing VM operation: HandshakeAllThreads (Deoptimize) done
Event: 2.736 Executing VM operation: ParallelGCFailedAllocation (Allocation Failure)
Event: 2.737 Executing VM operation: ParallelGCFailedAllocation (Allocation Failure) done
Event: 2.813 Executing VM operation: HandshakeAllThreads (Deoptimize)
Event: 2.813 Executing VM operation: HandshakeAllThreads (Deoptimize) done
Event: 2.920 Executing VM operation: ICBufferFull
Event: 2.921 Executing VM operation: ICBufferFull done
Event: 2.945 Executing VM operation: ParallelGCFailedAllocation (Allocation Failure)
Event: 2.947 Executing VM operation: ParallelGCFailedAllocation (Allocation Failure) done
Event: 3.133 Executing VM operation: ICBufferFull
Event: 3.133 Executing VM operation: ICBufferFull done
Event: 3.208 Executing VM operation: ParallelGCFailedAllocation (Allocation Failure)
Event: 3.210 Executing VM operation: ParallelGCFailedAllocation (Allocation Failure) done
Event: 3.272 Executing VM operation: HandshakeAllThreads (Deoptimize)
Event: 3.272 Executing VM operation: HandshakeAllThreads (Deoptimize) done
Event: 3.338 Executing VM operation: ParallelGCFailedAllocation (Allocation Failure)
Event: 3.342 Executing VM operation: ParallelGCFailedAllocation (Allocation Failure) done

Memory protections (0 events):
No events

Nmethod flushes (20 events):
Event: 2.306 Thread 0x00000167b3f3eaa0 flushing  nmethod 0x00000167b98fff90
Event: 2.306 Thread 0x00000167b3f3eaa0 flushing  nmethod 0x00000167b9900710
Event: 2.306 Thread 0x00000167b3f3eaa0 flushing  nmethod 0x00000167b9901c90
Event: 2.306 Thread 0x00000167b3f3eaa0 flushing  nmethod 0x00000167b9902190
Event: 2.306 Thread 0x00000167b3f3eaa0 flushing  nmethod 0x00000167b9902d10
Event: 2.306 Thread 0x00000167b3f3eaa0 flushing  nmethod 0x00000167b9903110
Event: 2.306 Thread 0x00000167b3f3eaa0 flushing  nmethod 0x00000167b9903e10
Event: 2.306 Thread 0x00000167b3f3eaa0 flushing  nmethod 0x00000167b9904b10
Event: 2.306 Thread 0x00000167b3f3eaa0 flushing  nmethod 0x00000167b9904f90
Event: 2.306 Thread 0x00000167b3f3eaa0 flushing  nmethod 0x00000167b9905290
Event: 2.306 Thread 0x00000167b3f3eaa0 flushing  nmethod 0x00000167b990e290
Event: 2.306 Thread 0x00000167b3f3eaa0 flushing  nmethod 0x00000167b990e790
Event: 2.306 Thread 0x00000167b3f3eaa0 flushing  nmethod 0x00000167b990ec90
Event: 2.306 Thread 0x00000167b3f3eaa0 flushing  nmethod 0x00000167b990f610
Event: 2.306 Thread 0x00000167b3f3eaa0 flushing  nmethod 0x00000167b9922b10
Event: 2.306 Thread 0x00000167b3f3eaa0 flushing  nmethod 0x00000167b992bb10
Event: 2.306 Thread 0x00000167b3f3eaa0 flushing  nmethod 0x00000167b993ef10
Event: 2.306 Thread 0x00000167b3f3eaa0 flushing  nmethod 0x00000167b9941b10
Event: 2.306 Thread 0x00000167b3f3eaa0 flushing  nmethod 0x00000167b9985790
Event: 2.306 Thread 0x00000167b3f3eaa0 flushing  nmethod 0x00000167b99c7e10

Events (20 events):
Event: 2.140 Thread 0x00000167b61082e0 Thread added: 0x0000016815398750
Event: 2.140 Thread 0x00000167b61082e0 Thread added: 0x000001681539a820
Event: 2.140 Thread 0x00000167b61082e0 Thread added: 0x00000168171f9ec0
Event: 2.140 Thread 0x00000167b61082e0 Thread added: 0x00000168171fb270
Event: 2.166 Thread 0x00000167b61082e0 Thread added: 0x00000168171fc620
Event: 2.244 Thread 0x00000167b61082e0 Thread added: 0x00000168171f7df0
Event: 2.245 Thread 0x00000167b61082e0 Thread added: 0x00000168171f6a40
Event: 2.835 Thread 0x00000168150d2da0 Thread added: 0x00000168171fccb0
Event: 3.240 Thread 0x00000168150d6220 Thread added: 0x00000168171fa550
Event: 3.241 Thread 0x00000168150d6220 Thread added: 0x00000168171f7760
Event: 3.241 Thread 0x00000168171fa550 Thread added: 0x00000168171f91a0
Event: 3.241 Thread 0x00000168171f7760 Thread added: 0x00000168171f9830
Event: 3.241 Thread 0x00000168171f91a0 Thread added: 0x00000168171fd340
Event: 3.241 Thread 0x00000168171f9830 Thread added: 0x00000168171fd9d0
Event: 3.241 Thread 0x00000168171fd340 Thread added: 0x00000168171fe060
Event: 3.241 Thread 0x00000168171fd9d0 Thread added: 0x00000168171fb900
Event: 3.241 Thread 0x00000168171fe060 Thread added: 0x00000168171fbf90
Event: 3.242 Thread 0x00000168171fb900 Thread added: 0x00000168171f70d0
Event: 3.242 Thread 0x00000168171fbf90 Thread added: 0x0000016818e5be70
Event: 3.371 Thread 0x00000168171fccb0 Thread added: 0x0000016818e5aac0


Dynamic libraries:
0x00007ff713fd0000 - 0x00007ff713fde000 	c:\Users\Badboy\.cursor\extensions\redhat.java-1.50.0-win32-x64\jre\21.0.9-win32-x86_64\bin\java.exe
0x00007ff9262d0000 - 0x00007ff9264c8000 	C:\WINDOWS\SYSTEM32\ntdll.dll
0x00007ff9244a0000 - 0x00007ff924562000 	C:\WINDOWS\System32\KERNEL32.DLL
0x00007ff9239f0000 - 0x00007ff923ce6000 	C:\WINDOWS\System32\KERNELBASE.dll
0x00007ff923e40000 - 0x00007ff923f40000 	C:\WINDOWS\System32\ucrtbase.dll
0x00007ff908fa0000 - 0x00007ff908fb8000 	c:\Users\Badboy\.cursor\extensions\redhat.java-1.50.0-win32-x64\jre\21.0.9-win32-x86_64\bin\jli.dll
0x00007ff9090d0000 - 0x00007ff9090ee000 	c:\Users\Badboy\.cursor\extensions\redhat.java-1.50.0-win32-x64\jre\21.0.9-win32-x86_64\bin\VCRUNTIME140.dll
0x00007ff925ac0000 - 0x00007ff925c61000 	C:\WINDOWS\System32\USER32.dll
0x00007ff923d90000 - 0x00007ff923db2000 	C:\WINDOWS\System32\win32u.dll
0x00007ff909a90000 - 0x00007ff909d2b000 	C:\WINDOWS\WinSxS\amd64_microsoft.windows.common-controls_6595b64144ccf1df_6.0.19041.6456_none_60b8a6cb71f64256\COMCTL32.dll
0x00007ff925f80000 - 0x00007ff925fab000 	C:\WINDOWS\System32\GDI32.dll
0x00007ff9245f0000 - 0x00007ff92468e000 	C:\WINDOWS\System32\msvcrt.dll
0x00007ff923f40000 - 0x00007ff924059000 	C:\WINDOWS\System32\gdi32full.dll
0x00007ff923cf0000 - 0x00007ff923d8d000 	C:\WINDOWS\System32\msvcp_win.dll
0x00007ff925d50000 - 0x00007ff925d7f000 	C:\WINDOWS\System32\IMM32.DLL
0x00007ff914cc0000 - 0x00007ff914ccc000 	c:\Users\Badboy\.cursor\extensions\redhat.java-1.50.0-win32-x64\jre\21.0.9-win32-x86_64\bin\vcruntime140_1.dll
0x00007ff8f3110000 - 0x00007ff8f319d000 	c:\Users\Badboy\.cursor\extensions\redhat.java-1.50.0-win32-x64\jre\21.0.9-win32-x86_64\bin\msvcp140.dll
0x00007ff8ce180000 - 0x00007ff8cef20000 	c:\Users\Badboy\.cursor\extensions\redhat.java-1.50.0-win32-x64\jre\21.0.9-win32-x86_64\bin\server\jvm.dll
0x00007ff924690000 - 0x00007ff924741000 	C:\WINDOWS\System32\ADVAPI32.dll
0x00007ff924400000 - 0x00007ff92449f000 	C:\WINDOWS\System32\sechost.dll
0x00007ff924760000 - 0x00007ff924880000 	C:\WINDOWS\System32\RPCRT4.dll
0x00007ff923dc0000 - 0x00007ff923de7000 	C:\WINDOWS\System32\bcrypt.dll
0x00007ff925960000 - 0x00007ff9259cb000 	C:\WINDOWS\System32\WS2_32.dll
0x00007ff922eb0000 - 0x00007ff922efb000 	C:\WINDOWS\SYSTEM32\POWRPROF.dll
0x00007ff912bb0000 - 0x00007ff912bd7000 	C:\WINDOWS\SYSTEM32\WINMM.dll
0x00007ff919570000 - 0x00007ff91957a000 	C:\WINDOWS\SYSTEM32\VERSION.dll
0x00007ff922d20000 - 0x00007ff922d32000 	C:\WINDOWS\SYSTEM32\UMPDC.dll
0x00007ff9217b0000 - 0x00007ff9217c2000 	C:\WINDOWS\SYSTEM32\kernel.appcore.dll
0x00007ff914c40000 - 0x00007ff914c4a000 	c:\Users\Badboy\.cursor\extensions\redhat.java-1.50.0-win32-x64\jre\21.0.9-win32-x86_64\bin\jimage.dll
0x00007ff912200000 - 0x00007ff912401000 	C:\WINDOWS\SYSTEM32\DBGHELP.DLL
0x00007ff8fe040000 - 0x00007ff8fe074000 	C:\WINDOWS\SYSTEM32\dbgcore.DLL
0x00007ff923960000 - 0x00007ff9239e2000 	C:\WINDOWS\System32\bcryptPrimitives.dll
0x00007ff909080000 - 0x00007ff90908f000 	c:\Users\Badboy\.cursor\extensions\redhat.java-1.50.0-win32-x64\jre\21.0.9-win32-x86_64\bin\instrument.dll
0x00007ff907cc0000 - 0x00007ff907ce0000 	c:\Users\Badboy\.cursor\extensions\redhat.java-1.50.0-win32-x64\jre\21.0.9-win32-x86_64\bin\java.dll
0x00007ff9251f0000 - 0x00007ff925960000 	C:\WINDOWS\System32\SHELL32.dll
0x00007ff9219b0000 - 0x00007ff922155000 	C:\WINDOWS\SYSTEM32\windows.storage.dll
0x00007ff924e20000 - 0x00007ff925174000 	C:\WINDOWS\System32\combase.dll
0x00007ff9232b0000 - 0x00007ff9232db000 	C:\WINDOWS\SYSTEM32\Wldp.dll
0x00007ff925c70000 - 0x00007ff925d3d000 	C:\WINDOWS\System32\OLEAUT32.dll
0x00007ff926160000 - 0x00007ff92620d000 	C:\WINDOWS\System32\SHCORE.dll
0x00007ff924590000 - 0x00007ff9245eb000 	C:\WINDOWS\System32\shlwapi.dll
0x00007ff923890000 - 0x00007ff9238b4000 	C:\WINDOWS\SYSTEM32\profapi.dll
0x00007ff907aa0000 - 0x00007ff907ab8000 	c:\Users\Badboy\.cursor\extensions\redhat.java-1.50.0-win32-x64\jre\21.0.9-win32-x86_64\bin\zip.dll
0x00007ff908f30000 - 0x00007ff908f40000 	C:\Users\Badboy\.cursor\extensions\redhat.java-1.50.0-win32-x64\jre\21.0.9-win32-x86_64\bin\net.dll
0x00007ff91e3f0000 - 0x00007ff91e4fa000 	C:\WINDOWS\SYSTEM32\WINHTTP.dll
0x00007ff923090000 - 0x00007ff9230fa000 	C:\WINDOWS\system32\mswsock.dll
0x00007ff907a50000 - 0x00007ff907a66000 	C:\Users\Badboy\.cursor\extensions\redhat.java-1.50.0-win32-x64\jre\21.0.9-win32-x86_64\bin\nio.dll
0x00007ff908920000 - 0x00007ff908930000 	c:\Users\Badboy\.cursor\extensions\redhat.java-1.50.0-win32-x64\jre\21.0.9-win32-x86_64\bin\verify.dll
0x00007ff91e8f0000 - 0x00007ff91e934000 	C:\Users\Badboy\AppData\Roaming\Cursor\User\globalStorage\redhat.java\1.50.0\config_win\org.eclipse.equinox.launcher\org.eclipse.equinox.launcher.win32.win32.x86_64_1.2.1400.v20250801-0854\eclipse_11916.dll
0x00007ff924cf0000 - 0x00007ff924e1b000 	C:\WINDOWS\System32\ole32.dll
0x00007ff9232f0000 - 0x00007ff923308000 	C:\WINDOWS\SYSTEM32\CRYPTSP.dll
0x00007ff922960000 - 0x00007ff922998000 	C:\WINDOWS\system32\rsaenh.dll
0x00007ff923850000 - 0x00007ff92387e000 	C:\WINDOWS\SYSTEM32\USERENV.dll
0x00007ff923220000 - 0x00007ff92322c000 	C:\WINDOWS\SYSTEM32\CRYPTBASE.dll
0x00007ff922d40000 - 0x00007ff922d7b000 	C:\WINDOWS\SYSTEM32\IPHLPAPI.DLL
0x00007ff925d40000 - 0x00007ff925d48000 	C:\WINDOWS\System32\NSI.dll
0x00007ff908f40000 - 0x00007ff908f89000 	C:\Users\Badboy\AppData\Local\Temp\jna-1982182343\jna424711963332083153.dll
0x00007ff9251e0000 - 0x00007ff9251e8000 	C:\WINDOWS\System32\PSAPI.DLL
0x00007ff91d4c0000 - 0x00007ff91d4d7000 	C:\WINDOWS\SYSTEM32\dhcpcsvc6.DLL
0x00007ff91d4a0000 - 0x00007ff91d4bd000 	C:\WINDOWS\SYSTEM32\dhcpcsvc.DLL

JVMTI agents:
c:\Users\Badboy\.cursor\extensions\redhat.java-1.50.0-win32-x64\lombok\lombok-1.18.39-4050.jar path:c:\Users\Badboy\.cursor\extensions\redhat.java-1.50.0-win32-x64\jre\21.0.9-win32-x86_64\bin\instrument.dll, loaded, initialized, instrumentlib options:none

dbghelp: loaded successfully - version: 4.0.5 - missing functions: none
symbol engine: initialized successfully - sym options: 0x614 - pdb path: .;c:\Users\Badboy\.cursor\extensions\redhat.java-1.50.0-win32-x64\jre\21.0.9-win32-x86_64\bin;C:\WINDOWS\SYSTEM32;C:\WINDOWS\WinSxS\amd64_microsoft.windows.common-controls_6595b64144ccf1df_6.0.19041.6456_none_60b8a6cb71f64256;c:\Users\Badboy\.cursor\extensions\redhat.java-1.50.0-win32-x64\jre\21.0.9-win32-x86_64\bin\server;C:\Users\Badboy\AppData\Roaming\Cursor\User\globalStorage\redhat.java\1.50.0\config_win\org.eclipse.equinox.launcher\org.eclipse.equinox.launcher.win32.win32.x86_64_1.2.1400.v20250801-0854;C:\Users\Badboy\AppData\Local\Temp\jna-1982182343

VM Arguments:
jvm_args: --add-modules=ALL-SYSTEM --add-opens=java.base/java.util=ALL-UNNAMED --add-opens=java.base/java.lang=ALL-UNNAMED --add-opens=java.base/sun.nio.fs=ALL-UNNAMED -Declipse.application=org.eclipse.jdt.ls.core.id1 -Dosgi.bundles.defaultStartLevel=4 -Declipse.product=org.eclipse.jdt.ls.core.product -Djava.import.generatesMetadataFilesAtProjectRoot=false -DDetectVMInstallationsJob.disabled=true -Dfile.encoding=utf8 -XX:+UseParallelGC -XX:GCTimeRatio=4 -XX:AdaptiveSizePolicyWeight=90 -Dsun.zip.disableMemoryMapping=true -Xmx2G -Xms100m -Xlog:disable -javaagent:c:\Users\Badboy\.cursor\extensions\redhat.java-1.50.0-win32-x64\lombok\lombok-1.18.39-4050.jar -XX:+HeapDumpOnOutOfMemoryError -XX:HeapDumpPath=c:\Users\Badboy\AppData\Roaming\Cursor\User\workspaceStorage\8ebdda58935d15f2a12f5aab4b424216\redhat.java -Daether.dependencyCollector.impl=bf 
java_command: c:\Users\Badboy\.cursor\extensions\redhat.java-1.50.0-win32-x64\server\plugins\org.eclipse.equinox.launcher_1.7.100.v20251111-0406.jar -configuration c:\Users\Badboy\AppData\Roaming\Cursor\User\globalStorage\redhat.java\1.50.0\config_win -data c:\Users\Badboy\AppData\Roaming\Cursor\User\workspaceStorage\8ebdda58935d15f2a12f5aab4b424216\redhat.java\jdt_ws --pipe=\\.\pipe\lsp-67a0487975abd0b761b99cd886c4de57-sock
java_class_path (initial): c:\Users\Badboy\.cursor\extensions\redhat.java-1.50.0-win32-x64\server\plugins\org.eclipse.equinox.launcher_1.7.100.v20251111-0406.jar
Launcher Type: SUN_STANDARD

[Global flags]
    uintx AdaptiveSizePolicyWeight                 = 90                                        {product} {command line}
     intx CICompilerCount                          = 4                                         {product} {ergonomic}
    uintx GCTimeRatio                              = 4                                         {product} {command line}
     bool HeapDumpOnOutOfMemoryError               = true                                   {manageable} {command line}
    ccstr HeapDumpPath                             = c:\Users\Badboy\AppData\Roaming\Cursor\User\workspaceStorage\8ebdda58935d15f2a12f5aab4b424216\redhat.java         {manageable} {command line}
   size_t InitialHeapSize                          = 104857600                                 {product} {command line}
   size_t MaxHeapSize                              = 2147483648                                {product} {command line}
   size_t MaxNewSize                               = 715653120                                 {product} {ergonomic}
   size_t MinHeapDeltaBytes                        = 524288                                    {product} {ergonomic}
   size_t MinHeapSize                              = 104857600                                 {product} {command line}
   size_t NewSize                                  = 34603008                                  {product} {ergonomic}
    uintx NonNMethodCodeHeapSize                   = 5839372                                {pd product} {ergonomic}
    uintx NonProfiledCodeHeapSize                  = 122909434                              {pd product} {ergonomic}
   size_t OldSize                                  = 70254592                                  {product} {ergonomic}
    uintx ProfiledCodeHeapSize                     = 122909434                              {pd product} {ergonomic}
    uintx ReservedCodeCacheSize                    = 251658240                              {pd product} {ergonomic}
     bool SegmentedCodeCache                       = true                                      {product} {ergonomic}
   size_t SoftMaxHeapSize                          = 2147483648                             {manageable} {ergonomic}
     bool UseCompressedOops                        = true                           {product lp64_product} {ergonomic}
     bool UseLargePagesIndividualAllocation        = false                                  {pd product} {ergonomic}
     bool UseParallelGC                            = true                                      {product} {command line}

Logging:
Log output configuration:
 #0: stdout all=off uptime,level,tags foldmultilines=false
 #1: stderr all=off uptime,level,tags foldmultilines=false

Release file:
JAVA_VERSION="21.0.9" 
MODULES="java.base java.compiler java.datatransfer java.xml java.prefs java.desktop java.instrument java.logging java.management java.security.sasl java.naming java.rmi java.management.rmi java.net.http java.scripting java.security.jgss java.transaction.xa java.sql java.sql.rowset java.xml.crypto java.se java.smartcardio jdk.accessibility jdk.internal.jvmstat jdk.attach jdk.charsets jdk.internal.opt jdk.zipfs jdk.compiler jdk.crypto.ec jdk.crypto.cryptoki jdk.crypto.mscapi jdk.dynalink jdk.internal.ed jdk.editpad jdk.hotspot.agent jdk.httpserver jdk.internal.le jdk.internal.vm.ci jdk.internal.vm.compiler jdk.internal.vm.compiler.management jdk.jartool jdk.javadoc jdk.jcmd jdk.management jdk.management.agent jdk.jconsole jdk.jdeps jdk.jdwp.agent jdk.jdi jdk.jfr jdk.jshell jdk.jsobject jdk.jstatd jdk.localedata jdk.management.jfr jdk.naming.dns jdk.naming.rmi jdk.net jdk.nio.mapmode jdk.random jdk.sctp jdk.security.auth jdk.security.jgss jdk.unsupported jdk.unsupported.desktop jdk.xml.dom" 

Environment Variables:
JAVA_HOME=C:\Users\Badboy\.jdks\corretto-17.0.3
PATH=C:\Program Files\Eclipse Adoptium\jdk-21.0.9.10-hotspot\bin;C:\Program Files (x86)\Common Files\Oracle\Java\java8path;C:\Program Files (x86)\Common Files\Oracle\Java\javapath;C:\Python312\Scripts\;C:\Python312\;C:\Windows\system32;C:\Windows;C:\Windows\System32\Wbem;C:\Windows\System32\WindowsPowerShell\v1.0\;C:\Windows\System32\OpenSSH\;C:\Program Files (x86)\NVIDIA Corporation\PhysX\Common;C:\Program Files\Git\cmd;C:\WINDOWS\system32;C:\WINDOWS;C:\WINDOWS\System32\Wbem;C:\WINDOWS\System32\WindowsPowerShell\v1.0\;C:\WINDOWS\System32\OpenSSH\;C:\Program Files (x86)\IDEMIA\AWP\Dlls;C:\Program Files\IDEMIA\AWP\Dlls;C:\Users\Badboy\AppData\Local\Programs\Python\Python39;C:\Users\Badboy\apache-maven-3.8.6\bin;C:\Users\Badboy\.jdks\corretto-17.0.3\bin;C:\ProgramData\chocolatey\bin;C:\Program Files\Calibre2\;C:\Program Files\Rancher Desktop\resources\resources\win32\bin\;C:\Program Files\Rancher Desktop\resources\resources\linux\bin\;C:\Program Files\nodejs\;C:\Program Files\PuTTY\;C:\Program Files\cursor\resources\app\bin;C:\Program Files\Eclipse Adoptium\jdk-21.0.9.10-hotspot\bin;C:\Program Files (x86)\Common Files\Oracle\Java\java8path;C:\Program Files (x86)\Common Files\Oracle\Java\javapath;C:\Python312\Scripts\;C:\Python312\;C:\Windows\system32;C:\Windows;C:\Windows\System32\Wbem;C:\Windows\System32\WindowsPowerShell\v1.0\;C:\Windows\System32\OpenSSH\;C:\Program Files (x86)\NVIDIA Corporation\PhysX\Common;C:\Program Files\Git\cmd;C:\WINDOWS\system32;C:\WINDOWS;C:\WINDOWS\System32\Wbem;C:\WINDOWS\System32\WindowsPowerShell\v1.0\;C:\WINDOWS\System32\OpenSSH\;C:\Program Files (x86)\IDEMIA\AWP\Dlls;C:\Program Files\IDEMIA\AWP\Dlls;C:\Users\Badboy\AppData\Local\Programs\Python\Python39;C:\Users\Badboy\apache-maven-3.8.6\bin;C:\Users\Badboy\.jdks\corretto-17.0.3\bin;C:\ProgramData\chocolatey\bin;C:\Program Files\Calibre2\;C:\Program Files\Rancher Desktop\resources\resources\win32\bin\;C:\Program Files\Rancher Desktop\resources\resources\linux\bin\;C:\Program Files\nodejs\;C:\Program Files\cursor\resources\app\bin;C:\Users\Badboy;C:\Users\Badboy\AppData\Local\Programs\Microsoft VS Code\bin;C:\Users\Badboy\AppData\Roaming\npm;C:\Users\Badboy\.local\bin;
USERNAME=Badboy
OS=Windows_NT
PROCESSOR_IDENTIFIER=AMD64 Family 23 Model 113 Stepping 0, AuthenticAMD
TMP=C:\Users\Badboy\AppData\Local\Temp
TEMP=C:\Users\Badboy\AppData\Local\Temp




Periodic native trim disabled

---------------  S Y S T E M  ---------------

OS:
 Windows 10 , 64 bit Build 19041 (10.0.19041.5915)
OS uptime: 1 days 3:52 hours
Hyper-V role detected

CPU: total 12 (initial active 12) (12 cores per cpu, 2 threads per core) family 23 model 113 stepping 0 microcode 0x0, cx8, cmov, fxsr, ht, mmx, 3dnowpref, sse, sse2, sse3, ssse3, sse4a, sse4.1, sse4.2, popcnt, lzcnt, tsc, tscinvbit, avx, avx2, aes, clmul, bmi1, bmi2, adx, sha, fma, vzeroupper, clflush, clflushopt, hv, rdtscp, rdpid, f16c
Processor Information for the first 12 processors :
  Max Mhz: 3600, Current Mhz: 3600, Mhz Limit: 3600

Memory: 4k page, system-wide physical 16333M (2449M free)
TotalPageFile size 65485M (AvailPageFile size 5M)
current process WorkingSet (physical memory assigned to process): 250M, peak: 251M
current process commit charge ("private bytes"): 373M, peak: 381M

vm_info: OpenJDK 64-Bit Server VM (21.0.9+10-LTS) for windows-amd64 JRE (21.0.9+10-LTS), built on 2025-10-21T00:00:00Z by "admin" with unknown MS VC++:1942

END.
