#
# There is insufficient memory for the Java Runtime Environment to continue.
# Native memory allocation (malloc) failed to allocate 170576 bytes for Chunk::new
# Possible reasons:
#   The system is out of physical RAM or swap space
#   The process is running with CompressedOops enabled, and the Java Heap may be blocking the growth of the native heap
# Possible solutions:
#   Reduce memory load on the system
#   Increase physical memory or swap space
#   Check if swap backing store is full
#   Decrease Java heap size (-Xmx/-Xms)
#   Decrease number of Java threads
#   Decrease Java thread stack sizes (-Xss)
#   Set larger code cache with -XX:ReservedCodeCacheSize=
#   JVM is running with Zero Based Compressed Oops mode in which the Java heap is
#     placed in the first 32GB address space. The Java Heap base address is the
#     maximum limit for the native heap growth. Please use -XX:HeapBaseMinAddress
#     to set the Java Heap base and to place the Java Heap above 32GB virtual address.
# This output file may be truncated or incomplete.
#
#  Out of Memory Error (arena.cpp:189), pid=9568, tid=9244
#
# JRE version: Java(TM) SE Runtime Environment (17.0.4.1+1) (build 17.0.4.1+1-LTS-2)
# Java VM: Java HotSpot(TM) 64-Bit Server VM (17.0.4.1+1-LTS-2, mixed mode, sharing, tiered, compressed oops, compressed class ptrs, g1 gc, windows-amd64)
# No core dump will be written. Minidumps are not enabled by default on client versions of Windows
#

---------------  S U M M A R Y ------------

Command Line: -javaagent:C:\Program Files\JetBrains\IntelliJ IDEA Community Edition 2022.1.1\lib\idea_rt.jar=64590:C:\Program Files\JetBrains\IntelliJ IDEA Community Edition 2022.1.1\bin -Dfile.encoding=UTF-8 ee.krerte.aiinterview.AiInterviewBackendApplication -Dspring.profiles.active=dev

Host: AMD Ryzen 5 3600 6-Core Processor              , 12 cores, 15G,  Windows 10 , 64 bit Build 19041 (10.0.19041.5915)
Time: Sat Nov 29 20:46:54 2025 FLE Standard Time elapsed time: 6541.047613 seconds (0d 1h 49m 1s)

---------------  T H R E A D  ---------------

Current thread (0x000002cbbcc097e0):  JavaThread "C2 CompilerThread0" daemon [_thread_in_native, id=9244, stack(0x000000ebd5700000,0x000000ebd5800000)]


Current CompileTask:
C2:6541047 8722       4       org.h2.mvstore.type.MetaType::write (83 bytes)

Stack: [0x000000ebd5700000,0x000000ebd5800000]
Native frames: (J=compiled Java code, j=interpreted, Vv=VM code, C=native code)
V  [jvm.dll+0x6723ba]
V  [jvm.dll+0x7d1e34]
V  [jvm.dll+0x7d35de]
V  [jvm.dll+0x7d3c43]
V  [jvm.dll+0x243065]
V  [jvm.dll+0xaa57b]
V  [jvm.dll+0xaab0c]
V  [jvm.dll+0x2a9dcf]
V  [jvm.dll+0x57a7f7]
V  [jvm.dll+0x21e342]
V  [jvm.dll+0x21e71f]
V  [jvm.dll+0x217ff5]
V  [jvm.dll+0x2154bb]
V  [jvm.dll+0x1a1fcd]
V  [jvm.dll+0x224e08]
V  [jvm.dll+0x222f75]
V  [jvm.dll+0x787a0b]
V  [jvm.dll+0x781fca]
V  [jvm.dll+0x671245]
C  [ucrtbase.dll+0x21bb2]
C  [KERNEL32.DLL+0x17374]
C  [ntdll.dll+0x4cc91]


---------------  P R O C E S S  ---------------

Threads class SMR info:
_java_thread_list=0x000002cbc199d1e0, length=31, elements={
0x000002cbbc0a30a0, 0x000002cbbc0a3c20, 0x000002cbbcc058d0, 0x000002cbbcc071a0,
0x000002cbbcc07a60, 0x000002cbbcc08320, 0x000002cbbcc097e0, 0x000002cbbcc0a190,
0x000002cbbcc123e0, 0x000002cbbcd3ee70, 0x000002cbbd25a6a0, 0x000002cbbf45d5f0,
0x000002cbbf45ee00, 0x000002cbbf45df90, 0x000002cbbf45e460, 0x000002cbbf45e930,
0x000002cbbf460140, 0x000002cbbf460610, 0x000002cbc1b171d0, 0x000002cbc1b15020,
0x000002cbc1b18040, 0x000002cbc1b15e90, 0x000002cbc1b154f0, 0x000002cbc1b18510,
0x000002cbc1b176a0, 0x000002cbc1b16360, 0x000002cbc1b189e0, 0x000002cbc1b16830,
0x000002cbc1b16d00, 0x000002cbc1b17b70, 0x000002cbc1b159c0
}

Java Threads: ( => current thread )
  0x000002cbbc0a30a0 JavaThread "Reference Handler" daemon [_thread_blocked, id=22832, stack(0x000000ebd5100000,0x000000ebd5200000)]
  0x000002cbbc0a3c20 JavaThread "Finalizer" daemon [_thread_blocked, id=24196, stack(0x000000ebd5200000,0x000000ebd5300000)]
  0x000002cbbcc058d0 JavaThread "Signal Dispatcher" daemon [_thread_blocked, id=22088, stack(0x000000ebd5300000,0x000000ebd5400000)]
  0x000002cbbcc071a0 JavaThread "Attach Listener" daemon [_thread_blocked, id=11716, stack(0x000000ebd5400000,0x000000ebd5500000)]
  0x000002cbbcc07a60 JavaThread "Service Thread" daemon [_thread_blocked, id=24260, stack(0x000000ebd5500000,0x000000ebd5600000)]
  0x000002cbbcc08320 JavaThread "Monitor Deflation Thread" daemon [_thread_blocked, id=6568, stack(0x000000ebd5600000,0x000000ebd5700000)]
=>0x000002cbbcc097e0 JavaThread "C2 CompilerThread0" daemon [_thread_in_native, id=9244, stack(0x000000ebd5700000,0x000000ebd5800000)]
  0x000002cbbcc0a190 JavaThread "C1 CompilerThread0" daemon [_thread_blocked, id=9516, stack(0x000000ebd5800000,0x000000ebd5900000)]
  0x000002cbbcc123e0 JavaThread "Sweeper thread" daemon [_thread_blocked, id=11128, stack(0x000000ebd5900000,0x000000ebd5a00000)]
  0x000002cbbcd3ee70 JavaThread "Common-Cleaner" daemon [_thread_blocked, id=17528, stack(0x000000ebd5a00000,0x000000ebd5b00000)]
  0x000002cbbd25a6a0 JavaThread "Notification Thread" daemon [_thread_blocked, id=21568, stack(0x000000ebd5d00000,0x000000ebd5e00000)]
  0x000002cbbf45d5f0 JavaThread "MVStore background writer C:/Users/Badboy/Downloads/viimane-seis/ai-interview-fullstack-gradle-today/backend-vana/data/aiinterview-db.mv.db" daemon [_thread_blocked, id=22544, stack(0x000000ebd6400000,0x000000ebd6500000)]
  0x000002cbbf45ee00 JavaThread "HikariPool-1 housekeeper" daemon [_thread_blocked, id=23488, stack(0x000000ebd6c00000,0x000000ebd6d00000)]
  0x000002cbbf45df90 JavaThread "Catalina-utility-1" [_thread_blocked, id=23060, stack(0x000000ebd6d00000,0x000000ebd6e00000)]
  0x000002cbbf45e460 JavaThread "Catalina-utility-2" [_thread_blocked, id=12080, stack(0x000000ebd6e00000,0x000000ebd6f00000)]
  0x000002cbbf45e930 JavaThread "container-0" [_thread_blocked, id=22764, stack(0x000000ebd6f00000,0x000000ebd7000000)]
  0x000002cbbf460140 JavaThread "H2-serialization" daemon [_thread_blocked, id=32, stack(0x000000ebd7100000,0x000000ebd7200000)]
  0x000002cbbf460610 JavaThread "H2-save" daemon [_thread_blocked, id=3212, stack(0x000000ebd7200000,0x000000ebd7300000)]
  0x000002cbc1b171d0 JavaThread "http-nio-8080-exec-1" daemon [_thread_blocked, id=24172, stack(0x000000ebd7500000,0x000000ebd7600000)]
  0x000002cbc1b15020 JavaThread "http-nio-8080-exec-2" daemon [_thread_blocked, id=23952, stack(0x000000ebd7600000,0x000000ebd7700000)]
  0x000002cbc1b18040 JavaThread "http-nio-8080-exec-3" daemon [_thread_blocked, id=23692, stack(0x000000ebd7700000,0x000000ebd7800000)]
  0x000002cbc1b15e90 JavaThread "http-nio-8080-exec-4" daemon [_thread_blocked, id=20216, stack(0x000000ebd7800000,0x000000ebd7900000)]
  0x000002cbc1b154f0 JavaThread "http-nio-8080-exec-5" daemon [_thread_blocked, id=15556, stack(0x000000ebd7900000,0x000000ebd7a00000)]
  0x000002cbc1b18510 JavaThread "http-nio-8080-exec-6" daemon [_thread_blocked, id=17728, stack(0x000000ebd7a00000,0x000000ebd7b00000)]
  0x000002cbc1b176a0 JavaThread "http-nio-8080-exec-7" daemon [_thread_blocked, id=13144, stack(0x000000ebd7b00000,0x000000ebd7c00000)]
  0x000002cbc1b16360 JavaThread "http-nio-8080-exec-8" daemon [_thread_blocked, id=13936, stack(0x000000ebd7c00000,0x000000ebd7d00000)]
  0x000002cbc1b189e0 JavaThread "http-nio-8080-exec-9" daemon [_thread_blocked, id=24104, stack(0x000000ebd7d00000,0x000000ebd7e00000)]
  0x000002cbc1b16830 JavaThread "http-nio-8080-exec-10" daemon [_thread_blocked, id=20684, stack(0x000000ebd7e00000,0x000000ebd7f00000)]
  0x000002cbc1b16d00 JavaThread "http-nio-8080-Poller" daemon [_thread_in_native, id=22800, stack(0x000000ebd7f00000,0x000000ebd8000000)]
  0x000002cbc1b17b70 JavaThread "http-nio-8080-Acceptor" daemon [_thread_in_native, id=22668, stack(0x000000ebd8000000,0x000000ebd8100000)]
  0x000002cbc1b159c0 JavaThread "DestroyJavaVM" [_thread_blocked, id=11980, stack(0x000000ebd4a00000,0x000000ebd4b00000)]

Other Threads:
  0x000002cbbc09c680 VMThread "VM Thread" [stack: 0x000000ebd5000000,0x000000ebd5100000] [id=19528]
  0x000002cb96f5f040 WatcherThread [stack: 0x000000ebd5e00000,0x000000ebd5f00000] [id=23144]
  0x000002cb96f3e8f0 GCTaskThread "GC Thread#0" [stack: 0x000000ebd4b00000,0x000000ebd4c00000] [id=23148]
  0x000002cbbd9a6e90 GCTaskThread "GC Thread#1" [stack: 0x000000ebd5f00000,0x000000ebd6000000] [id=5148]
  0x000002cbbd9b2b60 GCTaskThread "GC Thread#2" [stack: 0x000000ebd6000000,0x000000ebd6100000] [id=1148]
  0x000002cbbd9a3120 GCTaskThread "GC Thread#3" [stack: 0x000000ebd6100000,0x000000ebd6200000] [id=18552]
  0x000002cbbd9a33d0 GCTaskThread "GC Thread#4" [stack: 0x000000ebd6200000,0x000000ebd6300000] [id=12068]
  0x000002cbbd94c8f0 GCTaskThread "GC Thread#5" [stack: 0x000000ebd6300000,0x000000ebd6400000] [id=22024]
  0x000002cbbd9875e0 GCTaskThread "GC Thread#6" [stack: 0x000000ebd6500000,0x000000ebd6600000] [id=11956]
  0x000002cbbd98ad20 GCTaskThread "GC Thread#7" [stack: 0x000000ebd6600000,0x000000ebd6700000] [id=16208]
  0x000002cbbddd5310 GCTaskThread "GC Thread#8" [stack: 0x000000ebd6800000,0x000000ebd6900000] [id=3784]
  0x000002cbbddd6890 GCTaskThread "GC Thread#9" [stack: 0x000000ebd6900000,0x000000ebd6a00000] [id=24504]
  0x000002cb96f50590 ConcurrentGCThread "G1 Main Marker" [stack: 0x000000ebd4c00000,0x000000ebd4d00000] [id=2380]
  0x000002cb96f51550 ConcurrentGCThread "G1 Conc#0" [stack: 0x000000ebd4d00000,0x000000ebd4e00000] [id=7932]
  0x000002cbbddd5b20 ConcurrentGCThread "G1 Conc#1" [stack: 0x000000ebd6a00000,0x000000ebd6b00000] [id=12072]
  0x000002cbbddd6b40 ConcurrentGCThread "G1 Conc#2" [stack: 0x000000ebd6b00000,0x000000ebd6c00000] [id=24284]
  0x000002cbbbf555a0 ConcurrentGCThread "G1 Refine#0" [stack: 0x000000ebd4e00000,0x000000ebd4f00000] [id=24348]
  0x000002cbbfde9e10 ConcurrentGCThread "G1 Refine#1" [stack: 0x000000ebd7300000,0x000000ebd7400000] [id=15812]
  0x000002cbbfdeac70 ConcurrentGCThread "G1 Refine#2" [stack: 0x000000ebd7400000,0x000000ebd7500000] [id=21740]
  0x000002cbbbf55dd0 ConcurrentGCThread "G1 Service" [stack: 0x000000ebd4f00000,0x000000ebd5000000] [id=18228]

Threads with active compile tasks:
C2 CompilerThread0  6541063 8722       4       org.h2.mvstore.type.MetaType::write (83 bytes)

VM state: not at safepoint (normal execution)

VM Mutex/Monitor currently owned by a thread: None

Heap address: 0x0000000700c00000, size: 4084 MB, Compressed Oops mode: Zero based, Oop shift amount: 3

CDS archive(s) mapped at: [0x0000000800000000-0x0000000800bc0000-0x0000000800bc0000), size 12320768, SharedBaseAddress: 0x0000000800000000, ArchiveRelocationMode: 0.
Compressed class space mapped at: 0x0000000800c00000-0x0000000840c00000, reserved size: 1073741824
Narrow klass base: 0x0000000800000000, Narrow klass shift: 0, Narrow klass range: 0x100000000

GC Precious Log:
 CPUs: 12 total, 12 available
 Memory: 16333M
 Large Page Support: Disabled
 NUMA Support: Disabled
 Compressed Oops: Enabled (Zero based)
 Heap Region Size: 2M
 Heap Min Capacity: 8M
 Heap Initial Capacity: 256M
 Heap Max Capacity: 4084M
 Pre-touch: Disabled
 Parallel Workers: 10
 Concurrent Workers: 3
 Concurrent Refinement Workers: 10
 Periodic GC: Disabled

Heap:
 garbage-first heap   total 110592K, used 49148K [0x0000000700c00000, 0x0000000800000000)
  region size 2048K, 7 young (14336K), 2 survivors (4096K)
 Metaspace       used 89511K, committed 90112K, reserved 1130496K
  class space    used 11931K, committed 12224K, reserved 1048576K

Heap Regions: E=young(eden), S=young(survivor), O=old, HS=humongous(starts), HC=humongous(continues), CS=collection set, F=free, OA=open archive, CA=closed archive, TAMS=top-at-mark-start (previous, next)
|   0|0x0000000700c00000, 0x0000000700e00000, 0x0000000700e00000|100%| O|  |TAMS 0x0000000700e00000, 0x0000000700c00000| Untracked 
|   1|0x0000000700e00000, 0x0000000701000000, 0x0000000701000000|100%| O|  |TAMS 0x0000000701000000, 0x0000000700e00000| Untracked 
|   2|0x0000000701000000, 0x0000000701200000, 0x0000000701200000|100%| O|  |TAMS 0x0000000701200000, 0x0000000701000000| Untracked 
|   3|0x0000000701200000, 0x0000000701400000, 0x0000000701400000|100%|HS|  |TAMS 0x0000000701400000, 0x0000000701200000| Complete 
|   4|0x0000000701400000, 0x0000000701600000, 0x0000000701600000|100%| O|  |TAMS 0x0000000701600000, 0x0000000701400000| Untracked 
|   5|0x0000000701600000, 0x0000000701800000, 0x0000000701800000|100%| O|  |TAMS 0x0000000701800000, 0x0000000701600000| Untracked 
|   6|0x0000000701800000, 0x0000000701a00000, 0x0000000701a00000|100%| O|  |TAMS 0x0000000701a00000, 0x0000000701800000| Untracked 
|   7|0x0000000701a00000, 0x0000000701c00000, 0x0000000701c00000|100%| O|  |TAMS 0x0000000701c00000, 0x0000000701a00000| Untracked 
|   8|0x0000000701c00000, 0x0000000701e00000, 0x0000000701e00000|100%| O|  |TAMS 0x0000000701c00000, 0x0000000701c00000| Untracked 
|   9|0x0000000701e00000, 0x0000000702000000, 0x0000000702000000|100%| O|  |TAMS 0x0000000702000000, 0x0000000701e00000| Untracked 
|  10|0x0000000702000000, 0x0000000702200000, 0x0000000702200000|100%| O|  |TAMS 0x0000000702200000, 0x0000000702000000| Untracked 
|  11|0x0000000702200000, 0x0000000702400000, 0x0000000702400000|100%| O|  |TAMS 0x0000000702400000, 0x0000000702200000| Untracked 
|  12|0x0000000702400000, 0x0000000702600000, 0x0000000702600000|100%| O|  |TAMS 0x0000000702600000, 0x0000000702400000| Untracked 
|  13|0x0000000702600000, 0x0000000702800000, 0x0000000702800000|100%| O|  |TAMS 0x0000000702600000, 0x0000000702600000| Untracked 
|  14|0x0000000702800000, 0x0000000702a00000, 0x0000000702a00000|100%| O|  |TAMS 0x0000000702800000, 0x0000000702800000| Untracked 
|  15|0x0000000702a00000, 0x0000000702c00000, 0x0000000702c00000|100%| O|  |TAMS 0x0000000702a00000, 0x0000000702a00000| Untracked 
|  16|0x0000000702c00000, 0x0000000702e00000, 0x0000000702e00000|100%| O|  |TAMS 0x0000000702c00000, 0x0000000702c00000| Untracked 
|  17|0x0000000702e00000, 0x0000000703000000, 0x0000000703000000|100%| O|  |TAMS 0x0000000702e00000, 0x0000000702e00000| Untracked 
|  18|0x0000000703000000, 0x0000000703077200, 0x0000000703200000| 23%| O|  |TAMS 0x0000000703000000, 0x0000000703000000| Untracked 
|  19|0x0000000703200000, 0x0000000703200000, 0x0000000703400000|  0%| F|  |TAMS 0x0000000703200000, 0x0000000703200000| Untracked 
|  20|0x0000000703400000, 0x0000000703400000, 0x0000000703600000|  0%| F|  |TAMS 0x0000000703400000, 0x0000000703400000| Untracked 
|  21|0x0000000703600000, 0x0000000703600000, 0x0000000703800000|  0%| F|  |TAMS 0x0000000703600000, 0x0000000703600000| Untracked 
|  22|0x0000000703800000, 0x0000000703800000, 0x0000000703a00000|  0%| F|  |TAMS 0x0000000703800000, 0x0000000703800000| Untracked 
|  23|0x0000000703a00000, 0x0000000703a00000, 0x0000000703c00000|  0%| F|  |TAMS 0x0000000703a00000, 0x0000000703a00000| Untracked 
|  24|0x0000000703c00000, 0x0000000703c00000, 0x0000000703e00000|  0%| F|  |TAMS 0x0000000703c00000, 0x0000000703c00000| Untracked 
|  25|0x0000000703e00000, 0x0000000703e00000, 0x0000000704000000|  0%| F|  |TAMS 0x0000000703e00000, 0x0000000703e00000| Untracked 
|  26|0x0000000704000000, 0x0000000704000000, 0x0000000704200000|  0%| F|  |TAMS 0x0000000704000000, 0x0000000704000000| Untracked 
|  27|0x0000000704200000, 0x0000000704200000, 0x0000000704400000|  0%| F|  |TAMS 0x0000000704200000, 0x0000000704200000| Untracked 
|  28|0x0000000704400000, 0x0000000704588060, 0x0000000704600000| 76%| S|CS|TAMS 0x0000000704400000, 0x0000000704400000| Complete 
|  29|0x0000000704600000, 0x0000000704800000, 0x0000000704800000|100%| S|CS|TAMS 0x0000000704600000, 0x0000000704600000| Complete 
|  30|0x0000000704800000, 0x0000000704800000, 0x0000000704a00000|  0%| F|  |TAMS 0x0000000704800000, 0x0000000704800000| Untracked 
|  31|0x0000000704a00000, 0x0000000704a00000, 0x0000000704c00000|  0%| F|  |TAMS 0x0000000704a00000, 0x0000000704a00000| Untracked 
|  32|0x0000000704c00000, 0x0000000704c00000, 0x0000000704e00000|  0%| F|  |TAMS 0x0000000704c00000, 0x0000000704c00000| Untracked 
|  33|0x0000000704e00000, 0x0000000704e00000, 0x0000000705000000|  0%| F|  |TAMS 0x0000000704e00000, 0x0000000704e00000| Untracked 
|  34|0x0000000705000000, 0x0000000705000000, 0x0000000705200000|  0%| F|  |TAMS 0x0000000705000000, 0x0000000705000000| Untracked 
|  35|0x0000000705200000, 0x0000000705200000, 0x0000000705400000|  0%| F|  |TAMS 0x0000000705200000, 0x0000000705200000| Untracked 
|  36|0x0000000705400000, 0x0000000705400000, 0x0000000705600000|  0%| F|  |TAMS 0x0000000705400000, 0x0000000705400000| Untracked 
|  37|0x0000000705600000, 0x0000000705600000, 0x0000000705800000|  0%| F|  |TAMS 0x0000000705600000, 0x0000000705600000| Untracked 
|  38|0x0000000705800000, 0x0000000705800000, 0x0000000705a00000|  0%| F|  |TAMS 0x0000000705800000, 0x0000000705800000| Untracked 
|  39|0x0000000705a00000, 0x0000000705a00000, 0x0000000705c00000|  0%| F|  |TAMS 0x0000000705a00000, 0x0000000705a00000| Untracked 
|  40|0x0000000705c00000, 0x0000000705c00000, 0x0000000705e00000|  0%| F|  |TAMS 0x0000000705c00000, 0x0000000705c00000| Untracked 
|  41|0x0000000705e00000, 0x0000000705e00000, 0x0000000706000000|  0%| F|  |TAMS 0x0000000705e00000, 0x0000000705e00000| Untracked 
|  42|0x0000000706000000, 0x0000000706000000, 0x0000000706200000|  0%| F|  |TAMS 0x0000000706000000, 0x0000000706000000| Untracked 
|  43|0x0000000706200000, 0x0000000706200000, 0x0000000706400000|  0%| F|  |TAMS 0x0000000706200000, 0x0000000706200000| Untracked 
|  44|0x0000000706400000, 0x0000000706400000, 0x0000000706600000|  0%| F|  |TAMS 0x0000000706400000, 0x0000000706400000| Untracked 
|  45|0x0000000706600000, 0x0000000706600000, 0x0000000706800000|  0%| F|  |TAMS 0x0000000706600000, 0x0000000706600000| Untracked 
|  46|0x0000000706800000, 0x0000000706800000, 0x0000000706a00000|  0%| F|  |TAMS 0x0000000706800000, 0x0000000706800000| Untracked 
|  47|0x0000000706a00000, 0x0000000706a00000, 0x0000000706c00000|  0%| F|  |TAMS 0x0000000706a00000, 0x0000000706a00000| Untracked 
|  48|0x0000000706c00000, 0x0000000706c00000, 0x0000000706e00000|  0%| F|  |TAMS 0x0000000706c00000, 0x0000000706c00000| Untracked 
|  49|0x0000000706e00000, 0x0000000706ff3118, 0x0000000707000000| 97%| E|  |TAMS 0x0000000706e00000, 0x0000000706e00000| Complete 
|  50|0x0000000707000000, 0x0000000707200000, 0x0000000707200000|100%| E|CS|TAMS 0x0000000707000000, 0x0000000707000000| Complete 
|  51|0x0000000707200000, 0x0000000707400000, 0x0000000707400000|100%| E|CS|TAMS 0x0000000707200000, 0x0000000707200000| Complete 
|  52|0x0000000707400000, 0x0000000707600000, 0x0000000707600000|100%| E|CS|TAMS 0x0000000707400000, 0x0000000707400000| Complete 
| 127|0x0000000710a00000, 0x0000000710c00000, 0x0000000710c00000|100%| E|CS|TAMS 0x0000000710a00000, 0x0000000710a00000| Complete 

Card table byte_map: [0x000002cbb03b0000,0x000002cbb0bb0000] _byte_map_base: 0x000002cbacbaa000

Marking Bits (Prev, Next): (CMBitMap*) 0x000002cb96f3fd60, (CMBitMap*) 0x000002cb96f3fd20
 Prev Bits: [0x000002cbb5380000, 0x000002cbb9350000)
 Next Bits: [0x000002cbb13b0000, 0x000002cbb5380000)

Polling page: 0x000002cb9fee0000

Metaspace:

Usage:
  Non-class:     75.76 MB used.
      Class:     11.65 MB used.
       Both:     87.41 MB used.

Virtual space:
  Non-class space:       80.00 MB reserved,      76.06 MB ( 95%) committed,  10 nodes.
      Class space:        1.00 GB reserved,      11.94 MB (  1%) committed,  1 nodes.
             Both:        1.08 GB reserved,      88.00 MB (  8%) committed. 

Chunk freelists:
   Non-Class:  3.88 MB
       Class:  46.00 KB
        Both:  3.92 MB

MaxMetaspaceSize: unlimited
CompressedClassSpaceSize: 1.00 GB
Initial GC threshold: 21.00 MB
Current GC threshold: 98.56 MB
CDS: on
MetaspaceReclaimPolicy: balanced
 - commit_granule_bytes: 65536.
 - commit_granule_words: 8192.
 - virtual_space_node_default_size: 1048576.
 - enlarge_chunks_in_place: 1.
 - new_chunks_are_fully_committed: 0.
 - uncommit_free_chunks: 1.
 - use_allocation_guard: 0.
 - handle_deallocations: 1.


Internal statistics:

num_allocs_failed_limit: 9.
num_arena_births: 842.
num_arena_deaths: 0.
num_vsnodes_births: 11.
num_vsnodes_deaths: 0.
num_space_committed: 1408.
num_space_uncommitted: 0.
num_chunks_returned_to_freelist: 9.
num_chunks_taken_from_freelist: 3855.
num_chunk_merges: 6.
num_chunk_splits: 2839.
num_chunks_enlarged: 2273.
num_purges: 0.
num_inconsistent_stats: 0.

CodeHeap 'non-profiled nmethods': size=120000Kb used=4963Kb max_used=5548Kb free=115036Kb
 bounds [0x000002cba79d0000, 0x000002cba7f40000, 0x000002cbaef00000]
CodeHeap 'profiled nmethods': size=120000Kb used=15758Kb max_used=16610Kb free=104241Kb
 bounds [0x000002cba04a0000, 0x000002cba14e0000, 0x000002cba79d0000]
CodeHeap 'non-nmethods': size=5760Kb used=1418Kb max_used=1469Kb free=4341Kb
 bounds [0x000002cb9ff00000, 0x000002cba0170000, 0x000002cba04a0000]
 total_blobs=8416 nmethods=7647 adapters=681
 compilation: enabled
              stopped_count=0, restarted_count=0
 full_count=0

Compilation events (20 events):
Event: 5909.705 Thread 0x000002cbbcc097e0 nmethod 8711 0x000002cba7f31290 code [0x000002cba7f31600, 0x000002cba7f35e30]
Event: 5909.705 Thread 0x000002cbbcc097e0 8712       4       org.h2.mvstore.MVMap$IntValueHolder::<init> (5 bytes)
Event: 5909.706 Thread 0x000002cbbcc097e0 nmethod 8712 0x000002cba7f3a510 code [0x000002cba7f3a680, 0x000002cba7f3a6f8]
Event: 5914.675 Thread 0x000002cbbcc0a190 8714       3       org.h2.mvstore.RandomAccessStore::writeStoreHeader (185 bytes)
Event: 5914.676 Thread 0x000002cbbcc0a190 nmethod 8714 0x000002cba14d3610 code [0x000002cba14d3a60, 0x000002cba14d5778]
Event: 5914.676 Thread 0x000002cbbcc0a190 8715       3       org.h2.mvstore.DataUtils::appendMap (120 bytes)
Event: 5914.677 Thread 0x000002cbbcc0a190 nmethod 8715 0x000002cba14d6190 code [0x000002cba14d64e0, 0x000002cba14d7998]
Event: 5914.677 Thread 0x000002cbbcc0a190 8716       3       java.util.HashMap$KeySet::toArray (18 bytes)
Event: 5914.677 Thread 0x000002cbbcc0a190 nmethod 8716 0x000002cba14d8090 code [0x000002cba14d8240, 0x000002cba14d84c8]
Event: 5914.677 Thread 0x000002cbbcc0a190 8717       3       sun.nio.ch.FileDispatcherImpl::seek (6 bytes)
Event: 5914.677 Thread 0x000002cbbcc0a190 nmethod 8717 0x000002cba14d8590 code [0x000002cba14d8720, 0x000002cba14d8868]
Event: 6243.358 Thread 0x000002cbbcc097e0 8718       4       java.util.concurrent.ScheduledThreadPoolExecutor$DelayedWorkQueue::siftUp (64 bytes)
Event: 6243.362 Thread 0x000002cbbcc097e0 nmethod 8718 0x000002cba7f3a810 code [0x000002cba7f3a9c0, 0x000002cba7f3aed8]
Event: 6298.850 Thread 0x000002cbbcc097e0 8719 % !   4       org.h2.mvstore.FileStore$BackgroundWriterThread::run @ 0 (67 bytes)
Event: 6298.853 Thread 0x000002cbbcc097e0 nmethod 8719% 0x000002cba7c87110 code [0x000002cba7c872c0, 0x000002cba7c876f8]
Event: 6339.432 Thread 0x000002cbbcc0a190 8720       3       java.util.concurrent.ScheduledThreadPoolExecutor$DelayedWorkQueue::add (9 bytes)
Event: 6339.432 Thread 0x000002cbbcc0a190 nmethod 8720 0x000002cba05edb90 code [0x000002cba05edd40, 0x000002cba05edfe8]
Event: 6484.168 Thread 0x000002cbbcc0a190 8721       3       com.zaxxer.hikari.pool.HikariPool::logPoolState (92 bytes)
Event: 6484.169 Thread 0x000002cbbcc0a190 nmethod 8721 0x000002cba08d1610 code [0x000002cba08d1960, 0x000002cba08d3538]
Event: 6541.038 Thread 0x000002cbbcc097e0 8722       4       org.h2.mvstore.type.MetaType::write (83 bytes)

GC Heap History (20 events):
Event: 2.212 GC heap before
{Heap before GC invocations=7 (full 0):
 garbage-first heap   total 61440K, used 40136K [0x0000000700c00000, 0x0000000800000000)
  region size 2048K, 13 young (26624K), 2 survivors (4096K)
 Metaspace       used 31971K, committed 32320K, reserved 1081344K
  class space    used 4180K, committed 4352K, reserved 1048576K
}
Event: 2.217 GC heap after
{Heap after GC invocations=8 (full 0):
 garbage-first heap   total 161792K, used 19601K [0x0000000700c00000, 0x0000000800000000)
  region size 2048K, 2 young (4096K), 2 survivors (4096K)
 Metaspace       used 31971K, committed 32320K, reserved 1081344K
  class space    used 4180K, committed 4352K, reserved 1048576K
}
Event: 2.373 GC heap before
{Heap before GC invocations=8 (full 0):
 garbage-first heap   total 161792K, used 31889K [0x0000000700c00000, 0x0000000800000000)
  region size 2048K, 9 young (18432K), 2 survivors (4096K)
 Metaspace       used 35577K, committed 35968K, reserved 1081344K
  class space    used 4553K, committed 4736K, reserved 1048576K
}
Event: 2.379 GC heap after
{Heap after GC invocations=9 (full 0):
 garbage-first heap   total 161792K, used 20794K [0x0000000700c00000, 0x0000000800000000)
  region size 2048K, 3 young (6144K), 3 survivors (6144K)
 Metaspace       used 35577K, committed 35968K, reserved 1081344K
  class space    used 4553K, committed 4736K, reserved 1048576K
}
Event: 2.907 GC heap before
{Heap before GC invocations=10 (full 0):
 garbage-first heap   total 81920K, used 65850K [0x0000000700c00000, 0x0000000800000000)
  region size 2048K, 24 young (49152K), 3 survivors (6144K)
 Metaspace       used 43680K, committed 44160K, reserved 1089536K
  class space    used 5538K, committed 5760K, reserved 1048576K
}
Event: 2.913 GC heap after
{Heap after GC invocations=11 (full 0):
 garbage-first heap   total 81920K, used 26220K [0x0000000700c00000, 0x0000000800000000)
  region size 2048K, 3 young (6144K), 3 survivors (6144K)
 Metaspace       used 43680K, committed 44160K, reserved 1089536K
  class space    used 5538K, committed 5760K, reserved 1048576K
}
Event: 2.938 GC heap before
{Heap before GC invocations=11 (full 0):
 garbage-first heap   total 81920K, used 28268K [0x0000000700c00000, 0x0000000800000000)
  region size 2048K, 4 young (8192K), 3 survivors (6144K)
 Metaspace       used 44022K, committed 44480K, reserved 1089536K
  class space    used 5560K, committed 5760K, reserved 1048576K
}
Event: 2.942 GC heap after
{Heap after GC invocations=12 (full 0):
 garbage-first heap   total 81920K, used 26822K [0x0000000700c00000, 0x0000000800000000)
  region size 2048K, 1 young (2048K), 1 survivors (2048K)
 Metaspace       used 44022K, committed 44480K, reserved 1089536K
  class space    used 5560K, committed 5760K, reserved 1048576K
}
Event: 3.362 GC heap before
{Heap before GC invocations=12 (full 0):
 garbage-first heap   total 81920K, used 59590K [0x0000000700c00000, 0x0000000800000000)
  region size 2048K, 17 young (34816K), 1 survivors (2048K)
 Metaspace       used 48801K, committed 49216K, reserved 1097728K
  class space    used 6131K, committed 6336K, reserved 1048576K
}
Event: 3.364 GC heap after
{Heap after GC invocations=13 (full 0):
 garbage-first heap   total 118784K, used 27398K [0x0000000700c00000, 0x0000000800000000)
  region size 2048K, 1 young (2048K), 1 survivors (2048K)
 Metaspace       used 48801K, committed 49216K, reserved 1097728K
  class space    used 6131K, committed 6336K, reserved 1048576K
}
Event: 4.101 GC heap before
{Heap before GC invocations=13 (full 0):
 garbage-first heap   total 118784K, used 82694K [0x0000000700c00000, 0x0000000800000000)
  region size 2048K, 29 young (59392K), 1 survivors (2048K)
 Metaspace       used 59870K, committed 60288K, reserved 1105920K
  class space    used 7793K, committed 8000K, reserved 1048576K
}
Event: 4.103 GC heap after
{Heap after GC invocations=14 (full 0):
 garbage-first heap   total 118784K, used 29566K [0x0000000700c00000, 0x0000000800000000)
  region size 2048K, 2 young (4096K), 2 survivors (4096K)
 Metaspace       used 59870K, committed 60288K, reserved 1105920K
  class space    used 7793K, committed 8000K, reserved 1048576K
}
Event: 4.865 GC heap before
{Heap before GC invocations=15 (full 0):
 garbage-first heap   total 110592K, used 91006K [0x0000000700c00000, 0x0000000800000000)
  region size 2048K, 32 young (65536K), 2 survivors (4096K)
 Metaspace       used 71786K, committed 72320K, reserved 1114112K
  class space    used 9688K, committed 9920K, reserved 1048576K
}
Event: 4.869 GC heap after
{Heap after GC invocations=16 (full 0):
 garbage-first heap   total 110592K, used 32952K [0x0000000700c00000, 0x0000000800000000)
  region size 2048K, 4 young (8192K), 4 survivors (8192K)
 Metaspace       used 71786K, committed 72320K, reserved 1114112K
  class space    used 9688K, committed 9920K, reserved 1048576K
}
Event: 4.899 GC heap before
{Heap before GC invocations=16 (full 0):
 garbage-first heap   total 110592K, used 35000K [0x0000000700c00000, 0x0000000800000000)
  region size 2048K, 5 young (10240K), 4 survivors (8192K)
 Metaspace       used 72042K, committed 72640K, reserved 1114112K
  class space    used 9727K, committed 9984K, reserved 1048576K
}
Event: 4.903 GC heap after
{Heap after GC invocations=17 (full 0):
 garbage-first heap   total 110592K, used 33672K [0x0000000700c00000, 0x0000000800000000)
  region size 2048K, 1 young (2048K), 1 survivors (2048K)
 Metaspace       used 72042K, committed 72640K, reserved 1114112K
  class space    used 9727K, committed 9984K, reserved 1048576K
}
Event: 9.019 GC heap before
{Heap before GC invocations=17 (full 0):
 garbage-first heap   total 110592K, used 86920K [0x0000000700c00000, 0x0000000800000000)
  region size 2048K, 27 young (55296K), 1 survivors (2048K)
 Metaspace       used 79375K, committed 79936K, reserved 1122304K
  class space    used 10697K, committed 10944K, reserved 1048576K
}
Event: 9.024 GC heap after
{Heap after GC invocations=18 (full 0):
 garbage-first heap   total 110592K, used 37434K [0x0000000700c00000, 0x0000000800000000)
  region size 2048K, 3 young (6144K), 3 survivors (6144K)
 Metaspace       used 79375K, committed 79936K, reserved 1122304K
  class space    used 10697K, committed 10944K, reserved 1048576K
}
Event: 3954.931 GC heap before
{Heap before GC invocations=18 (full 0):
 garbage-first heap   total 110592K, used 84538K [0x0000000700c00000, 0x0000000800000000)
  region size 2048K, 27 young (55296K), 3 survivors (6144K)
 Metaspace       used 89465K, committed 90048K, reserved 1130496K
  class space    used 11931K, committed 12224K, reserved 1048576K
}
Event: 3954.935 GC heap after
{Heap after GC invocations=19 (full 0):
 garbage-first heap   total 110592K, used 40956K [0x0000000700c00000, 0x0000000800000000)
  region size 2048K, 2 young (4096K), 2 survivors (4096K)
 Metaspace       used 89465K, committed 90048K, reserved 1130496K
  class space    used 11931K, committed 12224K, reserved 1048576K
}

Deoptimization events (20 events):
Event: 5774.316 Thread 0x000002cbbf45d5f0 Uncommon trap: trap_request=0xffffffd6 fr.pc=0x000002cba7f2ac00 relative=0x0000000000002960
Event: 5774.316 Thread 0x000002cbbf45d5f0 Uncommon trap: reason=array_check action=maybe_recompile pc=0x000002cba7f2ac00 method=org.h2.mvstore.Page$Leaf.setValueInternal(ILjava/lang/Object;)Ljava/lang/Object; @ 13 c2
Event: 5774.316 Thread 0x000002cbbf45d5f0 DEOPT PACKING pc=0x000002cba7f2ac00 sp=0x000000ebd64ff1a0
Event: 5774.316 Thread 0x000002cbbf45d5f0 DEOPT UNPACKING pc=0x000002cb9ff523a3 sp=0x000000ebd64ff010 mode 2
Event: 5774.316 Thread 0x000002cbbf45d5f0 Uncommon trap: trap_request=0xffffffd6 fr.pc=0x000002cba7f2ac00 relative=0x0000000000002960
Event: 5774.316 Thread 0x000002cbbf45d5f0 Uncommon trap: reason=array_check action=maybe_recompile pc=0x000002cba7f2ac00 method=org.h2.mvstore.Page$Leaf.setValueInternal(ILjava/lang/Object;)Ljava/lang/Object; @ 13 c2
Event: 5774.316 Thread 0x000002cbbf45d5f0 DEOPT PACKING pc=0x000002cba7f2ac00 sp=0x000000ebd64ff1a0
Event: 5774.316 Thread 0x000002cbbf45d5f0 DEOPT UNPACKING pc=0x000002cb9ff523a3 sp=0x000000ebd64ff010 mode 2
Event: 5774.377 Thread 0x000002cbbf45d5f0 Uncommon trap: trap_request=0xffffffd6 fr.pc=0x000002cba7f2ac00 relative=0x0000000000002960
Event: 5774.377 Thread 0x000002cbbf45d5f0 Uncommon trap: reason=array_check action=maybe_recompile pc=0x000002cba7f2ac00 method=org.h2.mvstore.Page$Leaf.setValueInternal(ILjava/lang/Object;)Ljava/lang/Object; @ 13 c2
Event: 5774.377 Thread 0x000002cbbf45d5f0 DEOPT PACKING pc=0x000002cba7f2ac00 sp=0x000000ebd64ff220
Event: 5774.377 Thread 0x000002cbbf45d5f0 DEOPT UNPACKING pc=0x000002cb9ff523a3 sp=0x000000ebd64ff090 mode 2
Event: 5774.377 Thread 0x000002cbbf45d5f0 Uncommon trap: trap_request=0xffffffd6 fr.pc=0x000002cba7f2b87c relative=0x00000000000035dc
Event: 5774.377 Thread 0x000002cbbf45d5f0 Uncommon trap: reason=array_check action=maybe_recompile pc=0x000002cba7f2b87c method=org.h2.mvstore.Page$Leaf.setValueInternal(ILjava/lang/Object;)Ljava/lang/Object; @ 13 c2
Event: 5774.377 Thread 0x000002cbbf45d5f0 DEOPT PACKING pc=0x000002cba7f2b87c sp=0x000000ebd64ff220
Event: 5774.377 Thread 0x000002cbbf45d5f0 DEOPT UNPACKING pc=0x000002cb9ff523a3 sp=0x000000ebd64ff080 mode 2
Event: 6241.434 Thread 0x000002cbbf45df90 Uncommon trap: trap_request=0xffffff45 fr.pc=0x000002cba7f19570 relative=0x0000000000001150
Event: 6241.434 Thread 0x000002cbbf45df90 Uncommon trap: reason=unstable_if action=reinterpret pc=0x000002cba7f19570 method=jdk.internal.misc.Unsafe.getAndBitwiseAndInt(Ljava/lang/Object;JI)I @ 21 c2
Event: 6241.434 Thread 0x000002cbbf45df90 DEOPT PACKING pc=0x000002cba7f19570 sp=0x000000ebd6dff0e0
Event: 6241.434 Thread 0x000002cbbf45df90 DEOPT UNPACKING pc=0x000002cb9ff523a3 sp=0x000000ebd6dfedc0 mode 2

Classes unloaded (0 events):
No events

Classes redefined (0 events):
No events

Internal exceptions (20 events):
Event: 5.341 Thread 0x000002cb96ed8bb0 Exception <a 'java/lang/NoSuchMethodError'{0x0000000705548530}: 'int java.lang.invoke.DirectMethodHandle$Holder.invokeStaticInit(java.lang.Object, java.lang.Object, java.lang.Object, java.lang.Object)'> (0x0000000705548530) 
thrown [s\open\src\hotspot\share\interpreter\linkResolver.cpp, line 759]
Event: 5.345 Thread 0x000002cb96ed8bb0 Implicit null exception at 0x000002cba7bc2597 to 0x000002cba7bc2b45
Event: 5.356 Thread 0x000002cb96ed8bb0 Exception <a 'java/lang/IncompatibleClassChangeError'{0x0000000705226138}: Found class java.lang.Object, but interface was expected> (0x0000000705226138) 
thrown [s\open\src\hotspot\share\interpreter\linkResolver.cpp, line 826]
Event: 5.411 Thread 0x000002cb96ed8bb0 Exception <a 'java/lang/NoSuchMethodError'{0x0000000704ed04e8}: 'java.lang.Object java.lang.invoke.DirectMethodHandle$Holder.newInvokeSpecial(java.lang.Object, java.lang.Object, int, java.lang.Object, java.lang.Object)'> (0x0000000704ed04e8) 
thrown [s\open\src\hotspot\share\interpreter\linkResolver.cpp, line 759]
Event: 8.905 Thread 0x000002cbc1b171d0 Exception <a 'java/lang/NoSuchMethodError'{0x00000007048f6980}: 'java.lang.Object java.lang.invoke.DirectMethodHandle$Holder.invokeSpecial(java.lang.Object, java.lang.Object, java.lang.Object, java.lang.Object, java.lang.Object, long)'> (0x00000007048f6980) 
thrown [s\open\src\hotspot\share\interpreter\linkResolver.cpp, line 759]
Event: 8.906 Thread 0x000002cbc1b171d0 Exception <a 'java/lang/NoSuchMethodError'{0x00000007048fa3c0}: 'java.lang.Object java.lang.invoke.Invokers$Holder.linkToTargetMethod(java.lang.Object, java.lang.Object, java.lang.Object, long, java.lang.Object)'> (0x00000007048fa3c0) 
thrown [s\open\src\hotspot\share\interpreter\linkResolver.cpp, line 759]
Event: 9.048 Thread 0x000002cbc1b15020 Exception <a 'java/lang/IncompatibleClassChangeError'{0x0000000710bd6810}: Found class java.lang.Object, but interface was expected> (0x0000000710bd6810) 
thrown [s\open\src\hotspot\share\interpreter\linkResolver.cpp, line 826]
Event: 9.059 Thread 0x000002cbc1b15020 Implicit null exception at 0x000002cba7e17493 to 0x000002cba7e175dc
Event: 9.071 Thread 0x000002cbc1b15020 Exception <a 'java/lang/NoSuchMethodError'{0x00000007075e9198}: 'void java.lang.invoke.DirectMethodHandle$Holder.invokeSpecialIFC(java.lang.Object, java.lang.Object, int, java.lang.Object, java.lang.Object, java.lang.Object, java.lang.Object)'> (0x00000007075e9198) 
thrown [s\open\src\hotspot\share\interpreter\linkResolver.cpp, line 759]
Event: 9.120 Thread 0x000002cbc1b15020 Exception <a 'java/lang/IncompatibleClassChangeError'{0x000000070716a788}: Found class java.lang.Object, but interface was expected> (0x000000070716a788) 
thrown [s\open\src\hotspot\share\interpreter\linkResolver.cpp, line 826]
Event: 259.540 Thread 0x000002cbc1b176a0 Exception <a 'sun/nio/fs/WindowsException'{0x000000070695f1f8}> (0x000000070695f1f8) 
thrown [s\open\src\hotspot\share\prims\jni.cpp, line 516]
Event: 259.796 Thread 0x000002cbc1b176a0 Implicit null exception at 0x000002cba7e7938c to 0x000002cba7e7954d
Event: 259.857 Thread 0x000002cbc1b176a0 Implicit null exception at 0x000002cba7b35bd2 to 0x000002cba7b35d24
Event: 265.748 Thread 0x000002cbc1b189e0 Exception <a 'java/lang/NoSuchMethodError'{0x0000000705bcecd8}: 'java.lang.Object java.lang.invoke.Invokers$Holder.linkToTargetMethod(java.lang.Object, int, java.lang.Object, java.lang.Object, java.lang.Object, java.lang.Object)'> (0x0000000705bcecd8) 
thrown [s\open\src\hotspot\share\interpreter\linkResolver.cpp, line 759]
Event: 265.748 Thread 0x000002cbc1b189e0 Exception <a 'java/lang/NoSuchMethodError'{0x0000000705bdc2d8}: 'int java.lang.invoke.DirectMethodHandle$Holder.invokeStatic(java.lang.Object, java.lang.Object, int, java.lang.Object)'> (0x0000000705bdc2d8) 
thrown [s\open\src\hotspot\share\interpreter\linkResolver.cpp, line 759]
Event: 5382.439 Thread 0x000002cbbf45df90 Implicit null exception at 0x000002cba7f1fa1b to 0x000002cba7f1fcb4
Event: 5383.434 Thread 0x000002cbbf45df90 Implicit null exception at 0x000002cba7f1fa1b to 0x000002cba7f1fcb4
Event: 5384.442 Thread 0x000002cbbf45df90 Implicit null exception at 0x000002cba7f1fa1b to 0x000002cba7f1fcb4
Event: 5385.432 Thread 0x000002cbbf45df90 Implicit null exception at 0x000002cba7f1fa1b to 0x000002cba7f1fcb4
Event: 5434.467 Thread 0x000002cbbd25a1d0 Exception <a 'sun/net/ConnectionResetException'{0x00000007073ddc58}: Connection reset> (0x00000007073ddc58) 
thrown [s\open\src\hotspot\share\prims\jni.cpp, line 535]

VM Operations (20 events):
Event: 4182.819 Executing VM operation: Cleanup
Event: 4182.819 Executing VM operation: Cleanup done
Event: 5148.629 Executing VM operation: Cleanup
Event: 5148.629 Executing VM operation: Cleanup done
Event: 5730.873 Executing VM operation: Cleanup
Event: 5730.874 Executing VM operation: Cleanup done
Event: 5775.260 Executing VM operation: Cleanup
Event: 5775.260 Executing VM operation: Cleanup done
Event: 5824.701 Executing VM operation: Cleanup
Event: 5824.702 Executing VM operation: Cleanup done
Event: 5910.493 Executing VM operation: Cleanup
Event: 5910.493 Executing VM operation: Cleanup done
Event: 5911.506 Executing VM operation: Cleanup
Event: 5911.506 Executing VM operation: Cleanup done
Event: 6241.434 Executing VM operation: HandshakeAllThreads
Event: 6241.434 Executing VM operation: HandshakeAllThreads done
Event: 6242.448 Executing VM operation: Cleanup
Event: 6242.448 Executing VM operation: Cleanup done
Event: 6243.362 Executing VM operation: HandshakeAllThreads
Event: 6243.362 Executing VM operation: HandshakeAllThreads done

Events (20 events):
Event: 6243.368 Thread 0x000002cbbcc123e0 flushing nmethod 0x000002cba0eb2f10
Event: 6243.368 Thread 0x000002cbbcc123e0 flushing nmethod 0x000002cba0eb3490
Event: 6243.368 Thread 0x000002cbbcc123e0 flushing nmethod 0x000002cba0eb3890
Event: 6243.368 Thread 0x000002cbbcc123e0 flushing nmethod 0x000002cba0eb5810
Event: 6243.368 Thread 0x000002cbbcc123e0 flushing nmethod 0x000002cba0eb6110
Event: 6243.368 Thread 0x000002cbbcc123e0 flushing nmethod 0x000002cba0eb7190
Event: 6243.368 Thread 0x000002cbbcc123e0 flushing nmethod 0x000002cba0eb7e10
Event: 6243.368 Thread 0x000002cbbcc123e0 flushing nmethod 0x000002cba0eb8890
Event: 6243.368 Thread 0x000002cbbcc123e0 flushing nmethod 0x000002cba0ebd010
Event: 6243.368 Thread 0x000002cbbcc123e0 flushing nmethod 0x000002cba0ec0890
Event: 6243.368 Thread 0x000002cbbcc123e0 flushing nmethod 0x000002cba0ec0e10
Event: 6243.368 Thread 0x000002cbbcc123e0 flushing nmethod 0x000002cba0ec1d90
Event: 6243.368 Thread 0x000002cbbcc123e0 flushing nmethod 0x000002cba0ec3c10
Event: 6243.368 Thread 0x000002cbbcc123e0 flushing nmethod 0x000002cba0ed2590
Event: 6243.368 Thread 0x000002cbbcc123e0 flushing nmethod 0x000002cba0ed8510
Event: 6243.368 Thread 0x000002cbbcc123e0 flushing nmethod 0x000002cba0f00c90
Event: 6243.368 Thread 0x000002cbbcc123e0 flushing nmethod 0x000002cba0f02c90
Event: 6243.368 Thread 0x000002cbbcc123e0 flushing nmethod 0x000002cba0f04590
Event: 6243.368 Thread 0x000002cbbcc123e0 flushing nmethod 0x000002cba0f05910
Event: 6243.369 Thread 0x000002cbbcc123e0 flushing nmethod 0x000002cba0fd0290


Dynamic libraries:
0x00007ff7d1bf0000 - 0x00007ff7d1c00000 	C:\Program Files\Java\jdk-17.0.4.1\bin\java.exe
0x00007ffd88470000 - 0x00007ffd88668000 	C:\WINDOWS\SYSTEM32\ntdll.dll
0x00007ffd86b50000 - 0x00007ffd86c12000 	C:\WINDOWS\System32\KERNEL32.DLL
0x00007ffd85ef0000 - 0x00007ffd861e6000 	C:\WINDOWS\System32\KERNELBASE.dll
0x00007ffd85b60000 - 0x00007ffd85c60000 	C:\WINDOWS\System32\ucrtbase.dll
0x00007ffd5b430000 - 0x00007ffd5b448000 	C:\Program Files\Java\jdk-17.0.4.1\bin\jli.dll
0x00007ffd88270000 - 0x00007ffd88321000 	C:\WINDOWS\System32\ADVAPI32.dll
0x00007ffd5b310000 - 0x00007ffd5b32a000 	C:\Program Files\Java\jdk-17.0.4.1\bin\VCRUNTIME140.dll
0x00007ffd87520000 - 0x00007ffd875be000 	C:\WINDOWS\System32\msvcrt.dll
0x00007ffd880b0000 - 0x00007ffd8814f000 	C:\WINDOWS\System32\sechost.dll
0x00007ffd88150000 - 0x00007ffd88270000 	C:\WINDOWS\System32\RPCRT4.dll
0x00007ffd85b30000 - 0x00007ffd85b57000 	C:\WINDOWS\System32\bcrypt.dll
0x00007ffd87f00000 - 0x00007ffd880a1000 	C:\WINDOWS\System32\USER32.dll
0x00007ffd6ed60000 - 0x00007ffd6effb000 	C:\WINDOWS\WinSxS\amd64_microsoft.windows.common-controls_6595b64144ccf1df_6.0.19041.6456_none_60b8a6cb71f64256\COMCTL32.dll
0x00007ffd85b00000 - 0x00007ffd85b22000 	C:\WINDOWS\System32\win32u.dll
0x00007ffd88330000 - 0x00007ffd8835b000 	C:\WINDOWS\System32\GDI32.dll
0x00007ffd85c60000 - 0x00007ffd85d79000 	C:\WINDOWS\System32\gdi32full.dll
0x00007ffd85d80000 - 0x00007ffd85e1d000 	C:\WINDOWS\System32\msvcp_win.dll
0x00007ffd7e020000 - 0x00007ffd7e02a000 	C:\WINDOWS\SYSTEM32\VERSION.dll
0x00007ffd86490000 - 0x00007ffd864bf000 	C:\WINDOWS\System32\IMM32.DLL
0x00007ffd5bc10000 - 0x00007ffd5bc1c000 	C:\Program Files\Java\jdk-17.0.4.1\bin\vcruntime140_1.dll
0x00007ffd52f30000 - 0x00007ffd52fbd000 	C:\Program Files\Java\jdk-17.0.4.1\bin\msvcp140.dll
0x00007ffd392b0000 - 0x00007ffd39e72000 	C:\Program Files\Java\jdk-17.0.4.1\bin\server\jvm.dll
0x00007ffd86ae0000 - 0x00007ffd86ae8000 	C:\WINDOWS\System32\PSAPI.DLL
0x00007ffd7ba50000 - 0x00007ffd7ba77000 	C:\WINDOWS\SYSTEM32\WINMM.dll
0x00007ffd6ed30000 - 0x00007ffd6ed39000 	C:\WINDOWS\SYSTEM32\WSOCK32.dll
0x00007ffd874a0000 - 0x00007ffd8750b000 	C:\WINDOWS\System32\WS2_32.dll
0x00007ffd83870000 - 0x00007ffd83882000 	C:\WINDOWS\SYSTEM32\kernel.appcore.dll
0x00007ffd5b8a0000 - 0x00007ffd5b8aa000 	C:\Program Files\Java\jdk-17.0.4.1\bin\jimage.dll
0x00007ffd788c0000 - 0x00007ffd78ac1000 	C:\WINDOWS\SYSTEM32\DBGHELP.DLL
0x00007ffd5eb40000 - 0x00007ffd5eb74000 	C:\WINDOWS\SYSTEM32\dbgcore.DLL
0x00007ffd86350000 - 0x00007ffd863d2000 	C:\WINDOWS\System32\bcryptPrimitives.dll
0x00007ffd71260000 - 0x00007ffd7126e000 	C:\Program Files\Java\jdk-17.0.4.1\bin\instrument.dll
0x00007ffd54340000 - 0x00007ffd54365000 	C:\Program Files\Java\jdk-17.0.4.1\bin\java.dll
0x00007ffd480d0000 - 0x00007ffd481a6000 	C:\Program Files\Java\jdk-17.0.4.1\bin\jsvml.dll
0x00007ffd86c20000 - 0x00007ffd87390000 	C:\WINDOWS\System32\SHELL32.dll
0x00007ffd83b50000 - 0x00007ffd842f5000 	C:\WINDOWS\SYSTEM32\windows.storage.dll
0x00007ffd87880000 - 0x00007ffd87bd4000 	C:\WINDOWS\System32\combase.dll
0x00007ffd85370000 - 0x00007ffd8539b000 	C:\WINDOWS\SYSTEM32\Wldp.dll
0x00007ffd88360000 - 0x00007ffd8842d000 	C:\WINDOWS\System32\OLEAUT32.dll
0x00007ffd877d0000 - 0x00007ffd8787d000 	C:\WINDOWS\System32\SHCORE.dll
0x00007ffd87cc0000 - 0x00007ffd87d1b000 	C:\WINDOWS\System32\shlwapi.dll
0x00007ffd85a30000 - 0x00007ffd85a54000 	C:\WINDOWS\SYSTEM32\profapi.dll
0x00007ffd54fb0000 - 0x00007ffd54fc8000 	C:\Program Files\Java\jdk-17.0.4.1\bin\zip.dll
0x00007ffd5b210000 - 0x00007ffd5b229000 	C:\Program Files\Java\jdk-17.0.4.1\bin\net.dll
0x00007ffd817c0000 - 0x00007ffd818ca000 	C:\WINDOWS\SYSTEM32\WINHTTP.dll
0x00007ffd85150000 - 0x00007ffd851ba000 	C:\WINDOWS\system32\mswsock.dll
0x00007ffd59510000 - 0x00007ffd59526000 	C:\Program Files\Java\jdk-17.0.4.1\bin\nio.dll
0x00007ffd60870000 - 0x00007ffd6088a000 	C:\Program Files\JetBrains\IntelliJ IDEA Community Edition 2022.1.1\bin\breakgen64.dll
0x00007ffd71360000 - 0x00007ffd7136e000 	C:\Program Files\Java\jdk-17.0.4.1\bin\sunmscapi.dll
0x00007ffd861f0000 - 0x00007ffd8634d000 	C:\WINDOWS\System32\CRYPT32.dll
0x00007ffd853e0000 - 0x00007ffd85407000 	C:\WINDOWS\SYSTEM32\ncrypt.dll
0x00007ffd853a0000 - 0x00007ffd853db000 	C:\WINDOWS\SYSTEM32\NTASN1.dll
0x00007ffd85510000 - 0x00007ffd85528000 	C:\WINDOWS\SYSTEM32\CRYPTSP.dll
0x00007ffd84a90000 - 0x00007ffd84ac8000 	C:\WINDOWS\system32\rsaenh.dll
0x00007ffd85960000 - 0x00007ffd8598e000 	C:\WINDOWS\SYSTEM32\USERENV.dll
0x00007ffd852e0000 - 0x00007ffd852ec000 	C:\WINDOWS\SYSTEM32\CRYPTBASE.dll
0x00007ffd84e50000 - 0x00007ffd84e8b000 	C:\WINDOWS\SYSTEM32\IPHLPAPI.DLL
0x00007ffd864c0000 - 0x00007ffd864c8000 	C:\WINDOWS\System32\NSI.dll
0x00007ffd7f3d0000 - 0x00007ffd7f3e7000 	C:\WINDOWS\SYSTEM32\dhcpcsvc6.DLL
0x00007ffd7f330000 - 0x00007ffd7f34d000 	C:\WINDOWS\SYSTEM32\dhcpcsvc.DLL
0x00007ffd84e90000 - 0x00007ffd84f5a000 	C:\WINDOWS\SYSTEM32\DNSAPI.dll
0x00007ffd709e0000 - 0x00007ffd709e9000 	C:\Program Files\Java\jdk-17.0.4.1\bin\management.dll
0x00007ffd64c80000 - 0x00007ffd64c8b000 	C:\Program Files\Java\jdk-17.0.4.1\bin\management_ext.dll
0x00007ffd449a0000 - 0x00007ffd449b7000 	C:\WINDOWS\system32\napinsp.dll
0x00007ffd1da90000 - 0x00007ffd1daab000 	C:\WINDOWS\system32\pnrpnsp.dll
0x00007ffd82440000 - 0x00007ffd8245d000 	C:\WINDOWS\system32\wshbth.dll
0x00007ffd82d40000 - 0x00007ffd82d5d000 	C:\WINDOWS\system32\NLAapi.dll
0x00007ffd1da70000 - 0x00007ffd1da82000 	C:\WINDOWS\System32\winrnr.dll
0x000000005de10000 - 0x000000005de36000 	C:\Program Files\Bonjour\mdnsNSP.dll
0x00007ffd76a20000 - 0x00007ffd76a2a000 	C:\Windows\System32\rasadhlp.dll
0x00007ffd7e970000 - 0x00007ffd7e9f0000 	C:\WINDOWS\System32\fwpuclnt.dll
0x00007ffd71390000 - 0x00007ffd713a0000 	C:\Program Files\Java\jdk-17.0.4.1\bin\verify.dll
0x00007ffd5bd10000 - 0x00007ffd5bd17000 	C:\WINDOWS\system32\wshunix.dll

dbghelp: loaded successfully - version: 4.0.5 - missing functions: none
symbol engine: initialized successfully - sym options: 0x614 - pdb path: .;C:\Program Files\Java\jdk-17.0.4.1\bin;C:\WINDOWS\SYSTEM32;C:\WINDOWS\WinSxS\amd64_microsoft.windows.common-controls_6595b64144ccf1df_6.0.19041.6456_none_60b8a6cb71f64256;C:\Program Files\Java\jdk-17.0.4.1\bin\server;C:\Program Files\JetBrains\IntelliJ IDEA Community Edition 2022.1.1\bin;C:\Program Files\Bonjour

VM Arguments:
jvm_args: -javaagent:C:\Program Files\JetBrains\IntelliJ IDEA Community Edition 2022.1.1\lib\idea_rt.jar=64590:C:\Program Files\JetBrains\IntelliJ IDEA Community Edition 2022.1.1\bin -Dfile.encoding=UTF-8 
java_command: ee.krerte.aiinterview.AiInterviewBackendApplication -Dspring.profiles.active=dev
java_class_path (initial): C:\Users\Badboy\Downloads\viimane-seis\ai-interview-fullstack-gradle-today\backend-vana\build\classes\java\main;C:\Users\Badboy\Downloads\viimane-seis\ai-interview-fullstack-gradle-today\backend-vana\build\resources\main;C:\Users\Badboy\.gradle\caches\modules-2\files-2.1\org.springframework.boot\spring-boot-starter-web\3.3.4\b43a9fd107611337777b47dc7518e2aca59e58eb\spring-boot-starter-web-3.3.4.jar;C:\Users\Badboy\.gradle\caches\modules-2\files-2.1\org.springframework.boot\spring-boot-starter-validation\3.3.4\cd5e06f484dc2825a8d9704a2093a72587af2b58\spring-boot-starter-validation-3.3.4.jar;C:\Users\Badboy\.gradle\caches\modules-2\files-2.1\com.fasterxml.jackson.core\jackson-databind\2.17.2\e6deb029e5901e027c129341fac39e515066b68c\jackson-databind-2.17.2.jar;C:\Users\Badboy\.gradle\caches\modules-2\files-2.1\org.springframework.boot\spring-boot-starter-data-jpa\3.3.4\60df2a5bea8752fb215f3c8e1dffeb3554773a49\spring-boot-starter-data-jpa-3.3.4.jar;C:\Users\Badboy\.gradle\caches\modules-2\files-2.1\org.springframework.boot\spring-boot-starter-security\3.3.4\58e8b8decf2116c2e3422368d8f1ebd5bdff117\spring-boot-starter-security-3.3.4.jar;C:\Users\Badboy\.gradle\caches\modules-2\files-2.1\io.jsonwebtoken\jjwt-api\0.11.5\f742940045619d06383e7df37b21ac422b476cf1\jjwt-api-0.11.5.jar;C:\Users\Badboy\.gradle\caches\modules-2\files-2.1\org.apache.pdfbox\pdfbox\3.0.2\52327f7106515024494a08850a629e50ac7a1b9b\pdfbox-3.0.2.jar;C:\Users\Badboy\.gradle\caches\modules-2\files-2.1\com.squareup.okhttp3\okhttp\4.12.0\2f4525d4a200e97e1b87449c2cd9bd2e25b7e8cd\okhttp-4.12.0.jar;C:\Users\Badboy\.gradle\caches\modules-2\files-2.1\org.liquibase\liquibase-core\4.27.0\759da7263b8b282202d8a157a0c47653b92e473e\liquibase-core-4.27.0.jar;C:\Users\Badboy\.gradle\caches\modules-2\files-2.1\org.springframework.boot\spring-boot-starter-json\3.3.4\816ab4ccd364350e3d0b5c1d53c2e5302a49eae6\spring-boot-starter-json-3.3.4.jar;C:\Users\Badboy\.gradle\caches\modules-2\files-2.1\org.s
Launcher Type: SUN_STANDARD

[Global flags]
     intx CICompilerCount                          = 4                                         {product} {ergonomic}
     uint ConcGCThreads                            = 3                                         {product} {ergonomic}
     uint G1ConcRefinementThreads                  = 10                                        {product} {ergonomic}
   size_t G1HeapRegionSize                         = 2097152                                   {product} {ergonomic}
    uintx GCDrainStackTargetSize                   = 64                                        {product} {ergonomic}
   size_t InitialHeapSize                          = 268435456                                 {product} {ergonomic}
   size_t MarkStackSize                            = 4194304                                   {product} {ergonomic}
   size_t MaxHeapSize                              = 4282384384                                {product} {ergonomic}
   size_t MaxNewSize                               = 2569011200                                {product} {ergonomic}
   size_t MinHeapDeltaBytes                        = 2097152                                   {product} {ergonomic}
   size_t MinHeapSize                              = 8388608                                   {product} {ergonomic}
    uintx NonNMethodCodeHeapSize                   = 5839372                                {pd product} {ergonomic}
    uintx NonProfiledCodeHeapSize                  = 122909434                              {pd product} {ergonomic}
    uintx ProfiledCodeHeapSize                     = 122909434                              {pd product} {ergonomic}
    uintx ReservedCodeCacheSize                    = 251658240                              {pd product} {ergonomic}
     bool SegmentedCodeCache                       = true                                      {product} {ergonomic}
   size_t SoftMaxHeapSize                          = 4282384384                             {manageable} {ergonomic}
     bool UseCompressedClassPointers               = true                           {product lp64_product} {ergonomic}
     bool UseCompressedOops                        = true                           {product lp64_product} {ergonomic}
     bool UseG1GC                                  = true                                      {product} {ergonomic}
     bool UseLargePagesIndividualAllocation        = false                                  {pd product} {ergonomic}

Logging:
Log output configuration:
 #0: stdout all=warning uptime,level,tags
 #1: stderr all=off uptime,level,tags

Environment Variables:
JAVA_HOME=C:\Users\Badboy\.jdks\corretto-17.0.3
PATH=C:\Program Files\Eclipse Adoptium\jdk-21.0.9.10-hotspot\bin;C:\Program Files (x86)\Common Files\Oracle\Java\java8path;C:\Program Files (x86)\Common Files\Oracle\Java\javapath;C:\Python312\Scripts\;C:\Python312\;C:\Windows\system32;C:\Windows;C:\Windows\System32\Wbem;C:\Windows\System32\WindowsPowerShell\v1.0\;C:\Windows\System32\OpenSSH\;C:\Program Files (x86)\NVIDIA Corporation\PhysX\Common;C:\Program Files\Git\cmd;C:\WINDOWS\system32;C:\WINDOWS;C:\WINDOWS\System32\Wbem;C:\WINDOWS\System32\WindowsPowerShell\v1.0\;C:\WINDOWS\System32\OpenSSH\;C:\Program Files (x86)\IDEMIA\AWP\Dlls;C:\Program Files\IDEMIA\AWP\Dlls;C:\Users\Badboy\AppData\Local\Programs\Python\Python39;C:\Users\Badboy\apache-maven-3.8.6\bin;C:\Users\Badboy\.jdks\corretto-17.0.3\bin;C:\ProgramData\chocolatey\bin;C:\Program Files\Calibre2\;C:\Program Files\Rancher Desktop\resources\resources\win32\bin\;C:\Program Files\Rancher Desktop\resources\resources\linux\bin\;C:\Program Files\nodejs\;C:\Program Files\cursor\resources\app\bin;C:\Program Files\Eclipse Adoptium\jdk-21.0.9.10-hotspot\bin;C:\Program Files (x86)\Common Files\Oracle\Java\java8path;C:\Program Files (x86)\Common Files\Oracle\Java\javapath;C:\Python312\Scripts\;C:\Python312\;C:\Windows\system32;C:\Windows;C:\Windows\System32\Wbem;C:\Windows\System32\WindowsPowerShell\v1.0\;C:\Windows\System32\OpenSSH\;C:\Program Files (x86)\NVIDIA Corporation\PhysX\Common;C:\Program Files\Git\cmd;C:\WINDOWS\system32;C:\WINDOWS;C:\WINDOWS\System32\Wbem;C:\WINDOWS\System32\WindowsPowerShell\v1.0\;C:\WINDOWS\System32\OpenSSH\;C:\Program Files (x86)\IDEMIA\AWP\Dlls;C:\Program Files\IDEMIA\AWP\Dlls;C:\Users\Badboy\AppData\Local\Programs\Python\Python39;C:\Users\Badboy\apache-maven-3.8.6\bin;C:\Users\Badboy\.jdks\corretto-17.0.3\bin;C:\ProgramData\chocolatey\bin;C:\Program Files\Calibre2\;C:\Program Files\Rancher Desktop\resources\resources\win32\bin\;C:\Program Files\Rancher Desktop\resources\resources\linux\bin\;C:\Program Files\nodejs\;C:\Program Files\curso
USERNAME=Badboy
OS=Windows_NT
PROCESSOR_IDENTIFIER=AMD64 Family 23 Model 113 Stepping 0, AuthenticAMD



---------------  S Y S T E M  ---------------

OS:
 Windows 10 , 64 bit Build 19041 (10.0.19041.5915)
OS uptime: 0 days 9:17 hours
Hyper-V role detected

CPU: total 12 (initial active 12) (12 cores per cpu, 2 threads per core) family 23 model 113 stepping 0 microcode 0x0, cx8, cmov, fxsr, ht, mmx, 3dnowpref, sse, sse2, sse3, ssse3, sse4a, sse4.1, sse4.2, popcnt, lzcnt, tsc, tscinvbit, avx, avx2, aes, clmul, bmi1, bmi2, adx, sha, fma, vzeroupper, clflush, clflushopt, hv

Memory: 4k page, system-wide physical 16333M (6435M free)
TotalPageFile size 65485M (AvailPageFile size 5M)
current process WorkingSet (physical memory assigned to process): 299M, peak: 352M
current process commit charge ("private bytes"): 347M, peak: 408M

vm_info: Java HotSpot(TM) 64-Bit Server VM (17.0.4.1+1-LTS-2) for windows-amd64 JRE (17.0.4.1+1-LTS-2), built on Aug 16 2022 18:32:06 by "mach5one" with MS VC++ 16.8 / 16.9 (VS2019)

END.
