#
# There is insufficient memory for the Java Runtime Environment to continue.
# Native memory allocation (malloc) failed to allocate 32744 bytes for ChunkPool::allocate
# Possible reasons:
#   The system is out of physical RAM or swap space
#   The process is running with CompressedOops enabled, and the Java Heap may be blocking the growth of the native heap
# Possible solutions:
#   Reduce memory load on the system
#   Increase physical memory or swap space
#   Check if swap backing store is full
#   Decrease Java heap size (-Xmx/-Xms)
#   Decrease number of Java threads
#   Decrease Java thread stack sizes (-Xss)
#   Set larger code cache with -XX:ReservedCodeCacheSize=
#   JVM is running with Zero Based Compressed Oops mode in which the Java heap is
#     placed in the first 32GB address space. The Java Heap base address is the
#     maximum limit for the native heap growth. Please use -XX:HeapBaseMinAddress
#     to set the Java Heap base and to place the Java Heap above 32GB virtual address.
# This output file may be truncated or incomplete.
#
#  Out of Memory Error (arena.cpp:78), pid=22120, tid=10696
#
# JRE version: Java(TM) SE Runtime Environment (17.0.4.1+1) (build 17.0.4.1+1-LTS-2)
# Java VM: Java HotSpot(TM) 64-Bit Server VM (17.0.4.1+1-LTS-2, mixed mode, sharing, tiered, compressed oops, compressed class ptrs, g1 gc, windows-amd64)
# No core dump will be written. Minidumps are not enabled by default on client versions of Windows
#

---------------  S U M M A R Y ------------

Command Line: -Dfile.encoding=windows-1252 -Duser.country=GB -Duser.language=en -Duser.variant ee.krerte.aiinterview.AiInterviewBackendApplication -Dspring.profiles.active=dev

Host: AMD Ryzen 5 3600 6-Core Processor              , 12 cores, 15G,  Windows 10 , 64 bit Build 19041 (10.0.19041.5915)
Time: Thu Nov 27 01:43:56 2025 FLE Standard Time elapsed time: 14196.892938 seconds (0d 3h 56m 36s)

---------------  T H R E A D  ---------------

Current thread (0x0000023525017240):  JavaThread "C1 CompilerThread0" daemon [_thread_in_native, id=10696, stack(0x0000008ed1a00000,0x0000008ed1b00000)]


Current CompileTask:
C1:14196892 6816       3       org.h2.mvstore.tx.TransactionStore::registerTransaction (240 bytes)

Stack: [0x0000008ed1a00000,0x0000008ed1b00000]
Native frames: (J=compiled Java code, j=interpreted, Vv=VM code, C=native code)
V  [jvm.dll+0x6723ba]
V  [jvm.dll+0x7d1e34]
V  [jvm.dll+0x7d35de]
V  [jvm.dll+0x7d3c43]


---------------  P R O C E S S  ---------------

Threads class SMR info:
_java_thread_list=0x0000023525935610, length=29, elements={
0x00000235245c0e80, 0x00000235245c1af0, 0x00000235250057a0, 0x0000023525007160,
0x0000023525007b10, 0x00000235250084c0, 0x0000023525009250, 0x0000023525017240,
0x0000023525037c40, 0x0000023525162b60, 0x000002352516ea40, 0x000002352628e890,
0x000002352628f700, 0x000002352628fbd0, 0x000002352628da20, 0x0000023526290f10,
0x000002352628ed60, 0x0000023526290a40, 0x000002352d1bad50, 0x000002352d1bb220,
0x000002352d1b9a10, 0x000002352d1b9ee0, 0x000002352d1b8ba0, 0x000002352d1bc560,
0x000002352d1b9070, 0x000002352d1ba880, 0x000002352d1bb6f0, 0x000002352d1ba3b0,
0x000002352d1bbbc0
}

Java Threads: ( => current thread )
  0x00000235245c0e80 JavaThread "Reference Handler" daemon [_thread_blocked, id=24216, stack(0x0000008ed1300000,0x0000008ed1400000)]
  0x00000235245c1af0 JavaThread "Finalizer" daemon [_thread_blocked, id=23688, stack(0x0000008ed1400000,0x0000008ed1500000)]
  0x00000235250057a0 JavaThread "Signal Dispatcher" daemon [_thread_blocked, id=11656, stack(0x0000008ed1500000,0x0000008ed1600000)]
  0x0000023525007160 JavaThread "Attach Listener" daemon [_thread_blocked, id=2644, stack(0x0000008ed1600000,0x0000008ed1700000)]
  0x0000023525007b10 JavaThread "Service Thread" daemon [_thread_blocked, id=23820, stack(0x0000008ed1700000,0x0000008ed1800000)]
  0x00000235250084c0 JavaThread "Monitor Deflation Thread" daemon [_thread_blocked, id=14024, stack(0x0000008ed1800000,0x0000008ed1900000)]
  0x0000023525009250 JavaThread "C2 CompilerThread0" daemon [_thread_blocked, id=9392, stack(0x0000008ed1900000,0x0000008ed1a00000)]
=>0x0000023525017240 JavaThread "C1 CompilerThread0" daemon [_thread_in_native, id=10696, stack(0x0000008ed1a00000,0x0000008ed1b00000)]
  0x0000023525037c40 JavaThread "Sweeper thread" daemon [_thread_blocked, id=13044, stack(0x0000008ed1b00000,0x0000008ed1c00000)]
  0x0000023525162b60 JavaThread "Notification Thread" daemon [_thread_blocked, id=10588, stack(0x0000008ed1c00000,0x0000008ed1d00000)]
  0x000002352516ea40 JavaThread "Common-Cleaner" daemon [_thread_blocked, id=22584, stack(0x0000008ed1e00000,0x0000008ed1f00000)]
  0x000002352628e890 JavaThread "HikariPool-1 housekeeper" daemon [_thread_blocked, id=2072, stack(0x0000008ed2c00000,0x0000008ed2d00000)]
  0x000002352628f700 JavaThread "Catalina-utility-1" [_thread_blocked, id=6896, stack(0x0000008ed2d00000,0x0000008ed2e00000)]
  0x000002352628fbd0 JavaThread "Catalina-utility-2" [_thread_blocked, id=7496, stack(0x0000008ed2e00000,0x0000008ed2f00000)]
  0x000002352628da20 JavaThread "container-0" [_thread_blocked, id=7772, stack(0x0000008ed2f00000,0x0000008ed3000000)]
  0x0000023526290f10 JavaThread "http-nio-8080-exec-1" daemon [_thread_blocked, id=16584, stack(0x0000008ed3100000,0x0000008ed3200000)]
  0x000002352628ed60 JavaThread "http-nio-8080-exec-2" daemon [_thread_blocked, id=932, stack(0x0000008ed3200000,0x0000008ed3300000)]
  0x0000023526290a40 JavaThread "http-nio-8080-exec-3" daemon [_thread_blocked, id=22904, stack(0x0000008ed3300000,0x0000008ed3400000)]
  0x000002352d1bad50 JavaThread "http-nio-8080-exec-4" daemon [_thread_blocked, id=5764, stack(0x0000008ed3400000,0x0000008ed3500000)]
  0x000002352d1bb220 JavaThread "http-nio-8080-exec-5" daemon [_thread_blocked, id=24232, stack(0x0000008ed3500000,0x0000008ed3600000)]
  0x000002352d1b9a10 JavaThread "http-nio-8080-exec-6" daemon [_thread_blocked, id=1096, stack(0x0000008ed3600000,0x0000008ed3700000)]
  0x000002352d1b9ee0 JavaThread "http-nio-8080-exec-7" daemon [_thread_blocked, id=2676, stack(0x0000008ed3700000,0x0000008ed3800000)]
  0x000002352d1b8ba0 JavaThread "http-nio-8080-exec-8" daemon [_thread_blocked, id=10960, stack(0x0000008ed3800000,0x0000008ed3900000)]
  0x000002352d1bc560 JavaThread "http-nio-8080-exec-9" daemon [_thread_blocked, id=4456, stack(0x0000008ed3900000,0x0000008ed3a00000)]
  0x000002352d1b9070 JavaThread "http-nio-8080-exec-10" daemon [_thread_blocked, id=23528, stack(0x0000008ed3a00000,0x0000008ed3b00000)]
  0x000002352d1ba880 JavaThread "http-nio-8080-Poller" daemon [_thread_in_native, id=13816, stack(0x0000008ed3b00000,0x0000008ed3c00000)]
  0x000002352d1bb6f0 JavaThread "http-nio-8080-Acceptor" daemon [_thread_in_native, id=23956, stack(0x0000008ed3c00000,0x0000008ed3d00000)]
  0x000002352d1ba3b0 JavaThread "DestroyJavaVM" [_thread_blocked, id=23660, stack(0x0000008ed0c00000,0x0000008ed0d00000)]
  0x000002352d1bbbc0 JavaThread "HikariPool-1 connection adder" daemon [_thread_blocked, id=10628, stack(0x0000008ed0900000,0x0000008ed0a00000)]

Other Threads:
  0x00000235245bcf50 VMThread "VM Thread" [stack: 0x0000008ed1200000,0x0000008ed1300000] [id=2516]
  0x000002357f485db0 WatcherThread [stack: 0x0000008ed1d00000,0x0000008ed1e00000] [id=2036]
  0x000002357f46b3e0 GCTaskThread "GC Thread#0" [stack: 0x0000008ed0d00000,0x0000008ed0e00000] [id=5272]
  0x0000023525dccfe0 GCTaskThread "GC Thread#1" [stack: 0x0000008ed2000000,0x0000008ed2100000] [id=19372]
  0x0000023525dcd290 GCTaskThread "GC Thread#2" [stack: 0x0000008ed2100000,0x0000008ed2200000] [id=11024]
  0x0000023525dcdb50 GCTaskThread "GC Thread#3" [stack: 0x0000008ed2200000,0x0000008ed2300000] [id=4116]
  0x0000023525de0010 GCTaskThread "GC Thread#4" [stack: 0x0000008ed2300000,0x0000008ed2400000] [id=23856]
  0x0000023525de0ce0 GCTaskThread "GC Thread#5" [stack: 0x0000008ed2400000,0x0000008ed2500000] [id=23056]
  0x00000235261ae380 GCTaskThread "GC Thread#6" [stack: 0x0000008ed2600000,0x0000008ed2700000] [id=23568]
  0x0000023525ff76a0 GCTaskThread "GC Thread#7" [stack: 0x0000008ed2700000,0x0000008ed2800000] [id=15380]
  0x000002352639a000 GCTaskThread "GC Thread#8" [stack: 0x0000008ed2500000,0x0000008ed2600000] [id=2784]
  0x0000023527d39460 GCTaskThread "GC Thread#9" [stack: 0x0000008ed2900000,0x0000008ed2a00000] [id=24196]
  0x000002357f47c160 ConcurrentGCThread "G1 Main Marker" [stack: 0x0000008ed0e00000,0x0000008ed0f00000] [id=24264]
  0x000002357f47e220 ConcurrentGCThread "G1 Conc#0" [stack: 0x0000008ed0f00000,0x0000008ed1000000] [id=3968]
  0x0000023527d380b0 ConcurrentGCThread "G1 Conc#1" [stack: 0x0000008ed2a00000,0x0000008ed2b00000] [id=2532]
  0x0000023527d38b70 ConcurrentGCThread "G1 Conc#2" [stack: 0x0000008ed2b00000,0x0000008ed2c00000] [id=5192]
  0x000002357f4bec90 ConcurrentGCThread "G1 Refine#0" [stack: 0x0000008ed1000000,0x0000008ed1100000] [id=22436]
  0x0000023524472bb0 ConcurrentGCThread "G1 Service" [stack: 0x0000008ed1100000,0x0000008ed1200000] [id=22988]

Threads with active compile tasks:
C1 CompilerThread0  14196903 6816       3       org.h2.mvstore.tx.TransactionStore::registerTransaction (240 bytes)

VM state: not at safepoint (normal execution)

VM Mutex/Monitor currently owned by a thread: None

OutOfMemory and StackOverflow Exception counts:
OutOfMemoryError java_heap_errors=3
LinkageErrors=132

Heap address: 0x0000000700c00000, size: 4084 MB, Compressed Oops mode: Zero based, Oop shift amount: 3

CDS archive(s) mapped at: [0x0000000800000000-0x0000000800bc0000-0x0000000800bc0000), size 12320768, SharedBaseAddress: 0x0000000800000000, ArchiveRelocationMode: 0.
Compressed class space mapped at: 0x0000000800c00000-0x0000000840c00000, reserved size: 1073741824
Narrow klass base: 0x0000000800000000, Narrow klass shift: 0, Narrow klass range: 0x100000000

GC Precious Log:
 CPUs: 12 total, 12 available
 Memory: 16333M
 Large Page Support: Disabled
 NUMA Support: Disabled
 Compressed Oops: Enabled (Zero based)
 Heap Region Size: 2M
 Heap Min Capacity: 8M
 Heap Initial Capacity: 256M
 Heap Max Capacity: 4084M
 Pre-touch: Disabled
 Parallel Workers: 10
 Concurrent Workers: 3
 Concurrent Refinement Workers: 10
 Periodic GC: Disabled

Heap:
 garbage-first heap   total 81920K, used 48044K [0x0000000700c00000, 0x0000000800000000)
  region size 2048K, 12 young (24576K), 2 survivors (4096K)
 Metaspace       used 75808K, committed 76416K, reserved 1122304K
  class space    used 10300K, committed 10624K, reserved 1048576K

Heap Regions: E=young(eden), S=young(survivor), O=old, HS=humongous(starts), HC=humongous(continues), CS=collection set, F=free, OA=open archive, CA=closed archive, TAMS=top-at-mark-start (previous, next)
|   0|0x0000000700c00000, 0x0000000700e00000, 0x0000000700e00000|100%| O|  |TAMS 0x0000000700e00000, 0x0000000700c00000| Untracked 
|   1|0x0000000700e00000, 0x0000000701000000, 0x0000000701000000|100%| O|  |TAMS 0x0000000701000000, 0x0000000700e00000| Untracked 
|   2|0x0000000701000000, 0x0000000701200000, 0x0000000701200000|100%| O|  |TAMS 0x0000000701200000, 0x0000000701000000| Untracked 
|   3|0x0000000701200000, 0x0000000701400000, 0x0000000701400000|100%| O|  |TAMS 0x0000000701400000, 0x0000000701200000| Untracked 
|   4|0x0000000701400000, 0x0000000701600000, 0x0000000701600000|100%| O|  |TAMS 0x0000000701600000, 0x0000000701400000| Untracked 
|   5|0x0000000701600000, 0x0000000701800000, 0x0000000701800000|100%| O|  |TAMS 0x0000000701800000, 0x0000000701600000| Untracked 
|   6|0x0000000701800000, 0x0000000701a00000, 0x0000000701a00000|100%| O|  |TAMS 0x0000000701a00000, 0x0000000701800000| Untracked 
|   7|0x0000000701a00000, 0x0000000701c00000, 0x0000000701c00000|100%| O|  |TAMS 0x0000000701c00000, 0x0000000701a00000| Untracked 
|   8|0x0000000701c00000, 0x0000000701e00000, 0x0000000701e00000|100%| O|  |TAMS 0x0000000701c00000, 0x0000000701c00000| Untracked 
|   9|0x0000000701e00000, 0x0000000702000000, 0x0000000702000000|100%| O|  |TAMS 0x0000000702000000, 0x0000000701e00000| Untracked 
|  10|0x0000000702000000, 0x0000000702200000, 0x0000000702200000|100%| O|  |TAMS 0x0000000702200000, 0x0000000702000000| Untracked 
|  11|0x0000000702200000, 0x0000000702400000, 0x0000000702400000|100%| O|  |TAMS 0x00000007022a4c00, 0x0000000702200000| Untracked 
|  12|0x0000000702400000, 0x0000000702600000, 0x0000000702600000|100%| O|  |TAMS 0x0000000702400000, 0x0000000702400000| Untracked 
|  13|0x0000000702600000, 0x0000000702775e00, 0x0000000702800000| 73%| O|  |TAMS 0x0000000702600000, 0x0000000702600000| Untracked 
|  14|0x0000000702800000, 0x0000000702800000, 0x0000000702a00000|  0%| F|  |TAMS 0x0000000702800000, 0x0000000702800000| Untracked 
|  15|0x0000000702a00000, 0x0000000702a00000, 0x0000000702c00000|  0%| F|  |TAMS 0x0000000702a00000, 0x0000000702a00000| Untracked 
|  16|0x0000000702c00000, 0x0000000702c00000, 0x0000000702e00000|  0%| F|  |TAMS 0x0000000702c00000, 0x0000000702c00000| Untracked 
|  17|0x0000000702e00000, 0x0000000702e00000, 0x0000000703000000|  0%| F|  |TAMS 0x0000000702e00000, 0x0000000702e00000| Untracked 
|  18|0x0000000703000000, 0x0000000703000000, 0x0000000703200000|  0%| F|  |TAMS 0x0000000703000000, 0x0000000703000000| Untracked 
|  19|0x0000000703200000, 0x0000000703200000, 0x0000000703400000|  0%| F|  |TAMS 0x0000000703200000, 0x0000000703200000| Untracked 
|  20|0x0000000703400000, 0x0000000703400000, 0x0000000703600000|  0%| F|  |TAMS 0x0000000703400000, 0x0000000703400000| Untracked 
|  21|0x0000000703600000, 0x0000000703775560, 0x0000000703800000| 72%| S|CS|TAMS 0x0000000703600000, 0x0000000703600000| Complete 
|  22|0x0000000703800000, 0x0000000703a00000, 0x0000000703a00000|100%| S|CS|TAMS 0x0000000703800000, 0x0000000703800000| Complete 
|  23|0x0000000703a00000, 0x0000000703a00000, 0x0000000703c00000|  0%| F|  |TAMS 0x0000000703a00000, 0x0000000703a00000| Untracked 
|  24|0x0000000703c00000, 0x0000000703c00000, 0x0000000703e00000|  0%| F|  |TAMS 0x0000000703c00000, 0x0000000703c00000| Untracked 
|  25|0x0000000703e00000, 0x0000000703e00000, 0x0000000704000000|  0%| F|  |TAMS 0x0000000703e00000, 0x0000000703e00000| Untracked 
|  26|0x0000000704000000, 0x0000000704000000, 0x0000000704200000|  0%| F|  |TAMS 0x0000000704000000, 0x0000000704000000| Untracked 
|  27|0x0000000704200000, 0x0000000704200000, 0x0000000704400000|  0%| F|  |TAMS 0x0000000704200000, 0x0000000704200000| Untracked 
|  28|0x0000000704400000, 0x0000000704400000, 0x0000000704600000|  0%| F|  |TAMS 0x0000000704400000, 0x0000000704400000| Untracked 
|  29|0x0000000704600000, 0x0000000704600000, 0x0000000704800000|  0%| F|  |TAMS 0x0000000704600000, 0x0000000704600000| Untracked 
|  30|0x0000000704800000, 0x000000070495ab38, 0x0000000704a00000| 67%| E|  |TAMS 0x0000000704800000, 0x0000000704800000| Complete 
|  31|0x0000000704a00000, 0x0000000704c00000, 0x0000000704c00000|100%| E|CS|TAMS 0x0000000704a00000, 0x0000000704a00000| Complete 
|  32|0x0000000704c00000, 0x0000000704e00000, 0x0000000704e00000|100%| E|CS|TAMS 0x0000000704c00000, 0x0000000704c00000| Complete 
|  33|0x0000000704e00000, 0x0000000705000000, 0x0000000705000000|100%| E|CS|TAMS 0x0000000704e00000, 0x0000000704e00000| Complete 
|  34|0x0000000705000000, 0x0000000705200000, 0x0000000705200000|100%| E|CS|TAMS 0x0000000705000000, 0x0000000705000000| Complete 
|  35|0x0000000705200000, 0x0000000705400000, 0x0000000705400000|100%| E|CS|TAMS 0x0000000705200000, 0x0000000705200000| Complete 
|  61|0x0000000708600000, 0x0000000708800000, 0x0000000708800000|100%| E|CS|TAMS 0x0000000708600000, 0x0000000708600000| Complete 
|  62|0x0000000708800000, 0x0000000708a00000, 0x0000000708a00000|100%| E|CS|TAMS 0x0000000708800000, 0x0000000708800000| Complete 
|  63|0x0000000708a00000, 0x0000000708c00000, 0x0000000708c00000|100%| E|  |TAMS 0x0000000708a00000, 0x0000000708a00000| Complete 
| 127|0x0000000710a00000, 0x0000000710c00000, 0x0000000710c00000|100%| E|CS|TAMS 0x0000000710a00000, 0x0000000710a00000| Complete 

Card table byte_map: [0x0000023518900000,0x0000023519100000] _byte_map_base: 0x00000235150fa000

Marking Bits (Prev, Next): (CMBitMap*) 0x000002357f46b930, (CMBitMap*) 0x000002357f46b8f0
 Prev Bits: [0x000002351d8d0000, 0x00000235218a0000)
 Next Bits: [0x0000023519900000, 0x000002351d8d0000)

Polling page: 0x000002357f0e0000

Metaspace:

Usage:
  Non-class:     63.97 MB used.
      Class:     10.06 MB used.
       Both:     74.03 MB used.

Virtual space:
  Non-class space:       72.00 MB reserved,      64.25 MB ( 89%) committed,  9 nodes.
      Class space:        1.00 GB reserved,      10.38 MB (  1%) committed,  1 nodes.
             Both:        1.07 GB reserved,      74.62 MB (  7%) committed. 

Chunk freelists:
   Non-Class:  3.77 MB
       Class:  1.69 MB
        Both:  5.45 MB

MaxMetaspaceSize: unlimited
CompressedClassSpaceSize: 1.00 GB
Initial GC threshold: 21.00 MB
Current GC threshold: 98.88 MB
CDS: on
MetaspaceReclaimPolicy: balanced
 - commit_granule_bytes: 65536.
 - commit_granule_words: 8192.
 - virtual_space_node_default_size: 1048576.
 - enlarge_chunks_in_place: 1.
 - new_chunks_are_fully_committed: 0.
 - uncommit_free_chunks: 1.
 - use_allocation_guard: 0.
 - handle_deallocations: 1.


Internal statistics:

num_allocs_failed_limit: 9.
num_arena_births: 766.
num_arena_deaths: 0.
num_vsnodes_births: 10.
num_vsnodes_deaths: 0.
num_space_committed: 1194.
num_space_uncommitted: 0.
num_chunks_returned_to_freelist: 9.
num_chunks_taken_from_freelist: 3401.
num_chunk_merges: 9.
num_chunk_splits: 2481.
num_chunks_enlarged: 1976.
num_purges: 0.
num_inconsistent_stats: 0.

CodeHeap 'non-profiled nmethods': size=120000Kb used=4357Kb max_used=4357Kb free=115642Kb
 bounds [0x0000023510680000, 0x0000023510ad0000, 0x0000023517bb0000]
CodeHeap 'profiled nmethods': size=120000Kb used=12364Kb max_used=12364Kb free=107635Kb
 bounds [0x0000023509150000, 0x0000023509d70000, 0x0000023510680000]
CodeHeap 'non-nmethods': size=5760Kb used=1385Kb max_used=1418Kb free=4374Kb
 bounds [0x0000023508bb0000, 0x0000023508e20000, 0x0000023509150000]
 total_blobs=6769 nmethods=6046 adapters=632
 compilation: enabled
              stopped_count=0, restarted_count=0
 full_count=0

Compilation events (20 events):
Event: 12481.390 Thread 0x0000023525017240 nmethod 6804 0x0000023510ac0410 code [0x0000023510ac05a0, 0x0000023510ac0678]
Event: 12481.390 Thread 0x0000023525017240 6806       3       java.util.BitSet::recalculateWordsInUse (39 bytes)
Event: 12481.390 Thread 0x0000023525017240 nmethod 6806 0x0000023509d60b90 code [0x0000023509d60d40, 0x0000023509d60f78]
Event: 12481.390 Thread 0x0000023525017240 6807       3       java.util.BitSet::clear (70 bytes)
Event: 12481.391 Thread 0x0000023525017240 nmethod 6807 0x0000023509d61090 code [0x0000023509d612e0, 0x0000023509d61b18]
Event: 12481.391 Thread 0x0000023525017240 6808       3       java.util.concurrent.atomic.AtomicLong::getAndIncrement (12 bytes)
Event: 12481.391 Thread 0x0000023525017240 nmethod 6808 0x0000023509d61e90 code [0x0000023509d62020, 0x0000023509d62138]
Event: 12504.675 Thread 0x0000023525017240 6809       3       org.h2.command.ParserBase::upperName (16 bytes)
Event: 12504.675 Thread 0x0000023525017240 nmethod 6809 0x0000023509d62210 code [0x0000023509d623c0, 0x0000023509d62548]
Event: 12528.659 Thread 0x0000023525017240 6810       3       org.h2.mvstore.MVStore::isOpen (13 bytes)
Event: 12528.660 Thread 0x0000023525017240 nmethod 6810 0x0000023509d62610 code [0x0000023509d627a0, 0x0000023509d62918]
Event: 12528.660 Thread 0x0000023525017240 6811       3       org.h2.mvstore.MVStore::decrementVersionUsageCounter (17 bytes)
Event: 12528.660 Thread 0x0000023525017240 nmethod 6811 0x0000023509d62990 code [0x0000023509d62b40, 0x0000023509d62de8]
Event: 12823.522 Thread 0x0000023525009250 6812       4       org.apache.catalina.mapper.MapperListener::lifecycleEvent (180 bytes)
Event: 12823.524 Thread 0x0000023525009250 nmethod 6812 0x0000023510ac0710 code [0x0000023510ac08a0, 0x0000023510ac0bd8]
Event: 13454.032 Thread 0x0000023525009250 6813       4       org.apache.catalina.webresources.Cache$$Lambda$1477/0x000000080154efa8::applyAsLong (8 bytes)
Event: 13454.033 Thread 0x0000023525009250 nmethod 6813 0x0000023510ac0d90 code [0x0000023510ac0f00, 0x0000023510ac0fb8]
Event: 14196.887 Thread 0x0000023525017240 6815       3       java.security.MessageDigest::digest (10 bytes)
Event: 14196.888 Thread 0x0000023525017240 nmethod 6815 0x0000023509d62f10 code [0x0000023509d630e0, 0x0000023509d63758]
Event: 14196.888 Thread 0x0000023525017240 6816       3       org.h2.mvstore.tx.TransactionStore::registerTransaction (240 bytes)

GC Heap History (20 events):
Event: 2.422 GC heap before
{Heap before GC invocations=5 (full 0):
 garbage-first heap   total 61440K, used 17336K [0x0000000700c00000, 0x0000000800000000)
  region size 2048K, 3 young (6144K), 2 survivors (4096K)
 Metaspace       used 24473K, committed 24768K, reserved 1073152K
  class space    used 3186K, committed 3328K, reserved 1048576K
}
Event: 2.425 GC heap after
{Heap after GC invocations=6 (full 0):
 garbage-first heap   total 61440K, used 15454K [0x0000000700c00000, 0x0000000800000000)
  region size 2048K, 1 young (2048K), 1 survivors (2048K)
 Metaspace       used 24473K, committed 24768K, reserved 1073152K
  class space    used 3186K, committed 3328K, reserved 1048576K
}
Event: 2.820 GC heap before
{Heap before GC invocations=6 (full 0):
 garbage-first heap   total 61440K, used 40030K [0x0000000700c00000, 0x0000000800000000)
  region size 2048K, 13 young (26624K), 1 survivors (2048K)
 Metaspace       used 28560K, committed 28928K, reserved 1081344K
  class space    used 3801K, committed 3968K, reserved 1048576K
}
Event: 2.826 GC heap after
{Heap after GC invocations=7 (full 0):
 garbage-first heap   total 161792K, used 17415K [0x0000000700c00000, 0x0000000800000000)
  region size 2048K, 2 young (4096K), 2 survivors (4096K)
 Metaspace       used 28560K, committed 28928K, reserved 1081344K
  class space    used 3801K, committed 3968K, reserved 1048576K
}
Event: 3.292 GC heap before
{Heap before GC invocations=7 (full 0):
 garbage-first heap   total 161792K, used 46087K [0x0000000700c00000, 0x0000000800000000)
  region size 2048K, 17 young (34816K), 2 survivors (4096K)
 Metaspace       used 35625K, committed 35968K, reserved 1081344K
  class space    used 4576K, committed 4736K, reserved 1048576K
}
Event: 3.297 GC heap after
{Heap after GC invocations=8 (full 0):
 garbage-first heap   total 161792K, used 19550K [0x0000000700c00000, 0x0000000800000000)
  region size 2048K, 3 young (6144K), 3 survivors (6144K)
 Metaspace       used 35625K, committed 35968K, reserved 1081344K
  class space    used 4576K, committed 4736K, reserved 1048576K
}
Event: 3.941 GC heap before
{Heap before GC invocations=9 (full 0):
 garbage-first heap   total 81920K, used 62558K [0x0000000700c00000, 0x0000000800000000)
  region size 2048K, 24 young (49152K), 3 survivors (6144K)
 Metaspace       used 43244K, committed 43648K, reserved 1089536K
  class space    used 5778K, committed 5952K, reserved 1048576K
}
Event: 3.945 GC heap after
{Heap after GC invocations=10 (full 0):
 garbage-first heap   total 81920K, used 21874K [0x0000000700c00000, 0x0000000800000000)
  region size 2048K, 3 young (6144K), 3 survivors (6144K)
 Metaspace       used 43244K, committed 43648K, reserved 1089536K
  class space    used 5778K, committed 5952K, reserved 1048576K
}
Event: 3.981 GC heap before
{Heap before GC invocations=10 (full 0):
 garbage-first heap   total 81920K, used 23922K [0x0000000700c00000, 0x0000000800000000)
  region size 2048K, 4 young (8192K), 3 survivors (6144K)
 Metaspace       used 43714K, committed 44160K, reserved 1089536K
  class space    used 5852K, committed 6016K, reserved 1048576K
}
Event: 3.984 GC heap after
{Heap after GC invocations=11 (full 0):
 garbage-first heap   total 81920K, used 21795K [0x0000000700c00000, 0x0000000800000000)
  region size 2048K, 1 young (2048K), 1 survivors (2048K)
 Metaspace       used 43714K, committed 44160K, reserved 1089536K
  class space    used 5852K, committed 6016K, reserved 1048576K
}
Event: 4.453 GC heap before
{Heap before GC invocations=11 (full 0):
 garbage-first heap   total 81920K, used 58659K [0x0000000700c00000, 0x0000000800000000)
  region size 2048K, 19 young (38912K), 1 survivors (2048K)
 Metaspace       used 52491K, committed 52992K, reserved 1097728K
  class space    used 7118K, committed 7360K, reserved 1048576K
}
Event: 4.454 GC heap after
{Heap after GC invocations=12 (full 0):
 garbage-first heap   total 81920K, used 22587K [0x0000000700c00000, 0x0000000800000000)
  region size 2048K, 1 young (2048K), 1 survivors (2048K)
 Metaspace       used 52491K, committed 52992K, reserved 1097728K
  class space    used 7118K, committed 7360K, reserved 1048576K
}
Event: 4.924 GC heap before
{Heap before GC invocations=12 (full 0):
 garbage-first heap   total 81920K, used 61499K [0x0000000700c00000, 0x0000000800000000)
  region size 2048K, 20 young (40960K), 1 survivors (2048K)
 Metaspace       used 59308K, committed 59840K, reserved 1105920K
  class space    used 8130K, committed 8384K, reserved 1048576K
}
Event: 4.927 GC heap after
{Heap after GC invocations=13 (full 0):
 garbage-first heap   total 81920K, used 25014K [0x0000000700c00000, 0x0000000800000000)
  region size 2048K, 2 young (4096K), 2 survivors (4096K)
 Metaspace       used 59308K, committed 59840K, reserved 1105920K
  class space    used 8130K, committed 8384K, reserved 1048576K
}
Event: 4.963 GC heap before
{Heap before GC invocations=13 (full 0):
 garbage-first heap   total 81920K, used 27062K [0x0000000700c00000, 0x0000000800000000)
  region size 2048K, 4 young (8192K), 2 survivors (4096K)
 Metaspace       used 59967K, committed 60480K, reserved 1105920K
  class space    used 8194K, committed 8448K, reserved 1048576K
}
Event: 4.965 GC heap after
{Heap after GC invocations=14 (full 0):
 garbage-first heap   total 81920K, used 25416K [0x0000000700c00000, 0x0000000800000000)
  region size 2048K, 2 young (4096K), 2 survivors (4096K)
 Metaspace       used 59967K, committed 60480K, reserved 1105920K
  class space    used 8194K, committed 8448K, reserved 1048576K
}
Event: 5.542 GC heap before
{Heap before GC invocations=15 (full 0):
 garbage-first heap   total 81920K, used 62280K [0x0000000700c00000, 0x0000000800000000)
  region size 2048K, 20 young (40960K), 2 survivors (4096K)
 Metaspace       used 64805K, committed 65344K, reserved 1105920K
  class space    used 8985K, committed 9216K, reserved 1048576K
}
Event: 5.546 GC heap after
{Heap after GC invocations=16 (full 0):
 garbage-first heap   total 81920K, used 28608K [0x0000000700c00000, 0x0000000800000000)
  region size 2048K, 3 young (6144K), 3 survivors (6144K)
 Metaspace       used 64805K, committed 65344K, reserved 1105920K
  class space    used 8985K, committed 9216K, reserved 1048576K
}
Event: 92.960 GC heap before
{Heap before GC invocations=16 (full 0):
 garbage-first heap   total 81920K, used 63424K [0x0000000700c00000, 0x0000000800000000)
  region size 2048K, 20 young (40960K), 3 survivors (6144K)
 Metaspace       used 71433K, committed 72064K, reserved 1114112K
  class space    used 9807K, committed 10112K, reserved 1048576K
}
Event: 92.964 GC heap after
{Heap after GC invocations=17 (full 0):
 garbage-first heap   total 81920K, used 31660K [0x0000000700c00000, 0x0000000800000000)
  region size 2048K, 2 young (4096K), 2 survivors (4096K)
 Metaspace       used 71433K, committed 72064K, reserved 1114112K
  class space    used 9807K, committed 10112K, reserved 1048576K
}

Deoptimization events (20 events):
Event: 5382.726 Thread 0x000002352628f700 Uncommon trap: trap_request=0xffffffbe fr.pc=0x0000023510aa7050 relative=0x0000000000000330
Event: 5382.726 Thread 0x000002352628f700 Uncommon trap: reason=profile_predicate action=maybe_recompile pc=0x0000023510aa7050 method=java.util.concurrent.ConcurrentHashMap$Traverser.advance()Ljava/util/concurrent/ConcurrentHashMap$Node; @ 15 c2
Event: 5382.726 Thread 0x000002352628f700 DEOPT PACKING pc=0x0000023510aa7050 sp=0x0000008ed2dff120
Event: 5382.726 Thread 0x000002352628f700 DEOPT UNPACKING pc=0x0000023508c023a3 sp=0x0000008ed2dfee78 mode 2
Event: 5383.721 Thread 0x000002352628fbd0 Uncommon trap: trap_request=0xffffffbe fr.pc=0x0000023510aa7050 relative=0x0000000000000330
Event: 5383.721 Thread 0x000002352628fbd0 Uncommon trap: reason=profile_predicate action=maybe_recompile pc=0x0000023510aa7050 method=java.util.concurrent.ConcurrentHashMap$Traverser.advance()Ljava/util/concurrent/ConcurrentHashMap$Node; @ 15 c2
Event: 5383.721 Thread 0x000002352628fbd0 DEOPT PACKING pc=0x0000023510aa7050 sp=0x0000008ed2eff380
Event: 5383.721 Thread 0x000002352628fbd0 DEOPT UNPACKING pc=0x0000023508c023a3 sp=0x0000008ed2eff0d8 mode 2
Event: 5384.728 Thread 0x000002352628fbd0 Uncommon trap: trap_request=0xffffffbe fr.pc=0x0000023510aa7050 relative=0x0000000000000330
Event: 5384.728 Thread 0x000002352628fbd0 Uncommon trap: reason=profile_predicate action=maybe_recompile pc=0x0000023510aa7050 method=java.util.concurrent.ConcurrentHashMap$Traverser.advance()Ljava/util/concurrent/ConcurrentHashMap$Node; @ 15 c2
Event: 5384.728 Thread 0x000002352628fbd0 DEOPT PACKING pc=0x0000023510aa7050 sp=0x0000008ed2eff380
Event: 5384.728 Thread 0x000002352628fbd0 DEOPT UNPACKING pc=0x0000023508c023a3 sp=0x0000008ed2eff0d8 mode 2
Event: 5385.720 Thread 0x000002352628fbd0 Uncommon trap: trap_request=0xffffffbe fr.pc=0x0000023510aa7050 relative=0x0000000000000330
Event: 5385.720 Thread 0x000002352628fbd0 Uncommon trap: reason=profile_predicate action=maybe_recompile pc=0x0000023510aa7050 method=java.util.concurrent.ConcurrentHashMap$Traverser.advance()Ljava/util/concurrent/ConcurrentHashMap$Node; @ 15 c2
Event: 5385.720 Thread 0x000002352628fbd0 DEOPT PACKING pc=0x0000023510aa7050 sp=0x0000008ed2eff380
Event: 5385.720 Thread 0x000002352628fbd0 DEOPT UNPACKING pc=0x0000023508c023a3 sp=0x0000008ed2eff0d8 mode 2
Event: 6237.730 Thread 0x000002352628fbd0 Uncommon trap: trap_request=0xffffff45 fr.pc=0x0000023510aad4a4 relative=0x0000000000000ec4
Event: 6237.730 Thread 0x000002352628fbd0 Uncommon trap: reason=unstable_if action=reinterpret pc=0x0000023510aad4a4 method=java.util.concurrent.locks.AbstractQueuedSynchronizer.acquire(Ljava/util/concurrent/locks/AbstractQueuedSynchronizer$Node;IZZZJ)I @ 99 c2
Event: 6237.730 Thread 0x000002352628fbd0 DEOPT PACKING pc=0x0000023510aad4a4 sp=0x0000008ed2eff320
Event: 6237.730 Thread 0x000002352628fbd0 DEOPT UNPACKING pc=0x0000023508c023a3 sp=0x0000008ed2eff2b0 mode 2

Classes unloaded (0 events):
No events

Classes redefined (0 events):
No events

Internal exceptions (20 events):
Event: 5.195 Thread 0x000002357f20c7a0 Exception <a 'java/lang/reflect/InvocationTargetException'{0x00000007048955c0}> (0x00000007048955c0) 
thrown [s\open\src\hotspot\share\runtime\reflection.cpp, line 1121]
Event: 5.196 Thread 0x000002357f20c7a0 Exception <a 'java/lang/reflect/InvocationTargetException'{0x00000007048a19f8}> (0x00000007048a19f8) 
thrown [s\open\src\hotspot\share\runtime\reflection.cpp, line 1121]
Event: 5.471 Thread 0x000002357f20c7a0 Exception <a 'java/lang/IncompatibleClassChangeError'{0x000000070398c658}: Found class java.lang.Object, but interface was expected> (0x000000070398c658) 
thrown [s\open\src\hotspot\share\interpreter\linkResolver.cpp, line 826]
Event: 5.555 Thread 0x000002357f20c7a0 Exception <a 'java/lang/NoSuchMethodError'{0x0000000710a7c268}: 'java.lang.Object java.lang.invoke.DirectMethodHandle$Holder.invokeInterface(java.lang.Object, java.lang.Object, java.lang.Object, java.lang.Object)'> (0x0000000710a7c268) 
thrown [s\open\src\hotspot\share\interpreter\linkResolver.cpp, line 759]
Event: 5.589 Thread 0x000002357f20c7a0 Exception <a 'java/lang/NoSuchMethodError'{0x0000000708b4a368}: 'void java.lang.invoke.DirectMethodHandle$Holder.invokeVirtual(java.lang.Object, java.lang.Object, long)'> (0x0000000708b4a368) 
thrown [s\open\src\hotspot\share\interpreter\linkResolver.cpp, line 759]
Event: 5.633 Thread 0x000002357f20c7a0 Exception <a 'java/lang/NoSuchMethodError'{0x00000007086ec3b0}: 'int java.lang.invoke.DirectMethodHandle$Holder.invokeStaticInit(java.lang.Object, java.lang.Object, java.lang.Object, java.lang.Object)'> (0x00000007086ec3b0) 
thrown [s\open\src\hotspot\share\interpreter\linkResolver.cpp, line 759]
Event: 5.647 Thread 0x000002357f20c7a0 Exception <a 'java/lang/IncompatibleClassChangeError'{0x00000007087c89d8}: Found class java.lang.Object, but interface was expected> (0x00000007087c89d8) 
thrown [s\open\src\hotspot\share\interpreter\linkResolver.cpp, line 826]
Event: 5.692 Thread 0x000002357f20c7a0 Exception <a 'java/lang/NoSuchMethodError'{0x0000000704e5ec70}: 'java.lang.Object java.lang.invoke.DirectMethodHandle$Holder.newInvokeSpecial(java.lang.Object, java.lang.Object, int, java.lang.Object, java.lang.Object)'> (0x0000000704e5ec70) 
thrown [s\open\src\hotspot\share\interpreter\linkResolver.cpp, line 759]
Event: 42.542 Thread 0x0000023526290f10 Exception <a 'java/lang/NoSuchMethodError'{0x00000007049116b0}: 'java.lang.Object java.lang.invoke.DirectMethodHandle$Holder.invokeSpecial(java.lang.Object, java.lang.Object, java.lang.Object, java.lang.Object, java.lang.Object, long)'> (0x00000007049116b0) 
thrown [s\open\src\hotspot\share\interpreter\linkResolver.cpp, line 759]
Event: 42.542 Thread 0x0000023526290f10 Exception <a 'java/lang/NoSuchMethodError'{0x00000007049150f0}: 'java.lang.Object java.lang.invoke.Invokers$Holder.linkToTargetMethod(java.lang.Object, java.lang.Object, java.lang.Object, long, java.lang.Object)'> (0x00000007049150f0) 
thrown [s\open\src\hotspot\share\interpreter\linkResolver.cpp, line 759]
Event: 92.886 Thread 0x000002352d1bad50 Exception <a 'sun/nio/fs/WindowsException'{0x0000000703faf520}> (0x0000000703faf520) 
thrown [s\open\src\hotspot\share\prims\jni.cpp, line 516]
Event: 93.151 Thread 0x000002352d1bad50 Implicit null exception at 0x0000023510a4ac0c to 0x0000023510a4adcd
Event: 93.217 Thread 0x000002352d1bad50 Implicit null exception at 0x00000235107db9cf to 0x00000235107dbb30
Event: 5382.726 Thread 0x000002352628f700 Implicit null exception at 0x0000023510aa6d9b to 0x0000023510aa7034
Event: 5383.721 Thread 0x000002352628fbd0 Implicit null exception at 0x0000023510aa6d9b to 0x0000023510aa7034
Event: 5384.728 Thread 0x000002352628fbd0 Implicit null exception at 0x0000023510aa6d9b to 0x0000023510aa7034
Event: 5385.720 Thread 0x000002352628fbd0 Implicit null exception at 0x0000023510aa6d9b to 0x0000023510aa7034
Event: 12410.430 Thread 0x000002352628e890 Exception <a 'java/lang/OutOfMemoryError'{0x000000070898f3a8}: unable to create native thread: possibly out of memory or process/resource limits reached> (0x000000070898f3a8) 
thrown [s\open\src\hotspot\share\prims\jvm.cpp, line 2920]
Event: 12412.112 Thread 0x000002352628e890 Exception <a 'java/lang/OutOfMemoryError'{0x000000070898f978}: unable to create native thread: possibly out of memory or process/resource limits reached> (0x000000070898f978) 
thrown [s\open\src\hotspot\share\prims\jvm.cpp, line 2920]
Event: 14186.010 Thread 0x000002352628e890 Exception <a 'java/lang/OutOfMemoryError'{0x0000000708992438}: unable to create native thread: possibly out of memory or process/resource limits reached> (0x0000000708992438) 
thrown [s\open\src\hotspot\share\prims\jvm.cpp, line 2920]

VM Operations (20 events):
Event: 7082.001 Executing VM operation: Cleanup
Event: 7082.002 Executing VM operation: Cleanup done
Event: 7157.629 Executing VM operation: Cleanup
Event: 7157.629 Executing VM operation: Cleanup done
Event: 8500.648 Executing VM operation: Cleanup
Event: 8500.648 Executing VM operation: Cleanup done
Event: 8740.510 Executing VM operation: Cleanup
Event: 8740.510 Executing VM operation: Cleanup done
Event: 10672.385 Executing VM operation: Cleanup
Event: 10672.386 Executing VM operation: Cleanup done
Event: 10693.609 Executing VM operation: Cleanup
Event: 10693.609 Executing VM operation: Cleanup done
Event: 10782.323 Executing VM operation: Cleanup
Event: 10782.323 Executing VM operation: Cleanup done
Event: 12427.218 Executing VM operation: Cleanup
Event: 12427.218 Executing VM operation: Cleanup done
Event: 12429.231 Executing VM operation: Cleanup
Event: 12429.231 Executing VM operation: Cleanup done
Event: 13464.377 Executing VM operation: Cleanup
Event: 13464.377 Executing VM operation: Cleanup done

Events (20 events):
Event: 12440.142 Thread 0x000002352d1b9540 Thread added: 0x000002352d1b9540
Event: 12447.491 Thread 0x000002352d1bbbc0 Thread exited: 0x000002352d1bbbc0
Event: 12447.523 Thread 0x000002352d1b9540 Thread exited: 0x000002352d1b9540
Event: 12458.981 Thread 0x000002352d1bbbc0 Thread added: 0x000002352d1bbbc0
Event: 12458.982 Thread 0x000002352d1bc090 Thread added: 0x000002352d1bc090
Event: 12464.936 Thread 0x000002352d1bbbc0 Thread exited: 0x000002352d1bbbc0
Event: 12464.968 Thread 0x000002352d1bc090 Thread exited: 0x000002352d1bc090
Event: 12481.389 Thread 0x000002352d1bbbc0 Thread added: 0x000002352d1bbbc0
Event: 12481.390 Thread 0x000002352d1bc090 Thread added: 0x000002352d1bc090
Event: 12486.400 Thread 0x000002352d1bbbc0 Thread exited: 0x000002352d1bbbc0
Event: 12486.433 Thread 0x000002352d1bc090 Thread exited: 0x000002352d1bc090
Event: 12504.674 Thread 0x000002352d1bbbc0 Thread added: 0x000002352d1bbbc0
Event: 12504.674 Thread 0x000002352d1bc090 Thread added: 0x000002352d1bc090
Event: 12509.681 Thread 0x000002352d1bbbc0 Thread exited: 0x000002352d1bbbc0
Event: 12509.712 Thread 0x000002352d1bc090 Thread exited: 0x000002352d1bc090
Event: 12528.658 Thread 0x000002352d1bbbc0 Thread added: 0x000002352d1bbbc0
Event: 12528.659 Thread 0x000002352d1b9540 Thread added: 0x000002352d1b9540
Event: 12533.671 Thread 0x000002352d1bbbc0 Thread exited: 0x000002352d1bbbc0
Event: 12533.703 Thread 0x000002352d1b9540 Thread exited: 0x000002352d1b9540
Event: 14196.887 Thread 0x000002352d1bbbc0 Thread added: 0x000002352d1bbbc0


Dynamic libraries:
0x00007ff7f2460000 - 0x00007ff7f2470000 	C:\Program Files\Java\jdk-17.0.4.1\bin\java.exe
0x00007ff9eccd0000 - 0x00007ff9ecec8000 	C:\WINDOWS\SYSTEM32\ntdll.dll
0x00007ff9ec2b0000 - 0x00007ff9ec372000 	C:\WINDOWS\System32\KERNEL32.DLL
0x00007ff9ea7e0000 - 0x00007ff9eaad6000 	C:\WINDOWS\System32\KERNELBASE.dll
0x00007ff9eaae0000 - 0x00007ff9eabe0000 	C:\WINDOWS\System32\ucrtbase.dll
0x00007ff9b73f0000 - 0x00007ff9b7408000 	C:\Program Files\Java\jdk-17.0.4.1\bin\jli.dll
0x00007ff9b7410000 - 0x00007ff9b742a000 	C:\Program Files\Java\jdk-17.0.4.1\bin\VCRUNTIME140.dll
0x00007ff9ec450000 - 0x00007ff9ec501000 	C:\WINDOWS\System32\ADVAPI32.dll
0x00007ff9eb130000 - 0x00007ff9eb1ce000 	C:\WINDOWS\System32\msvcrt.dll
0x00007ff9ec380000 - 0x00007ff9ec41f000 	C:\WINDOWS\System32\sechost.dll
0x00007ff9eae20000 - 0x00007ff9eaf40000 	C:\WINDOWS\System32\RPCRT4.dll
0x00007ff9ea7b0000 - 0x00007ff9ea7d7000 	C:\WINDOWS\System32\bcrypt.dll
0x00007ff9ec060000 - 0x00007ff9ec201000 	C:\WINDOWS\System32\USER32.dll
0x00007ff9ea3b0000 - 0x00007ff9ea3d2000 	C:\WINDOWS\System32\win32u.dll
0x00007ff9d0e70000 - 0x00007ff9d110b000 	C:\WINDOWS\WinSxS\amd64_microsoft.windows.common-controls_6595b64144ccf1df_6.0.19041.6456_none_60b8a6cb71f64256\COMCTL32.dll
0x00007ff9ec420000 - 0x00007ff9ec44b000 	C:\WINDOWS\System32\GDI32.dll
0x00007ff9ea490000 - 0x00007ff9ea5a9000 	C:\WINDOWS\System32\gdi32full.dll
0x00007ff9ea5b0000 - 0x00007ff9ea64d000 	C:\WINDOWS\System32\msvcp_win.dll
0x00007ff9e0520000 - 0x00007ff9e052a000 	C:\WINDOWS\SYSTEM32\VERSION.dll
0x00007ff9ebb50000 - 0x00007ff9ebb7f000 	C:\WINDOWS\System32\IMM32.DLL
0x00007ff9b73e0000 - 0x00007ff9b73ec000 	C:\Program Files\Java\jdk-17.0.4.1\bin\vcruntime140_1.dll
0x00007ff9b72f0000 - 0x00007ff9b737d000 	C:\Program Files\Java\jdk-17.0.4.1\bin\msvcp140.dll
0x00007ff98cf10000 - 0x00007ff98dad2000 	C:\Program Files\Java\jdk-17.0.4.1\bin\server\jvm.dll
0x00007ff9ecb30000 - 0x00007ff9ecb38000 	C:\WINDOWS\System32\PSAPI.DLL
0x00007ff9cbd40000 - 0x00007ff9cbd49000 	C:\WINDOWS\SYSTEM32\WSOCK32.dll
0x00007ff9d9b00000 - 0x00007ff9d9b27000 	C:\WINDOWS\SYSTEM32\WINMM.dll
0x00007ff9ebb80000 - 0x00007ff9ebbeb000 	C:\WINDOWS\System32\WS2_32.dll
0x00007ff9e81b0000 - 0x00007ff9e81c2000 	C:\WINDOWS\SYSTEM32\kernel.appcore.dll
0x00007ff9b73d0000 - 0x00007ff9b73da000 	C:\Program Files\Java\jdk-17.0.4.1\bin\jimage.dll
0x00007ff9d9150000 - 0x00007ff9d9351000 	C:\WINDOWS\SYSTEM32\DBGHELP.DLL
0x00007ff9c4b50000 - 0x00007ff9c4b84000 	C:\WINDOWS\SYSTEM32\dbgcore.DLL
0x00007ff9eabe0000 - 0x00007ff9eac62000 	C:\WINDOWS\System32\bcryptPrimitives.dll
0x00007ff98cee0000 - 0x00007ff98cf05000 	C:\Program Files\Java\jdk-17.0.4.1\bin\java.dll
0x00007ff9b6620000 - 0x00007ff9b66f6000 	C:\Program Files\Java\jdk-17.0.4.1\bin\jsvml.dll
0x00007ff9eb330000 - 0x00007ff9ebaa0000 	C:\WINDOWS\System32\SHELL32.dll
0x00007ff9e83b0000 - 0x00007ff9e8b55000 	C:\WINDOWS\SYSTEM32\windows.storage.dll
0x00007ff9ec5c0000 - 0x00007ff9ec914000 	C:\WINDOWS\System32\combase.dll
0x00007ff9e9cb0000 - 0x00007ff9e9cdb000 	C:\WINDOWS\SYSTEM32\Wldp.dll
0x00007ff9ecb40000 - 0x00007ff9ecc0d000 	C:\WINDOWS\System32\OLEAUT32.dll
0x00007ff9ebaa0000 - 0x00007ff9ebb4d000 	C:\WINDOWS\System32\SHCORE.dll
0x00007ff9ecad0000 - 0x00007ff9ecb2b000 	C:\WINDOWS\System32\shlwapi.dll
0x00007ff9ea290000 - 0x00007ff9ea2b4000 	C:\WINDOWS\SYSTEM32\profapi.dll
0x00007ff9b72d0000 - 0x00007ff9b72e9000 	C:\Program Files\Java\jdk-17.0.4.1\bin\net.dll
0x00007ff9e5220000 - 0x00007ff9e532a000 	C:\WINDOWS\SYSTEM32\WINHTTP.dll
0x00007ff9e9a90000 - 0x00007ff9e9afa000 	C:\WINDOWS\system32\mswsock.dll
0x00007ff98cec0000 - 0x00007ff98ced6000 	C:\Program Files\Java\jdk-17.0.4.1\bin\nio.dll
0x00007ff98cea0000 - 0x00007ff98ceb8000 	C:\Program Files\Java\jdk-17.0.4.1\bin\zip.dll
0x00007ff9e5ba0000 - 0x00007ff9e5bae000 	C:\Program Files\Java\jdk-17.0.4.1\bin\sunmscapi.dll
0x00007ff9ea650000 - 0x00007ff9ea7ad000 	C:\WINDOWS\System32\CRYPT32.dll
0x00007ff9e9e00000 - 0x00007ff9e9e27000 	C:\WINDOWS\SYSTEM32\ncrypt.dll
0x00007ff9e9dc0000 - 0x00007ff9e9dfb000 	C:\WINDOWS\SYSTEM32\NTASN1.dll
0x00007ff9e9cf0000 - 0x00007ff9e9d08000 	C:\WINDOWS\SYSTEM32\CRYPTSP.dll
0x00007ff9e9360000 - 0x00007ff9e9398000 	C:\WINDOWS\system32\rsaenh.dll
0x00007ff9ea250000 - 0x00007ff9ea27e000 	C:\WINDOWS\SYSTEM32\USERENV.dll
0x00007ff9e9c20000 - 0x00007ff9e9c2c000 	C:\WINDOWS\SYSTEM32\CRYPTBASE.dll
0x00007ff9e9740000 - 0x00007ff9e977b000 	C:\WINDOWS\SYSTEM32\IPHLPAPI.DLL
0x00007ff9ec210000 - 0x00007ff9ec218000 	C:\WINDOWS\System32\NSI.dll
0x00007ff9e4000000 - 0x00007ff9e4017000 	C:\WINDOWS\SYSTEM32\dhcpcsvc6.DLL
0x00007ff9e3fd0000 - 0x00007ff9e3fed000 	C:\WINDOWS\SYSTEM32\dhcpcsvc.DLL
0x00007ff9e9790000 - 0x00007ff9e985a000 	C:\WINDOWS\SYSTEM32\DNSAPI.dll
0x00007ff9e5b90000 - 0x00007ff9e5b99000 	C:\Program Files\Java\jdk-17.0.4.1\bin\management.dll
0x00007ff9e5b80000 - 0x00007ff9e5b8b000 	C:\Program Files\Java\jdk-17.0.4.1\bin\management_ext.dll
0x00007ff98ce90000 - 0x00007ff98cea0000 	C:\Program Files\Java\jdk-17.0.4.1\bin\verify.dll
0x00007ff9dbd40000 - 0x00007ff9dbd47000 	C:\WINDOWS\system32\wshunix.dll
0x00000000577b0000 - 0x00000000577d6000 	C:\Program Files\Bonjour\mdnsNSP.dll
0x00007ff9db7a0000 - 0x00007ff9db7aa000 	C:\Windows\System32\rasadhlp.dll
0x00007ff9e1a10000 - 0x00007ff9e1a90000 	C:\WINDOWS\System32\fwpuclnt.dll

dbghelp: loaded successfully - version: 4.0.5 - missing functions: none
symbol engine: initialized successfully - sym options: 0x614 - pdb path: (cannot be retrieved)

VM Arguments:
jvm_args: -Dfile.encoding=windows-1252 -Duser.country=GB -Duser.language=en -Duser.variant 
java_command: ee.krerte.aiinterview.AiInterviewBackendApplication -Dspring.profiles.active=dev
java_class_path (initial): C:\Users\Badboy\Downloads\viimane-seis\ai-interview-fullstack-gradle-today\backend\build\classes\java\main;C:\Users\Badboy\Downloads\viimane-seis\ai-interview-fullstack-gradle-today\backend\build\resources\main;C:\Users\Badboy\.gradle\caches\modules-2\files-2.1\org.springframework.boot\spring-boot-starter-web\3.3.4\b43a9fd107611337777b47dc7518e2aca59e58eb\spring-boot-starter-web-3.3.4.jar;C:\Users\Badboy\.gradle\caches\modules-2\files-2.1\org.springframework.boot\spring-boot-starter-validation\3.3.4\cd5e06f484dc2825a8d9704a2093a72587af2b58\spring-boot-starter-validation-3.3.4.jar;C:\Users\Badboy\.gradle\caches\modules-2\files-2.1\io.jsonwebtoken\jjwt-jackson\0.11.5\3b83a06809e98a69402d7333dcf67df6f6ea4579\jjwt-jackson-0.11.5.jar;C:\Users\Badboy\.gradle\caches\modules-2\files-2.1\org.springframework.boot\spring-boot-starter-json\3.3.4\816ab4ccd364350e3d0b5c1d53c2e5302a49eae6\spring-boot-starter-json-3.3.4.jar;C:\Users\Badboy\.gradle\caches\modules-2\files-2.1\com.fasterxml.jackson.datatype\jackson-datatype-jsr310\2.17.2\267b85e9ba2892a37be6d80aa9ca1438a0d8c210\jackson-datatype-jsr310-2.17.2.jar;C:\Users\Badboy\.gradle\caches\modules-2\files-2.1\com.fasterxml.jackson.core\jackson-annotations\2.17.2\147b7b9412ffff24339f8aba080b292448e08698\jackson-annotations-2.17.2.jar;C:\Users\Badboy\.gradle\caches\modules-2\files-2.1\com.fasterxml.jackson.datatype\jackson-datatype-jdk8\2.17.2\efd3dd0e1d0db8bc72abbe71c15e697bb83b4b45\jackson-datatype-jdk8-2.17.2.jar;C:\Users\Badboy\.gradle\caches\modules-2\files-2.1\com.fasterxml.jackson.module\jackson-module-parameter-names\2.17.2\d27b9f95ccce98984c1ba58d61c5a9c072b1ad95\jackson-module-parameter-names-2.17.2.jar;C:\Users\Badboy\.gradle\caches\modules-2\files-2.1\com.fasterxml.jackson.core\jackson-core\2.17.2\969a35cb35c86512acbadcdbbbfb044c877db814\jackson-core-2.17.2.jar;C:\Users\Badboy\.gradle\caches\modules-2\files-2.1\com.fasterxml.jackson.core\jackson-databind\2.17.2\e6deb029e5901e027c129341fac39e51
Launcher Type: SUN_STANDARD

[Global flags]

[error occurred during error reporting (printing flags), id 0xe0000001, Out of Memory Error (s\open\src\hotspot\share\memory\allocation.cpp:44)]

Logging:
Log output configuration:
 #0: stdout all=warning uptime,level,tags
 #1: stderr all=off uptime,level,tags

Environment Variables:
JAVA_HOME=C:\Users\Badboy\.jdks\corretto-17.0.3
PATH=C:\Program Files\Eclipse Adoptium\jdk-21.0.9.10-hotspot\bin;C:\Program Files (x86)\Common Files\Oracle\Java\java8path;C:\Program Files (x86)\Common Files\Oracle\Java\javapath;C:\Python312\Scripts\;C:\Python312\;C:\Windows\system32;C:\Windows;C:\Windows\System32\Wbem;C:\Windows\System32\WindowsPowerShell\v1.0\;C:\Windows\System32\OpenSSH\;C:\Program Files (x86)\NVIDIA Corporation\PhysX\Common;C:\Program Files\Git\cmd;C:\WINDOWS\system32;C:\WINDOWS;C:\WINDOWS\System32\Wbem;C:\WINDOWS\System32\WindowsPowerShell\v1.0\;C:\WINDOWS\System32\OpenSSH\;C:\Program Files (x86)\IDEMIA\AWP\Dlls;C:\Program Files\IDEMIA\AWP\Dlls;C:\Users\Badboy\AppData\Local\Programs\Python\Python39;C:\Users\Badboy\apache-maven-3.8.6\bin;C:\Users\Badboy\.jdks\corretto-17.0.3\bin;C:\ProgramData\chocolatey\bin;C:\Program Files\Calibre2\;C:\Program Files\Rancher Desktop\resources\resources\win32\bin\;C:\Program Files\Rancher Desktop\resources\resources\linux\bin\;C:\Program Files\nodejs\;C:\Program Files\cursor\resources\app\bin;C:\Program Files\Eclipse Adoptium\jdk-21.0.9.10-hotspot\bin;C:\Program Files (x86)\Common Files\Oracle\Java\java8path;C:\Program Files (x86)\Common Files\Oracle\Java\javapath;C:\Python312\Scripts\;C:\Python312\;C:\Windows\system32;C:\Windows;C:\Windows\System32\Wbem;C:\Windows\System32\WindowsPowerShell\v1.0\;C:\Windows\System32\OpenSSH\;C:\Program Files (x86)\NVIDIA Corporation\PhysX\Common;C:\Program Files\Git\cmd;C:\WINDOWS\system32;C:\WINDOWS;C:\WINDOWS\System32\Wbem;C:\WINDOWS\System32\WindowsPowerShell\v1.0\;C:\WINDOWS\System32\OpenSSH\;C:\Program Files (x86)\IDEMIA\AWP\Dlls;C:\Program Files\IDEMIA\AWP\Dlls;C:\Users\Badboy\AppData\Local\Programs\Python\Python39;C:\Users\Badboy\apache-maven-3.8.6\bin;C:\Users\Badboy\.jdks\corretto-17.0.3\bin;C:\ProgramData\chocolatey\bin;C:\Program Files\Calibre2\;C:\Program Files\Rancher Desktop\resources\resources\win32\bin\;C:\Program Files\Rancher Desktop\resources\resources\linux\bin\;C:\Program Files\nodejs\;C:\Program Files\curso
USERNAME=Badboy
OS=Windows_NT
PROCESSOR_IDENTIFIER=AMD64 Family 23 Model 113 Stepping 0, AuthenticAMD



---------------  S Y S T E M  ---------------

OS:
 Windows 10 , 64 bit Build 19041 (10.0.19041.5915)
OS uptime: 0 days 7:06 hours
Hyper-V role detected

CPU: total 12 (initial active 12) (12 cores per cpu, 2 threads per core) family 23 model 113 stepping 0 microcode 0x0, cx8, cmov, fxsr, ht, mmx, 3dnowpref, sse, sse2, sse3, ssse3, sse4a, sse4.1, sse4.2, popcnt, lzcnt, tsc, tscinvbit, avx, avx2, aes, clmul, bmi1, bmi2, adx, sha, fma, vzeroupper, clflush, clflushopt, hv

Memory: 4k page, system-wide physical 16333M (10709M free)
TotalPageFile size 65485M (AvailPageFile size 0M)
current process WorkingSet (physical memory assigned to process): 59M, peak: 308M
current process commit charge ("private bytes"): 290M, peak: 407M

vm_info: Java HotSpot(TM) 64-Bit Server VM (17.0.4.1+1-LTS-2) for windows-amd64 JRE (17.0.4.1+1-LTS-2), built on Aug 16 2022 18:32:06 by "mach5one" with MS VC++ 16.8 / 16.9 (VS2019)

END.
